#Build: Fabric Compiler 2020.3-Lite, Build 71107, Mar 15 17:59 2021
#Install: D:\PDS_2020.3-Lite\bin
#Application name: pds.exe
#OS: Windows 10 10.0.22621
#Hostname: odincomputer
Generated by Fabric Compiler (version 2020.3-Lite build 71107) at Mon Nov  7 16:35:47 2022
Compiling architecture definition.


Process "Report Power" started.
Current time: Mon Nov  7 16:42:44 2022
Compiling architecture definition.
Executing command action 'cmd_report_power'
Compiling verification operator library.
Compiling common defs.
Compiling prim grid devices.
Compiling gate devices.
Compiling gate operators.
Building architecture model.
Loading device packaging model 'MBG324'.
Reading design from pnr DB.
Start: Report Power
Report Power...
Report Power successfully.
Action report_power: Real time elapsed is 42.000 sec
Action report_power: CPU time elapsed is 17.563 sec
Current time: Mon Nov  7 16:43:26 2022
Action report_power: Peak memory pool usage is 451,198,976 bytes
Process "Report Power" done.


Process "Generate Netlist" started.
Current time: Mon Nov  7 16:45:45 2022
Compiling architecture definition.
Compiling verification operator library.
Compiling common defs.
Compiling prim grid devices.
Compiling gate devices.
Compiling gate operators.
Building architecture model.
Loading device packaging model 'MBG324'.
Reading design from DB.
Start Generate Netlist.
NOTE: The technology fpga was specified.
NOTE: delay_model specified was generic_cmos.
NOTE: Using the fpga syntax tables...
Totals:
 Calls to malloc = 0
 Calls to calloc = 511293

Generate Netlist is finished successfully.
Action gen_netlist: Real time elapsed is 46.000 sec
Action gen_netlist: CPU time elapsed is 17.766 sec
Current time: Mon Nov  7 16:46:32 2022
Action gen_netlist: Peak memory pool usage is 659,238,912 bytes
Process "Generate Netlist" done.
