#Build: Fabric Compiler 2020.3-Lite, Build 71107, Mar 15 17:59 2021
#Install: D:\PDS_2020.3-Lite\bin
#Application name: pds.exe
#OS: Windows 10 10.0.22621
#Hostname: odincomputer
Generated by Fabric Compiler (version 2020.3-Lite build 71107) at Sat Nov  5 11:06:53 2022
Compiling architecture definition.
Compiling architecture definition.
Analyzing project file 'D:/panguprj/tinydram/tinydram.pds'.
Compiling verification operator library.
Loading technology operator library.
Compiling technology operator library.
Compiling technology operator (valence) library.
Reading design from translate DB.
Saving design to DB.
Compiling verification operator library.
Compiling common defs.
Compiling technology operator (valence) library.
Compiling prim grid devices.
Compiling prim grid device symbols.
Compiling gate devices.
Compiling gate operators.
Compiling tech operator impls.
Building architecture model.
Loading device packaging model 'MBG324'.
Building architecture floorplan logic view.
Building architecture floorplan schematic view.
Executing : define_attribute n:jtag_TCK PAP_CLOCK_DEDICATED_ROUTE FALSE
Executing : define_attribute n:jtag_TCK PAP_CLOCK_DEDICATED_ROUTE FALSE successfully.
Executing : get_ports clk
Executing : get_ports clk successfully.
Executing : create_clock -name sys_clk [get_ports clk] -period 20.000 -waveform {0.000 10.000} -add
Executing : create_clock -name sys_clk [get_ports clk] -period 20.000 -waveform {0.000 10.000} -add successfully.
Open UCE successfully.
