#Build: Fabric Compiler 2020.3-Lite, Build 71107, Mar 15 18:01 2021
#Install: D:\PDS_2020.3-Lite\bin
#Application name: pds_shell.exe
#OS: Windows 10 10.0.22621
#Hostname: odincomputer
Generated by Fabric Compiler (version 2020.3-Lite build 71107) at Wed Nov  9 22:51:08 2022
Compiling verification operator library.
Compiling common defs.
Compiling prim grid devices.
Compiling gate devices.
Compiling gate operators.
Building architecture model.
Loading device packaging model 'MBG324'.
Reading design from DB.
Start Generating Programming File...
Reading design from DB takes 3.906250 sec.
Generating architecture configuration.
The bitstream file is "D:/panguprj/tinydram/generate_bitstream/tinyriscv_soc_top.sbit"
Generate programming file takes 40.203125 sec.
Generating Programming File done.
Action gen_bit_stream: Real time elapsed is 76.000 sec
Action gen_bit_stream: CPU time elapsed is 44.891 sec
Current time: Wed Nov  9 22:52:22 2022
Action gen_bit_stream: Peak memory pool usage is 420,057,088 bytes
