#Build: Fabric Compiler 2020.3-Lite, Build 71107, Mar 15 18:01 2021
#Install: D:\PDS_2020.3-Lite\bin
#Application name: pds_shell.exe
#OS: Windows 10 10.0.22621
#Hostname: odincomputer
Generated by Fabric Compiler (version 2020.3-Lite build 71107) at Wed Nov  9 22:32:25 2022
Compiling verification operator library.
Compiling common defs.
Compiling prim grid devices.
Compiling gate devices.
Compiling gate operators.
Building architecture model.
Loading device packaging model 'MBG324'.
Reading design from DB.
Start Generating Programming File...
Reading design from DB takes 4.515625 sec.
Generating architecture configuration.
The bitstream file is "D:/panguprj/tinydram/generate_bitstream/top.sbit"
Generate programming file takes 41.875000 sec.
Generating Programming File done.
Action gen_bit_stream: Real time elapsed is 78.000 sec
Action gen_bit_stream: CPU time elapsed is 46.375 sec
Current time: Wed Nov  9 22:33:41 2022
Action gen_bit_stream: Peak memory pool usage is 426,934,272 bytes
