#Build: Fabric Compiler 2020.3-Lite, Build 71107, Mar 15 18:01 2021
#Install: D:\PDS_2020.3-Lite\bin
#Application name: pds_shell.exe
#OS: Windows 10 10.0.22621
#Hostname: odincomputer
Generated by Fabric Compiler (version 2020.3-Lite build 71107) at Sun Oct 30 22:03:07 2022
Compiling verification operator library.
Compiling common defs.
Compiling prim grid devices.
Compiling gate devices.
Compiling gate operators.
Building architecture model.
Loading device packaging model 'MBG324'.
Reading design from DB.
Start Generating Programming File...
Reading design from DB takes 3.593750 sec.
Generating architecture configuration.
The bitstream file is "D:/panguprj/tinydram/generate_bitstream/tinyriscv_soc_top.sbit"
Generate programming file takes 43.140625 sec.
Generating Programming File done.
Action gen_bit_stream: Real time elapsed is 95.000 sec
Action gen_bit_stream: CPU time elapsed is 45.938 sec
Current time: Sun Oct 30 22:04:39 2022
Action gen_bit_stream: Peak memory pool usage is 427,970,560 bytes
