#Build: Fabric Compiler 2020.3-Lite, Build 71107, Mar 15 18:01 2021
#Install: D:\PDS_2020.3-Lite\bin
#Application name: pds_shell.exe
#OS: Windows 10 10.0.22621
#Hostname: odincomputer
Generated by Fabric Compiler (version 2020.3-Lite build 71107) at Mon Oct 31 13:34:59 2022
Compiling verification operator library.
Compiling common defs.
Compiling prim grid devices.
Compiling gate devices.
Compiling gate operators.
Building architecture model.
Loading device packaging model 'MBG324'.
Reading design from DB.
Start Generating Programming File...
Reading design from DB takes 3.218750 sec.
Generating architecture configuration.
The bitstream file is "D:/panguprj/tinydram/generate_bitstream/tinyriscv_soc_top.sbit"
Generate programming file takes 32.359375 sec.
Generating Programming File done.
Action gen_bit_stream: Real time elapsed is 81.000 sec
Action gen_bit_stream: CPU time elapsed is 35.547 sec
Current time: Mon Oct 31 13:36:17 2022
Action gen_bit_stream: Peak memory pool usage is 422,092,800 bytes
