#Build: Fabric Compiler 2020.3-Lite, Build 71107, Mar 15 18:01 2021
#Install: D:\PDS_2020.3-Lite\bin
#Application name: pds_shell.exe
#OS: Windows 10 10.0.22621
#Hostname: odincomputer
Generated by Fabric Compiler (version 2020.3-Lite build 71107) at Mon Oct 31 13:07:01 2022
Compiling verification operator library.
Compiling common defs.
Compiling prim grid devices.
Compiling gate devices.
Compiling gate operators.
Building architecture model.
Loading device packaging model 'MBG324'.
I: Parameter configuration file D:/panguprj/tinydram/testparam.txt cannot open.
Starting placement and routing flow. (CPU time elapsed 0h:00m:00s)
Reading design from devmap DB.
Building architecture floorplan logic view.
Executing : apply_constraint -f D:/panguprj/tinydram/device_map/tinyriscv_soc_top.pcf
Executing : def_port {gpio[0]} -LOC P18 -IOSTANDARD LVCMOS33 -VCCIO 3.3 -DRIVE 4 -SLEW SLOW
Executing : def_port {gpio[0]} -LOC P18 -IOSTANDARD LVCMOS33 -VCCIO 3.3 -DRIVE 4 -SLEW SLOW successfully.
Executing : def_port {gpio[1]} -LOC R17 -IOSTANDARD LVCMOS33 -VCCIO 3.3 -DRIVE 4 -SLEW SLOW
Executing : def_port {gpio[1]} -LOC R17 -IOSTANDARD LVCMOS33 -VCCIO 3.3 -DRIVE 4 -SLEW SLOW successfully.
Executing : def_port halted_ind -LOC U10 -IOSTANDARD LVCMOS33 -VCCIO 3.3 -DRIVE 4 -SLEW SLOW
Executing : def_port halted_ind -LOC U10 -IOSTANDARD LVCMOS33 -VCCIO 3.3 -DRIVE 4 -SLEW SLOW successfully.
Executing : def_port jtag_TDO -LOC V16 -IOSTANDARD LVCMOS33 -VCCIO 3.3 -DRIVE 4 -SLEW SLOW
Executing : def_port jtag_TDO -LOC V16 -IOSTANDARD LVCMOS33 -VCCIO 3.3 -DRIVE 4 -SLEW SLOW successfully.
Executing : def_port uart_tx_pin -LOC R18 -IOSTANDARD LVCMOS33 -VCCIO 3.3 -DRIVE 4 -SLEW SLOW
Executing : def_port uart_tx_pin -LOC R18 -IOSTANDARD LVCMOS33 -VCCIO 3.3 -DRIVE 4 -SLEW SLOW successfully.
Executing : def_port clk -LOC B5 -IOSTANDARD LVTTL33 -VCCIO 3.3
Executing : def_port clk -LOC B5 -IOSTANDARD LVTTL33 -VCCIO 3.3 successfully.
Executing : def_port jtag_TCK -LOC V17 -IOSTANDARD LVTTL33 -VCCIO 3.3
Executing : def_port jtag_TCK -LOC V17 -IOSTANDARD LVTTL33 -VCCIO 3.3 successfully.
Executing : def_port jtag_TDI -LOC V18 -IOSTANDARD LVTTL33 -VCCIO 3.3
Executing : def_port jtag_TDI -LOC V18 -IOSTANDARD LVTTL33 -VCCIO 3.3 successfully.
Executing : def_port jtag_TMS -LOC T18 -IOSTANDARD LVTTL33 -VCCIO 3.3
Executing : def_port jtag_TMS -LOC T18 -IOSTANDARD LVTTL33 -VCCIO 3.3 successfully.
Executing : def_port rst_ext_i -LOC U12 -IOSTANDARD LVTTL33 -VCCIO 3.3
Executing : def_port rst_ext_i -LOC U12 -IOSTANDARD LVTTL33 -VCCIO 3.3 successfully.
Executing : def_port uart_rx_pin -LOC N14 -IOSTANDARD LVTTL33 -VCCIO 3.3
Executing : def_port uart_rx_pin -LOC N14 -IOSTANDARD LVTTL33 -VCCIO 3.3 successfully.
Executing : apply_constraint -f D:/panguprj/tinydram/device_map/tinyriscv_soc_top.pcf successfully.

Placement started.
Mapping instance clkbufg_1/gopclkbufg to USCM_74_104.
C: Place-2028: GLOBAL_CLOCK: the driver jtag_TCK_ibuf/opit_1 fixed at IOL_151_81 is unreasonable. Sub-optimal placement for a clock source and a clock buffer.
Mapping instance clkbufg_0/gopclkbufg to USCM_74_133.
Pre global placement takes 14.31 sec.
Run super clustering :
	Initial slack -16959.
	8 iterations finished.
	Final slack -7809.
Super clustering done.
Design Utilization : 28%.
Global placement takes 10.66 sec.
Wirelength after global placement is 78698.
Placed fixed group with base inst clk_ibuf/opit_1 on IOL_7_298.
Placed fixed instance clkbufg_0/gopclkbufg on USCM_74_133.
Placed fixed instance clkbufg_1/gopclkbufg on USCM_74_104.
Placed fixed group with base inst gpio_tri[0]/opit_1 on IOL_151_45.
Placed fixed group with base inst gpio_tri[1]/opit_1 on IOL_151_50.
Placed fixed group with base inst halted_ind_obuf/opit_1 on IOL_151_114.
Placed fixed group with base inst jtag_TCK_ibuf/opit_1 on IOL_151_81.
Placed fixed group with base inst jtag_TDI_ibuf/opit_1 on IOL_151_82.
Placed fixed group with base inst jtag_TDO_obuf/opit_1 on IOL_151_22.
Placed fixed group with base inst jtag_TMS_ibuf/opit_1 on IOL_151_74.
Placed fixed group with base inst rst_ext_i_ibuf/opit_1 on IOL_151_106.
Placed fixed group with base inst uart_rx_pin_ibuf/opit_1 on IOL_151_5.
Placed fixed group with base inst uart_tx_pin_obuf/opit_1 on IOL_151_49.
Placed fixed instance BKCL_auto_0 on BKCL_2_268.
Placed fixed instance BKCL_auto_1 on BKCL_154_20.
Wirelength after Macro cell placement is 90069.
Macro cell placement takes 0.16 sec.
Run super clustering :
	Initial slack -16959.
	8 iterations finished.
	Final slack -7809.
Super clustering done.
Design Utilization : 28%.
Wirelength after post global placement is 78702.
Post global placement takes 7.59 sec.
Wirelength after legalization is 83715.
Legalization takes 0.83 sec.
Worst slack before Replication Place is -1673.
Wirelength after replication placement is 83715.
Legalized cost -1673.000000.
The detailed placement ends at 20th iteration.
Wirelength after detailed placement is 88932.
Timing-driven detailed placement takes 24.88 sec.
Placement done.
Total placement takes 59.72 sec.
Finished placement. (CPU time elapsed 0h:01m:01s)

Routing started.
Building routing graph takes 1.33 sec.
Worst slack is 2972.
Processing design graph takes 0.78 sec.
Total memory for routing:
	50.943851 M.
Total nets for routing : 7606.
Rcf routing step 1 processed 0 nets, it takes 0.00 sec.
Rcf routing step 2 processed 0 nets, it takes 0.00 sec.
Rcf routing step 3 processed 0 nets, it takes 0.00 sec.
Unrouted nets 0 at the end of iteration 0.
Global Routing step 1 processed 207 nets, it takes 0.02 sec.
Unrouted nets 176 at the end of iteration 0.
Unrouted nets 154 at the end of iteration 1.
Unrouted nets 124 at the end of iteration 2.
Unrouted nets 110 at the end of iteration 3.
Unrouted nets 89 at the end of iteration 4.
Unrouted nets 70 at the end of iteration 5.
Unrouted nets 53 at the end of iteration 6.
Unrouted nets 45 at the end of iteration 7.
Unrouted nets 46 at the end of iteration 8.
Unrouted nets 36 at the end of iteration 9.
Unrouted nets 34 at the end of iteration 10.
Unrouted nets 24 at the end of iteration 11.
Unrouted nets 21 at the end of iteration 12.
Unrouted nets 15 at the end of iteration 13.
Unrouted nets 14 at the end of iteration 14.
Unrouted nets 9 at the end of iteration 15.
Unrouted nets 7 at the end of iteration 16.
Unrouted nets 8 at the end of iteration 17.
Unrouted nets 7 at the end of iteration 18.
Unrouted nets 5 at the end of iteration 19.
Unrouted nets 3 at the end of iteration 20.
Unrouted nets 3 at the end of iteration 21.
Unrouted nets 1 at the end of iteration 22.
Unrouted nets 1 at the end of iteration 23.
Unrouted nets 1 at the end of iteration 24.
Unrouted nets 1 at the end of iteration 25.
Unrouted nets 1 at the end of iteration 26.
Unrouted nets 1 at the end of iteration 27.
Unrouted nets 1 at the end of iteration 28.
Unrouted nets 1 at the end of iteration 29.
Unrouted nets 1 at the end of iteration 30.
Unrouted nets 1 at the end of iteration 31.
Unrouted nets 1 at the end of iteration 32.
Unrouted nets 1 at the end of iteration 33.
Unrouted nets 1 at the end of iteration 34.
Unrouted nets 1 at the end of iteration 35.
Unrouted nets 1 at the end of iteration 36.
Unrouted nets 1 at the end of iteration 37.
Unrouted nets 1 at the end of iteration 38.
Unrouted nets 2 at the end of iteration 39.
Unrouted nets 2 at the end of iteration 40.
Unrouted nets 0 at the end of iteration 41.
Global Routing step 2 processed 356 nets, it takes 2.06 sec.
Unrouted nets 201 at the end of iteration 0.
Unrouted nets 150 at the end of iteration 1.
Unrouted nets 119 at the end of iteration 2.
Unrouted nets 88 at the end of iteration 3.
Unrouted nets 70 at the end of iteration 4.
Unrouted nets 57 at the end of iteration 5.
Unrouted nets 34 at the end of iteration 6.
Unrouted nets 31 at the end of iteration 7.
Unrouted nets 24 at the end of iteration 8.
Unrouted nets 15 at the end of iteration 9.
Unrouted nets 12 at the end of iteration 10.
Unrouted nets 8 at the end of iteration 11.
Unrouted nets 5 at the end of iteration 12.
Unrouted nets 4 at the end of iteration 13.
Unrouted nets 2 at the end of iteration 14.
Unrouted nets 0 at the end of iteration 15.
Global Routing step 3 processed 299 nets, it takes 4.53 sec.
Global routing takes 6.61 sec.
Total 10226 subnets.
    forward max bucket size 23198 , backward 383.
        Unrouted nets 7850 at the end of iteration 0.
    route iteration 0, CPU time elapsed 1.765625 sec.
    forward max bucket size 24931 , backward 595.
        Unrouted nets 7055 at the end of iteration 1.
    route iteration 1, CPU time elapsed 2.937500 sec.
    forward max bucket size 26265 , backward 984.
        Unrouted nets 6301 at the end of iteration 2.
    route iteration 2, CPU time elapsed 2.687500 sec.
    forward max bucket size 27131 , backward 1237.
        Unrouted nets 5785 at the end of iteration 3.
    route iteration 3, CPU time elapsed 2.671875 sec.
    forward max bucket size 27522 , backward 882.
        Unrouted nets 5333 at the end of iteration 4.
    route iteration 4, CPU time elapsed 3.625000 sec.
    forward max bucket size 27675 , backward 705.
        Unrouted nets 4819 at the end of iteration 5.
    route iteration 5, CPU time elapsed 4.437500 sec.
    forward max bucket size 1003 , backward 999.
        Unrouted nets 4664 at the end of iteration 6.
    route iteration 6, CPU time elapsed 3.421875 sec.
    forward max bucket size 919 , backward 835.
        Unrouted nets 4157 at the end of iteration 7.
    route iteration 7, CPU time elapsed 2.265625 sec.
    forward max bucket size 867 , backward 1754.
        Unrouted nets 3762 at the end of iteration 8.
    route iteration 8, CPU time elapsed 2.328125 sec.
    forward max bucket size 829 , backward 1170.
        Unrouted nets 3422 at the end of iteration 9.
    route iteration 9, CPU time elapsed 2.015625 sec.
    forward max bucket size 760 , backward 1120.
        Unrouted nets 3141 at the end of iteration 10.
    route iteration 10, CPU time elapsed 1.796875 sec.
    forward max bucket size 744 , backward 1018.
        Unrouted nets 2804 at the end of iteration 11.
    route iteration 11, CPU time elapsed 1.750000 sec.
    forward max bucket size 693 , backward 760.
        Unrouted nets 2543 at the end of iteration 12.
    route iteration 12, CPU time elapsed 1.171875 sec.
    forward max bucket size 650 , backward 1482.
        Unrouted nets 2349 at the end of iteration 13.
    route iteration 13, CPU time elapsed 1.281250 sec.
    forward max bucket size 594 , backward 1375.
        Unrouted nets 2087 at the end of iteration 14.
    route iteration 14, CPU time elapsed 1.328125 sec.
    forward max bucket size 600 , backward 1070.
        Unrouted nets 1851 at the end of iteration 15.
    route iteration 15, CPU time elapsed 1.468750 sec.
    forward max bucket size 715 , backward 602.
        Unrouted nets 1704 at the end of iteration 16.
    route iteration 16, CPU time elapsed 1.093750 sec.
    forward max bucket size 439 , backward 888.
        Unrouted nets 1560 at the end of iteration 17.
    route iteration 17, CPU time elapsed 0.812500 sec.
    forward max bucket size 583 , backward 1234.
        Unrouted nets 1434 at the end of iteration 18.
    route iteration 18, CPU time elapsed 0.875000 sec.
    forward max bucket size 972 , backward 1112.
        Unrouted nets 1341 at the end of iteration 19.
    route iteration 19, CPU time elapsed 1.343750 sec.
    forward max bucket size 833 , backward 1362.
        Unrouted nets 1197 at the end of iteration 20.
    route iteration 20, CPU time elapsed 0.562500 sec.
    forward max bucket size 650 , backward 801.
        Unrouted nets 1114 at the end of iteration 21.
    route iteration 21, CPU time elapsed 0.890625 sec.
    forward max bucket size 472 , backward 940.
        Unrouted nets 1091 at the end of iteration 22.
    route iteration 22, CPU time elapsed 1.015625 sec.
    forward max bucket size 573 , backward 1170.
        Unrouted nets 1023 at the end of iteration 23.
    route iteration 23, CPU time elapsed 0.546875 sec.
    forward max bucket size 1003 , backward 837.
        Unrouted nets 899 at the end of iteration 24.
    route iteration 24, CPU time elapsed 0.921875 sec.
    forward max bucket size 984 , backward 1142.
        Unrouted nets 889 at the end of iteration 25.
    route iteration 25, CPU time elapsed 0.375000 sec.
    forward max bucket size 841 , backward 667.
        Unrouted nets 806 at the end of iteration 26.
    route iteration 26, CPU time elapsed 0.593750 sec.
    forward max bucket size 925 , backward 554.
        Unrouted nets 793 at the end of iteration 27.
    route iteration 27, CPU time elapsed 0.468750 sec.
    forward max bucket size 502 , backward 1005.
        Unrouted nets 742 at the end of iteration 28.
    route iteration 28, CPU time elapsed 0.500000 sec.
    forward max bucket size 519 , backward 681.
        Unrouted nets 642 at the end of iteration 29.
    route iteration 29, CPU time elapsed 0.625000 sec.
    forward max bucket size 450 , backward 518.
        Unrouted nets 637 at the end of iteration 30.
    route iteration 30, CPU time elapsed 0.484375 sec.
    forward max bucket size 367 , backward 449.
        Unrouted nets 568 at the end of iteration 31.
    route iteration 31, CPU time elapsed 0.531250 sec.
    forward max bucket size 560 , backward 479.
        Unrouted nets 570 at the end of iteration 32.
    route iteration 32, CPU time elapsed 0.500000 sec.
    forward max bucket size 696 , backward 588.
        Unrouted nets 508 at the end of iteration 33.
    route iteration 33, CPU time elapsed 0.343750 sec.
    forward max bucket size 619 , backward 585.
        Unrouted nets 480 at the end of iteration 34.
    route iteration 34, CPU time elapsed 0.343750 sec.
    forward max bucket size 354 , backward 298.
        Unrouted nets 454 at the end of iteration 35.
    route iteration 35, CPU time elapsed 0.312500 sec.
    forward max bucket size 662 , backward 979.
        Unrouted nets 447 at the end of iteration 36.
    route iteration 36, CPU time elapsed 0.281250 sec.
    forward max bucket size 384 , backward 531.
        Unrouted nets 417 at the end of iteration 37.
    route iteration 37, CPU time elapsed 0.312500 sec.
    forward max bucket size 373 , backward 425.
        Unrouted nets 367 at the end of iteration 38.
    route iteration 38, CPU time elapsed 0.187500 sec.
    forward max bucket size 641 , backward 329.
        Unrouted nets 326 at the end of iteration 39.
    route iteration 39, CPU time elapsed 0.250000 sec.
    forward max bucket size 597 , backward 396.
        Unrouted nets 338 at the end of iteration 40.
    route iteration 40, CPU time elapsed 0.343750 sec.
    forward max bucket size 564 , backward 360.
        Unrouted nets 329 at the end of iteration 41.
    route iteration 41, CPU time elapsed 0.234375 sec.
    forward max bucket size 449 , backward 341.
        Unrouted nets 297 at the end of iteration 42.
    route iteration 42, CPU time elapsed 0.093750 sec.
    forward max bucket size 421 , backward 463.
        Unrouted nets 284 at the end of iteration 43.
    route iteration 43, CPU time elapsed 0.203125 sec.
    forward max bucket size 322 , backward 693.
        Unrouted nets 270 at the end of iteration 44.
    route iteration 44, CPU time elapsed 0.062500 sec.
    forward max bucket size 34678 , backward 325.
        Unrouted nets 241 at the end of iteration 45.
    route iteration 45, CPU time elapsed 1.031250 sec.
    forward max bucket size 246 , backward 604.
        Unrouted nets 247 at the end of iteration 46.
    route iteration 46, CPU time elapsed 0.187500 sec.
    forward max bucket size 607 , backward 371.
        Unrouted nets 255 at the end of iteration 47.
    route iteration 47, CPU time elapsed 0.203125 sec.
    forward max bucket size 475 , backward 398.
        Unrouted nets 238 at the end of iteration 48.
    route iteration 48, CPU time elapsed 0.187500 sec.
    forward max bucket size 587 , backward 459.
        Unrouted nets 222 at the end of iteration 49.
    route iteration 49, CPU time elapsed 0.250000 sec.
    forward max bucket size 519 , backward 411.
        Unrouted nets 198 at the end of iteration 50.
    route iteration 50, CPU time elapsed 0.093750 sec.
    forward max bucket size 571 , backward 487.
        Unrouted nets 207 at the end of iteration 51.
    route iteration 51, CPU time elapsed 0.125000 sec.
    forward max bucket size 511 , backward 512.
        Unrouted nets 183 at the end of iteration 52.
    route iteration 52, CPU time elapsed 0.046875 sec.
    forward max bucket size 828 , backward 615.
        Unrouted nets 174 at the end of iteration 53.
    route iteration 53, CPU time elapsed 0.156250 sec.
    forward max bucket size 1019 , backward 726.
        Unrouted nets 166 at the end of iteration 54.
    route iteration 54, CPU time elapsed 0.109375 sec.
    forward max bucket size 371 , backward 371.
        Unrouted nets 159 at the end of iteration 55.
    route iteration 55, CPU time elapsed 0.109375 sec.
    forward max bucket size 356 , backward 544.
        Unrouted nets 129 at the end of iteration 56.
    route iteration 56, CPU time elapsed 0.171875 sec.
    forward max bucket size 301 , backward 308.
        Unrouted nets 148 at the end of iteration 57.
    route iteration 57, CPU time elapsed 0.109375 sec.
    forward max bucket size 34691 , backward 277.
        Unrouted nets 149 at the end of iteration 58.
    route iteration 58, CPU time elapsed 0.906250 sec.
    forward max bucket size 34826 , backward 295.
        Unrouted nets 145 at the end of iteration 59.
    route iteration 59, CPU time elapsed 0.843750 sec.
    forward max bucket size 152 , backward 560.
        Unrouted nets 120 at the end of iteration 60.
    route iteration 60, CPU time elapsed 0.109375 sec.
    forward max bucket size 257 , backward 546.
        Unrouted nets 111 at the end of iteration 61.
    route iteration 61, CPU time elapsed 0.156250 sec.
    forward max bucket size 162 , backward 330.
        Unrouted nets 114 at the end of iteration 62.
    route iteration 62, CPU time elapsed 0.062500 sec.
    forward max bucket size 400 , backward 415.
        Unrouted nets 121 at the end of iteration 63.
    route iteration 63, CPU time elapsed 0.140625 sec.
    forward max bucket size 176 , backward 582.
        Unrouted nets 98 at the end of iteration 64.
    route iteration 64, CPU time elapsed 0.062500 sec.
    forward max bucket size 126 , backward 212.
        Unrouted nets 91 at the end of iteration 65.
    route iteration 65, CPU time elapsed 0.125000 sec.
    forward max bucket size 242 , backward 468.
        Unrouted nets 92 at the end of iteration 66.
    route iteration 66, CPU time elapsed 0.093750 sec.
    forward max bucket size 167 , backward 86.
        Unrouted nets 84 at the end of iteration 67.
    route iteration 67, CPU time elapsed 0.093750 sec.
    forward max bucket size 178 , backward 204.
        Unrouted nets 71 at the end of iteration 68.
    route iteration 68, CPU time elapsed 0.093750 sec.
    forward max bucket size 366 , backward 284.
        Unrouted nets 56 at the end of iteration 69.
    route iteration 69, CPU time elapsed 0.109375 sec.
    forward max bucket size 479 , backward 325.
        Unrouted nets 52 at the end of iteration 70.
    route iteration 70, CPU time elapsed 0.062500 sec.
    forward max bucket size 64 , backward 75.
        Unrouted nets 54 at the end of iteration 71.
    route iteration 71, CPU time elapsed 0.015625 sec.
    forward max bucket size 214 , backward 288.
        Unrouted nets 43 at the end of iteration 72.
    route iteration 72, CPU time elapsed 0.093750 sec.
    forward max bucket size 266 , backward 320.
        Unrouted nets 39 at the end of iteration 73.
    route iteration 73, CPU time elapsed 0.046875 sec.
    forward max bucket size 353 , backward 132.
        Unrouted nets 48 at the end of iteration 74.
    route iteration 74, CPU time elapsed 0.078125 sec.
    forward max bucket size 202 , backward 185.
        Unrouted nets 44 at the end of iteration 75.
    route iteration 75, CPU time elapsed 0.062500 sec.
    forward max bucket size 60 , backward 331.
        Unrouted nets 49 at the end of iteration 76.
    route iteration 76, CPU time elapsed 0.046875 sec.
    forward max bucket size 118 , backward 303.
        Unrouted nets 46 at the end of iteration 77.
    route iteration 77, CPU time elapsed 0.046875 sec.
    forward max bucket size 35013 , backward 92.
        Unrouted nets 30 at the end of iteration 78.
    route iteration 78, CPU time elapsed 0.968750 sec.
    forward max bucket size 384 , backward 212.
        Unrouted nets 30 at the end of iteration 79.
    route iteration 79, CPU time elapsed 0.046875 sec.
    forward max bucket size 385 , backward 198.
        Unrouted nets 30 at the end of iteration 80.
    route iteration 80, CPU time elapsed 0.078125 sec.
    forward max bucket size 153 , backward 299.
        Unrouted nets 28 at the end of iteration 81.
    route iteration 81, CPU time elapsed 0.046875 sec.
    forward max bucket size 186 , backward 114.
        Unrouted nets 28 at the end of iteration 82.
    route iteration 82, CPU time elapsed 0.062500 sec.
    forward max bucket size 199 , backward 159.
        Unrouted nets 38 at the end of iteration 83.
    route iteration 83, CPU time elapsed 0.062500 sec.
    forward max bucket size 117 , backward 370.
        Unrouted nets 36 at the end of iteration 84.
    route iteration 84, CPU time elapsed 0.062500 sec.
    forward max bucket size 200 , backward 280.
        Unrouted nets 34 at the end of iteration 85.
    route iteration 85, CPU time elapsed 0.125000 sec.
    forward max bucket size 285 , backward 109.
        Unrouted nets 43 at the end of iteration 86.
    route iteration 86, CPU time elapsed 0.125000 sec.
    forward max bucket size 324 , backward 327.
        Unrouted nets 51 at the end of iteration 87.
    route iteration 87, CPU time elapsed 0.078125 sec.
    forward max bucket size 417 , backward 188.
        Unrouted nets 40 at the end of iteration 88.
    route iteration 88, CPU time elapsed 0.093750 sec.
    forward max bucket size 90 , backward 233.
        Unrouted nets 43 at the end of iteration 89.
    route iteration 89, CPU time elapsed 0.031250 sec.
    forward max bucket size 258 , backward 92.
        Unrouted nets 49 at the end of iteration 90.
    route iteration 90, CPU time elapsed 0.031250 sec.
    forward max bucket size 269 , backward 324.
        Unrouted nets 54 at the end of iteration 91.
    route iteration 91, CPU time elapsed 0.046875 sec.
    forward max bucket size 239 , backward 182.
        Unrouted nets 58 at the end of iteration 92.
    route iteration 92, CPU time elapsed 0.093750 sec.
    forward max bucket size 115 , backward 153.
        Unrouted nets 46 at the end of iteration 93.
    route iteration 93, CPU time elapsed 0.265625 sec.
    forward max bucket size 228 , backward 253.
        Unrouted nets 42 at the end of iteration 94.
    route iteration 94, CPU time elapsed 0.031250 sec.
    forward max bucket size 155 , backward 134.
        Unrouted nets 30 at the end of iteration 95.
    route iteration 95, CPU time elapsed 0.015625 sec.
    forward max bucket size 119 , backward 119.
        Unrouted nets 25 at the end of iteration 96.
    route iteration 96, CPU time elapsed 0.000000 sec.
    forward max bucket size 57 , backward 44.
        Unrouted nets 30 at the end of iteration 97.
    route iteration 97, CPU time elapsed 0.078125 sec.
    forward max bucket size 294 , backward 401.
        Unrouted nets 38 at the end of iteration 98.
    route iteration 98, CPU time elapsed 0.046875 sec.
    forward max bucket size 135 , backward 120.
        Unrouted nets 38 at the end of iteration 99.
    route iteration 99, CPU time elapsed 0.046875 sec.
    forward max bucket size 90 , backward 104.
        Unrouted nets 45 at the end of iteration 100.
    route iteration 100, CPU time elapsed 0.062500 sec.
    forward max bucket size 52 , backward 415.
        Unrouted nets 49 at the end of iteration 101.
    route iteration 101, CPU time elapsed 0.062500 sec.
    forward max bucket size 126 , backward 253.
        Unrouted nets 38 at the end of iteration 102.
    route iteration 102, CPU time elapsed 0.031250 sec.
    forward max bucket size 227 , backward 449.
        Unrouted nets 38 at the end of iteration 103.
    route iteration 103, CPU time elapsed 0.046875 sec.
    forward max bucket size 354 , backward 404.
        Unrouted nets 30 at the end of iteration 104.
    route iteration 104, CPU time elapsed 0.046875 sec.
    forward max bucket size 35 , backward 344.
        Unrouted nets 24 at the end of iteration 105.
    route iteration 105, CPU time elapsed 0.015625 sec.
    forward max bucket size 51 , backward 305.
        Unrouted nets 26 at the end of iteration 106.
    route iteration 106, CPU time elapsed 0.046875 sec.
    forward max bucket size 211 , backward 241.
        Unrouted nets 21 at the end of iteration 107.
    route iteration 107, CPU time elapsed 0.000000 sec.
    forward max bucket size 215 , backward 267.
        Unrouted nets 26 at the end of iteration 108.
    route iteration 108, CPU time elapsed 0.046875 sec.
    forward max bucket size 135 , backward 352.
        Unrouted nets 27 at the end of iteration 109.
    route iteration 109, CPU time elapsed 0.062500 sec.
    forward max bucket size 264 , backward 267.
        Unrouted nets 28 at the end of iteration 110.
    route iteration 110, CPU time elapsed 0.062500 sec.
    forward max bucket size 184 , backward 147.
        Unrouted nets 35 at the end of iteration 111.
    route iteration 111, CPU time elapsed 0.078125 sec.
    forward max bucket size 113 , backward 38.
        Unrouted nets 33 at the end of iteration 112.
    route iteration 112, CPU time elapsed 0.062500 sec.
    forward max bucket size 42 , backward 39.
        Unrouted nets 29 at the end of iteration 113.
    route iteration 113, CPU time elapsed 0.046875 sec.
    forward max bucket size 69 , backward 85.
        Unrouted nets 19 at the end of iteration 114.
    route iteration 114, CPU time elapsed 0.031250 sec.
    forward max bucket size 42 , backward 42.
        Unrouted nets 15 at the end of iteration 115.
    route iteration 115, CPU time elapsed 0.015625 sec.
    forward max bucket size 128 , backward 140.
        Unrouted nets 19 at the end of iteration 116.
    route iteration 116, CPU time elapsed 0.078125 sec.
    forward max bucket size 92 , backward 119.
        Unrouted nets 14 at the end of iteration 117.
    route iteration 117, CPU time elapsed 0.015625 sec.
    forward max bucket size 102 , backward 72.
        Unrouted nets 14 at the end of iteration 118.
    route iteration 118, CPU time elapsed 0.015625 sec.
    forward max bucket size 42 , backward 36.
        Unrouted nets 11 at the end of iteration 119.
    route iteration 119, CPU time elapsed 0.000000 sec.
    forward max bucket size 47 , backward 43.
        Unrouted nets 8 at the end of iteration 120.
    route iteration 120, CPU time elapsed 0.046875 sec.
    forward max bucket size 186 , backward 183.
        Unrouted nets 13 at the end of iteration 121.
    route iteration 121, CPU time elapsed 0.046875 sec.
    forward max bucket size 217 , backward 227.
        Unrouted nets 11 at the end of iteration 122.
    route iteration 122, CPU time elapsed 0.046875 sec.
    forward max bucket size 61 , backward 151.
        Unrouted nets 12 at the end of iteration 123.
    route iteration 123, CPU time elapsed 0.031250 sec.
    forward max bucket size 331 , backward 297.
        Unrouted nets 15 at the end of iteration 124.
    route iteration 124, CPU time elapsed 0.015625 sec.
    forward max bucket size 68 , backward 82.
        Unrouted nets 17 at the end of iteration 125.
    route iteration 125, CPU time elapsed 0.000000 sec.
    forward max bucket size 170 , backward 98.
        Unrouted nets 21 at the end of iteration 126.
    route iteration 126, CPU time elapsed 0.031250 sec.
    forward max bucket size 123 , backward 178.
        Unrouted nets 26 at the end of iteration 127.
    route iteration 127, CPU time elapsed 0.046875 sec.
    forward max bucket size 106 , backward 72.
        Unrouted nets 22 at the end of iteration 128.
    route iteration 128, CPU time elapsed 0.031250 sec.
    forward max bucket size 69 , backward 184.
        Unrouted nets 14 at the end of iteration 129.
    route iteration 129, CPU time elapsed 0.062500 sec.
    forward max bucket size 77 , backward 65.
        Unrouted nets 8 at the end of iteration 130.
    route iteration 130, CPU time elapsed 0.046875 sec.
    forward max bucket size 99 , backward 80.
        Unrouted nets 6 at the end of iteration 131.
    route iteration 131, CPU time elapsed 0.031250 sec.
    forward max bucket size 63 , backward 47.
        Unrouted nets 8 at the end of iteration 132.
    route iteration 132, CPU time elapsed 0.015625 sec.
    forward max bucket size 56 , backward 56.
        Unrouted nets 10 at the end of iteration 133.
    route iteration 133, CPU time elapsed 0.015625 sec.
    forward max bucket size 59 , backward 133.
        Unrouted nets 10 at the end of iteration 134.
    route iteration 134, CPU time elapsed 0.015625 sec.
    forward max bucket size 54 , backward 35.
        Unrouted nets 11 at the end of iteration 135.
    route iteration 135, CPU time elapsed 0.015625 sec.
    forward max bucket size 63 , backward 243.
        Unrouted nets 6 at the end of iteration 136.
    route iteration 136, CPU time elapsed 0.015625 sec.
    forward max bucket size 24 , backward 24.
        Unrouted nets 4 at the end of iteration 137.
    route iteration 137, CPU time elapsed 0.000000 sec.
    forward max bucket size 38 , backward 67.
        Unrouted nets 4 at the end of iteration 138.
    route iteration 138, CPU time elapsed 0.015625 sec.
    forward max bucket size 38 , backward 64.
        Unrouted nets 0 at the end of iteration 139.
    route iteration 139, CPU time elapsed 0.015625 sec.
C: Route-2036: The clock path from jtag_TCK_ibuf/opit_1:OUT to clkbufg_0/gopclkbufg:CLK is routed by SRB.
Detailed routing takes 63.44 sec.

Dispose routing result:
    Collect routing result.
    Delete unused device instances.
    Annotate routing result.
    Change LUT configuration.
    Dispose misc instances.
I: Route-6001: Insert route through in CLMA_98_133.
I: Route-6001: Insert route through in CLMA_50_201.
I: Route-6001: Insert route through in CLMA_82_160.
I: Route-6001: Insert route through in CLMA_58_180.
I: Route-6001: Insert route through in CLMA_70_145.
I: Route-6001: Insert route through in CLMA_46_140.
I: Route-6001: Insert route through in CLMS_78_117.
I: Route-6001: Insert route through in CLMS_86_165.
I: Route-6001: Insert route through in CLMA_30_45.
I: Route-6001: Insert route through in CLMS_86_169.
I: Route-6001: Insert route through in CLMA_58_173.
I: Route-6001: Insert route through in CLMA_90_125.
I: Route-6001: Insert route through in CLMA_42_168.
I: Route-6001: Insert route through in CLMS_38_9.
I: Route-6001: Insert route through in CLMA_42_265.
I: Route-6001: Insert route through in CLMA_42_264.
I: Route-6001: Insert route through in CLMA_42_264.
I: Route-6001: Insert route through in CLMA_50_265.
I: Route-6001: Insert route through in CLMS_78_117.
I: Route-6001: Insert route through in CLMS_86_169.
I: Route-6001: Insert route through in CLMS_38_113.
I: Route-6001: Insert route through in RCKB_151_185.
    Annotate routing result again.
Finish routing takes 2.16 sec.
Used srb routing arc is 110295.
Cleanup routing takes 0.08 sec.
Routing done.
Total routing takes 76.83 sec.


Device Utilization Summary :
+----------------------------------------------------------------------------+
| Logic Utilization        | Used     | Available     | Utilization(%)     
+----------------------------------------------------------------------------+
| Use of ADC               | 0        | 1             | 0                   
| Use of APM               | 4        | 30            | 13                  
| Use of BKCL              | 2        | 6             | 33                  
| Use of CLMA              | 1633     | 3274          | 50                  
|   FF                     | 2176     | 19644         | 11                  
|   LUT                    | 3737     | 13096         | 29                  
|   LUT-FF pairs           | 941      | 13096         | 7                   
| Use of CLMS              | 546      | 1110          | 49                  
|   FF                     | 724      | 6660          | 11                  
|   LUT                    | 1151     | 4440          | 26                  
|   LUT-FF pairs           | 307      | 4440          | 7                   
|   Distributed RAM        | 0        | 4440          | 0                   
| Use of CRYSTAL           | 0        | 6             | 0                   
| Use of DLL               | 0        | 6             | 0                   
| Use of DQSL              | 0        | 18            | 0                   
| Use of DRM               | 48       | 48            | 100                 
| Use of FLSIF             | 0        | 1             | 0                   
| Use of FUSECODE          | 0        | 1             | 0                   
| Use of HARD0N1           | 0        | 2745          | 0                   
| Use of HMEMC             | 0        | 2             | 0                   
| Use of IO                | 11       | 240           | 5                   
|   IOBD                   | 7        | 120           | 6                   
|   IOBR                   | 0        | 6             | 0                   
|   IOBS                   | 4        | 114           | 4                   
| Use of IOCKDIV           | 0        | 12            | 0                   
| Use of IOCKDLY           | 0        | 24            | 0                   
| Use of IOCKGATE          | 0        | 12            | 0                   
| Use of IOCKGMUX_TEST     | 0        | 12            | 0                   
| Use of IOL               | 11       | 240           | 5                   
| Use of IPAL              | 0        | 1             | 0                   
| Use of MFG_TEST          | 0        | 1             | 0                   
| Use of OSC               | 0        | 1             | 0                   
| Use of PLL               | 0        | 6             | 0                   
| Use of PREGMUX_TEST      | 0        | 6             | 0                   
| Use of RCKB              | 1        | 24            | 4                   
| Use of RCKBMUX_TEST      | 0        | 12            | 0                   
| Use of RESCAL            | 0        | 6             | 0                   
| Use of SCANCHAIN         | 0        | 4             | 0                   
| Use of START             | 1        | 1             | 100                 
| Use of UDID              | 0        | 1             | 0                   
| Use of USCM              | 2        | 20            | 10                  
| Use of USCMMUX_TEST      | 0        | 20            | 0                   
| Use of VCKBMUX_TEST      | 0        | 12            | 0                   
+----------------------------------------------------------------------------+

Finished routing. (CPU time elapsed 0h:02m:18s)
Design 'tinyriscv_soc_top' has been placed and routed successfully.
Saving design to DB.
Action pnr: Real time elapsed is 313.000 sec
Action pnr: CPU time elapsed is 142.203 sec
Current time: Mon Oct 31 13:12:11 2022
Action pnr: Peak memory pool usage is 708,468,736 bytes
Finished placement and routing. (CPU time elapsed 0h:02m:19s)
