#Build: Fabric Compiler 2020.3-Lite, Build 71107, Mar 15 18:01 2021
#Install: D:\PDS_2020.3-Lite\bin
#Application name: pds_shell.exe
#OS: Windows 10 10.0.22621
#Hostname: odincomputer
Generated by Fabric Compiler (version 2020.3-Lite build 71107) at Mon Oct 31 22:30:35 2022
Compiling verification operator library.
Compiling common defs.
Compiling prim grid devices.
Compiling gate devices.
Compiling gate operators.
Building architecture model.
Loading device packaging model 'MBG324'.
I: Parameter configuration file D:/panguprj/tinydram/testparam.txt cannot open.
Starting placement and routing flow. (CPU time elapsed 0h:00m:00s)
Reading design from devmap DB.
Building architecture floorplan logic view.
Executing : apply_constraint -f D:/panguprj/tinydram/device_map/tinyriscv_soc_top.pcf
Executing : def_port {gpio[0]} -LOC U11 -IOSTANDARD LVCMOS33 -VCCIO 3.3 -DRIVE 4 -SLEW SLOW
Executing : def_port {gpio[0]} -LOC U11 -IOSTANDARD LVCMOS33 -VCCIO 3.3 -DRIVE 4 -SLEW SLOW successfully.
Executing : def_port {gpio[1]} -LOC V11 -IOSTANDARD LVCMOS33 -VCCIO 3.3 -DRIVE 4 -SLEW SLOW
Executing : def_port {gpio[1]} -LOC V11 -IOSTANDARD LVCMOS33 -VCCIO 3.3 -DRIVE 4 -SLEW SLOW successfully.
Executing : def_port halted_ind -LOC U10 -IOSTANDARD LVCMOS33 -VCCIO 3.3 -DRIVE 4 -SLEW SLOW
Executing : def_port halted_ind -LOC U10 -IOSTANDARD LVCMOS33 -VCCIO 3.3 -DRIVE 4 -SLEW SLOW successfully.
Executing : def_port jtag_TDO -LOC V16 -IOSTANDARD LVCMOS33 -VCCIO 3.3 -DRIVE 4 -SLEW SLOW
Executing : def_port jtag_TDO -LOC V16 -IOSTANDARD LVCMOS33 -VCCIO 3.3 -DRIVE 4 -SLEW SLOW successfully.
Executing : def_port uart_tx_pin -LOC R18 -IOSTANDARD LVCMOS33 -VCCIO 3.3 -DRIVE 4 -SLEW SLOW
Executing : def_port uart_tx_pin -LOC R18 -IOSTANDARD LVCMOS33 -VCCIO 3.3 -DRIVE 4 -SLEW SLOW successfully.
Executing : def_port clk -LOC B5 -IOSTANDARD LVTTL33 -VCCIO 3.3
Executing : def_port clk -LOC B5 -IOSTANDARD LVTTL33 -VCCIO 3.3 successfully.
Executing : def_port jtag_TCK -LOC V17 -IOSTANDARD LVTTL33 -VCCIO 3.3
Executing : def_port jtag_TCK -LOC V17 -IOSTANDARD LVTTL33 -VCCIO 3.3 successfully.
Executing : def_port jtag_TDI -LOC V18 -IOSTANDARD LVTTL33 -VCCIO 3.3
Executing : def_port jtag_TDI -LOC V18 -IOSTANDARD LVTTL33 -VCCIO 3.3 successfully.
Executing : def_port jtag_TMS -LOC T18 -IOSTANDARD LVTTL33 -VCCIO 3.3
Executing : def_port jtag_TMS -LOC T18 -IOSTANDARD LVTTL33 -VCCIO 3.3 successfully.
Executing : def_port rst_ext_i -LOC U12 -IOSTANDARD LVTTL33 -VCCIO 3.3
Executing : def_port rst_ext_i -LOC U12 -IOSTANDARD LVTTL33 -VCCIO 3.3 successfully.
Executing : def_port uart_rx_pin -LOC N14 -IOSTANDARD LVTTL33 -VCCIO 3.3
Executing : def_port uart_rx_pin -LOC N14 -IOSTANDARD LVTTL33 -VCCIO 3.3 successfully.
Executing : apply_constraint -f D:/panguprj/tinydram/device_map/tinyriscv_soc_top.pcf successfully.

Placement started.
Mapping instance clkbufg_1/gopclkbufg to USCM_74_104.
C: Place-2028: GLOBAL_CLOCK: the driver jtag_TCK_ibuf/opit_1 fixed at IOL_151_81 is unreasonable. Sub-optimal placement for a clock source and a clock buffer.
Mapping instance clkbufg_0/gopclkbufg to USCM_74_133.
Pre global placement takes 14.58 sec.
Run super clustering :
	Initial slack -16959.
	8 iterations finished.
	Final slack -7809.
Super clustering done.
Design Utilization : 28%.
Global placement takes 10.89 sec.
Wirelength after global placement is 80915.
Placed fixed group with base inst clk_ibuf/opit_1 on IOL_7_298.
Placed fixed instance clkbufg_0/gopclkbufg on USCM_74_133.
Placed fixed instance clkbufg_1/gopclkbufg on USCM_74_104.
Placed fixed group with base inst gpio_tri[0]/opit_1 on IOL_151_102.
Placed fixed group with base inst gpio_tri[1]/opit_1 on IOL_151_101.
Placed fixed group with base inst halted_ind_obuf/opit_1 on IOL_151_114.
Placed fixed group with base inst jtag_TCK_ibuf/opit_1 on IOL_151_81.
Placed fixed group with base inst jtag_TDI_ibuf/opit_1 on IOL_151_82.
Placed fixed group with base inst jtag_TDO_obuf/opit_1 on IOL_151_22.
Placed fixed group with base inst jtag_TMS_ibuf/opit_1 on IOL_151_74.
Placed fixed group with base inst rst_ext_i_ibuf/opit_1 on IOL_151_106.
Placed fixed group with base inst uart_rx_pin_ibuf/opit_1 on IOL_151_5.
Placed fixed group with base inst uart_tx_pin_obuf/opit_1 on IOL_151_49.
Placed fixed instance BKCL_auto_0 on BKCL_2_268.
Placed fixed instance BKCL_auto_1 on BKCL_154_20.
Wirelength after Macro cell placement is 93417.
Macro cell placement takes 0.13 sec.
Run super clustering :
	Initial slack -16959.
	8 iterations finished.
	Final slack -7809.
Super clustering done.
Design Utilization : 28%.
Wirelength after post global placement is 84617.
Post global placement takes 8.48 sec.
Wirelength after legalization is 89146.
Legalization takes 0.88 sec.
Worst slack before Replication Place is -1131.
Wirelength after replication placement is 89146.
Legalized cost -1131.000000.
The detailed placement ends at 18th iteration.
Wirelength after detailed placement is 93098.
Timing-driven detailed placement takes 25.28 sec.
Placement done.
Total placement takes 62.47 sec.
Finished placement. (CPU time elapsed 0h:01m:04s)

Routing started.
Building routing graph takes 1.78 sec.
Worst slack is 2971.
Processing design graph takes 0.80 sec.
Total memory for routing:
	50.942116 M.
Total nets for routing : 7593.
Rcf routing step 1 processed 0 nets, it takes 0.00 sec.
Rcf routing step 2 processed 0 nets, it takes 0.00 sec.
Rcf routing step 3 processed 0 nets, it takes 0.00 sec.
Unrouted nets 0 at the end of iteration 0.
Global Routing step 1 processed 191 nets, it takes 0.06 sec.
Unrouted nets 163 at the end of iteration 0.
Unrouted nets 143 at the end of iteration 1.
Unrouted nets 130 at the end of iteration 2.
Unrouted nets 121 at the end of iteration 3.
Unrouted nets 103 at the end of iteration 4.
Unrouted nets 59 at the end of iteration 5.
Unrouted nets 47 at the end of iteration 6.
Unrouted nets 30 at the end of iteration 7.
Unrouted nets 32 at the end of iteration 8.
Unrouted nets 21 at the end of iteration 9.
Unrouted nets 20 at the end of iteration 10.
Unrouted nets 10 at the end of iteration 11.
Unrouted nets 10 at the end of iteration 12.
Unrouted nets 7 at the end of iteration 13.
Unrouted nets 6 at the end of iteration 14.
Unrouted nets 5 at the end of iteration 15.
Unrouted nets 2 at the end of iteration 16.
Unrouted nets 2 at the end of iteration 17.
Unrouted nets 0 at the end of iteration 18.
Global Routing step 2 processed 322 nets, it takes 1.88 sec.
Unrouted nets 235 at the end of iteration 0.
Unrouted nets 162 at the end of iteration 1.
Unrouted nets 123 at the end of iteration 2.
Unrouted nets 103 at the end of iteration 3.
Unrouted nets 80 at the end of iteration 4.
Unrouted nets 71 at the end of iteration 5.
Unrouted nets 52 at the end of iteration 6.
Unrouted nets 30 at the end of iteration 7.
Unrouted nets 25 at the end of iteration 8.
Unrouted nets 18 at the end of iteration 9.
Unrouted nets 17 at the end of iteration 10.
Unrouted nets 12 at the end of iteration 11.
Unrouted nets 2 at the end of iteration 12.
Unrouted nets 0 at the end of iteration 13.
Global Routing step 3 processed 310 nets, it takes 5.14 sec.
Global routing takes 7.08 sec.
Total 10199 subnets.
    forward max bucket size 23147 , backward 443.
        Unrouted nets 7969 at the end of iteration 0.
    route iteration 0, CPU time elapsed 3.484375 sec.
    forward max bucket size 24322 , backward 859.
        Unrouted nets 7148 at the end of iteration 1.
    route iteration 1, CPU time elapsed 3.218750 sec.
    forward max bucket size 25645 , backward 1321.
        Unrouted nets 6453 at the end of iteration 2.
    route iteration 2, CPU time elapsed 3.062500 sec.
    forward max bucket size 26470 , backward 1256.
        Unrouted nets 5874 at the end of iteration 3.
    route iteration 3, CPU time elapsed 3.328125 sec.
    forward max bucket size 27148 , backward 970.
        Unrouted nets 5440 at the end of iteration 4.
    route iteration 4, CPU time elapsed 4.046875 sec.
    forward max bucket size 1074 , backward 1085.
        Unrouted nets 5036 at the end of iteration 5.
    route iteration 5, CPU time elapsed 3.906250 sec.
    forward max bucket size 984 , backward 678.
        Unrouted nets 4847 at the end of iteration 6.
    route iteration 6, CPU time elapsed 3.359375 sec.
    forward max bucket size 998 , backward 979.
        Unrouted nets 4398 at the end of iteration 7.
    route iteration 7, CPU time elapsed 3.109375 sec.
    forward max bucket size 28516 , backward 875.
        Unrouted nets 3947 at the end of iteration 8.
    route iteration 8, CPU time elapsed 3.593750 sec.
    forward max bucket size 29126 , backward 892.
        Unrouted nets 3513 at the end of iteration 9.
    route iteration 9, CPU time elapsed 3.421875 sec.
    forward max bucket size 1021 , backward 644.
        Unrouted nets 3148 at the end of iteration 10.
    route iteration 10, CPU time elapsed 2.656250 sec.
    forward max bucket size 1793 , backward 811.
        Unrouted nets 2846 at the end of iteration 11.
    route iteration 11, CPU time elapsed 1.984375 sec.
    forward max bucket size 994 , backward 610.
        Unrouted nets 2521 at the end of iteration 12.
    route iteration 12, CPU time elapsed 2.062500 sec.
    forward max bucket size 750 , backward 590.
        Unrouted nets 2310 at the end of iteration 13.
    route iteration 13, CPU time elapsed 1.875000 sec.
    forward max bucket size 30523 , backward 753.
        Unrouted nets 2092 at the end of iteration 14.
    route iteration 14, CPU time elapsed 2.250000 sec.
    forward max bucket size 951 , backward 588.
        Unrouted nets 1917 at the end of iteration 15.
    route iteration 15, CPU time elapsed 1.484375 sec.
    forward max bucket size 1213 , backward 874.
        Unrouted nets 1715 at the end of iteration 16.
    route iteration 16, CPU time elapsed 1.375000 sec.
    forward max bucket size 946 , backward 505.
        Unrouted nets 1568 at the end of iteration 17.
    route iteration 17, CPU time elapsed 1.359375 sec.
    forward max bucket size 1214 , backward 848.
        Unrouted nets 1455 at the end of iteration 18.
    route iteration 18, CPU time elapsed 1.156250 sec.
    forward max bucket size 997 , backward 454.
        Unrouted nets 1363 at the end of iteration 19.
    route iteration 19, CPU time elapsed 1.140625 sec.
    forward max bucket size 853 , backward 538.
        Unrouted nets 1267 at the end of iteration 20.
    route iteration 20, CPU time elapsed 0.937500 sec.
    forward max bucket size 1062 , backward 418.
        Unrouted nets 1154 at the end of iteration 21.
    route iteration 21, CPU time elapsed 0.812500 sec.
    forward max bucket size 1104 , backward 496.
        Unrouted nets 1042 at the end of iteration 22.
    route iteration 22, CPU time elapsed 0.750000 sec.
    forward max bucket size 619 , backward 577.
        Unrouted nets 959 at the end of iteration 23.
    route iteration 23, CPU time elapsed 0.718750 sec.
    forward max bucket size 1026 , backward 566.
        Unrouted nets 860 at the end of iteration 24.
    route iteration 24, CPU time elapsed 0.656250 sec.
    forward max bucket size 881 , backward 550.
        Unrouted nets 822 at the end of iteration 25.
    route iteration 25, CPU time elapsed 0.687500 sec.
    forward max bucket size 31421 , backward 845.
        Unrouted nets 735 at the end of iteration 26.
    route iteration 26, CPU time elapsed 1.562500 sec.
    forward max bucket size 833 , backward 566.
        Unrouted nets 659 at the end of iteration 27.
    route iteration 27, CPU time elapsed 0.593750 sec.
    forward max bucket size 829 , backward 674.
        Unrouted nets 622 at the end of iteration 28.
    route iteration 28, CPU time elapsed 0.546875 sec.
    forward max bucket size 972 , backward 696.
        Unrouted nets 585 at the end of iteration 29.
    route iteration 29, CPU time elapsed 0.546875 sec.
    forward max bucket size 1107 , backward 993.
        Unrouted nets 542 at the end of iteration 30.
    route iteration 30, CPU time elapsed 0.437500 sec.
    forward max bucket size 981 , backward 990.
        Unrouted nets 522 at the end of iteration 31.
    route iteration 31, CPU time elapsed 0.390625 sec.
    forward max bucket size 914 , backward 973.
        Unrouted nets 493 at the end of iteration 32.
    route iteration 32, CPU time elapsed 0.281250 sec.
    forward max bucket size 349 , backward 972.
        Unrouted nets 461 at the end of iteration 33.
    route iteration 33, CPU time elapsed 0.468750 sec.
    forward max bucket size 598 , backward 612.
        Unrouted nets 376 at the end of iteration 34.
    route iteration 34, CPU time elapsed 0.281250 sec.
    forward max bucket size 671 , backward 347.
        Unrouted nets 347 at the end of iteration 35.
    route iteration 35, CPU time elapsed 0.281250 sec.
    forward max bucket size 891 , backward 930.
        Unrouted nets 311 at the end of iteration 36.
    route iteration 36, CPU time elapsed 0.296875 sec.
    forward max bucket size 818 , backward 427.
        Unrouted nets 352 at the end of iteration 37.
    route iteration 37, CPU time elapsed 0.328125 sec.
    forward max bucket size 634 , backward 379.
        Unrouted nets 342 at the end of iteration 38.
    route iteration 38, CPU time elapsed 0.281250 sec.
    forward max bucket size 530 , backward 449.
        Unrouted nets 310 at the end of iteration 39.
    route iteration 39, CPU time elapsed 0.296875 sec.
    forward max bucket size 568 , backward 327.
        Unrouted nets 287 at the end of iteration 40.
    route iteration 40, CPU time elapsed 0.234375 sec.
    forward max bucket size 584 , backward 325.
        Unrouted nets 272 at the end of iteration 41.
    route iteration 41, CPU time elapsed 0.281250 sec.
    forward max bucket size 722 , backward 317.
        Unrouted nets 243 at the end of iteration 42.
    route iteration 42, CPU time elapsed 0.250000 sec.
    forward max bucket size 473 , backward 406.
        Unrouted nets 223 at the end of iteration 43.
    route iteration 43, CPU time elapsed 0.234375 sec.
    forward max bucket size 524 , backward 385.
        Unrouted nets 225 at the end of iteration 44.
    route iteration 44, CPU time elapsed 0.203125 sec.
    forward max bucket size 508 , backward 270.
        Unrouted nets 227 at the end of iteration 45.
    route iteration 45, CPU time elapsed 0.171875 sec.
    forward max bucket size 439 , backward 432.
        Unrouted nets 205 at the end of iteration 46.
    route iteration 46, CPU time elapsed 0.265625 sec.
    forward max bucket size 268 , backward 253.
        Unrouted nets 185 at the end of iteration 47.
    route iteration 47, CPU time elapsed 0.171875 sec.
    forward max bucket size 31894 , backward 247.
        Unrouted nets 176 at the end of iteration 48.
    route iteration 48, CPU time elapsed 1.109375 sec.
    forward max bucket size 32522 , backward 398.
        Unrouted nets 158 at the end of iteration 49.
    route iteration 49, CPU time elapsed 1.078125 sec.
    forward max bucket size 279 , backward 1000.
        Unrouted nets 162 at the end of iteration 50.
    route iteration 50, CPU time elapsed 0.125000 sec.
    forward max bucket size 209 , backward 1224.
        Unrouted nets 165 at the end of iteration 51.
    route iteration 51, CPU time elapsed 0.140625 sec.
    forward max bucket size 263 , backward 396.
        Unrouted nets 176 at the end of iteration 52.
    route iteration 52, CPU time elapsed 0.109375 sec.
    forward max bucket size 522 , backward 487.
        Unrouted nets 143 at the end of iteration 53.
    route iteration 53, CPU time elapsed 0.203125 sec.
    forward max bucket size 555 , backward 418.
        Unrouted nets 138 at the end of iteration 54.
    route iteration 54, CPU time elapsed 0.203125 sec.
    forward max bucket size 32580 , backward 501.
        Unrouted nets 126 at the end of iteration 55.
    route iteration 55, CPU time elapsed 1.078125 sec.
    forward max bucket size 32621 , backward 306.
        Unrouted nets 119 at the end of iteration 56.
    route iteration 56, CPU time elapsed 1.125000 sec.
    forward max bucket size 1055 , backward 387.
        Unrouted nets 86 at the end of iteration 57.
    route iteration 57, CPU time elapsed 0.078125 sec.
    forward max bucket size 541 , backward 200.
        Unrouted nets 82 at the end of iteration 58.
    route iteration 58, CPU time elapsed 0.078125 sec.
    forward max bucket size 393 , backward 242.
        Unrouted nets 92 at the end of iteration 59.
    route iteration 59, CPU time elapsed 0.062500 sec.
    forward max bucket size 84 , backward 226.
        Unrouted nets 76 at the end of iteration 60.
    route iteration 60, CPU time elapsed 0.078125 sec.
    forward max bucket size 579 , backward 125.
        Unrouted nets 69 at the end of iteration 61.
    route iteration 61, CPU time elapsed 0.125000 sec.
    forward max bucket size 298 , backward 254.
        Unrouted nets 62 at the end of iteration 62.
    route iteration 62, CPU time elapsed 0.109375 sec.
    forward max bucket size 673 , backward 504.
        Unrouted nets 68 at the end of iteration 63.
    route iteration 63, CPU time elapsed 0.093750 sec.
    forward max bucket size 791 , backward 349.
        Unrouted nets 66 at the end of iteration 64.
    route iteration 64, CPU time elapsed 0.078125 sec.
    forward max bucket size 481 , backward 142.
        Unrouted nets 59 at the end of iteration 65.
    route iteration 65, CPU time elapsed 0.062500 sec.
    forward max bucket size 271 , backward 256.
        Unrouted nets 62 at the end of iteration 66.
    route iteration 66, CPU time elapsed 0.109375 sec.
    forward max bucket size 226 , backward 1249.
        Unrouted nets 56 at the end of iteration 67.
    route iteration 67, CPU time elapsed 0.109375 sec.
    forward max bucket size 57 , backward 91.
        Unrouted nets 41 at the end of iteration 68.
    route iteration 68, CPU time elapsed 0.109375 sec.
    forward max bucket size 93 , backward 107.
        Unrouted nets 58 at the end of iteration 69.
    route iteration 69, CPU time elapsed 0.078125 sec.
    forward max bucket size 196 , backward 102.
        Unrouted nets 57 at the end of iteration 70.
    route iteration 70, CPU time elapsed 0.093750 sec.
    forward max bucket size 85 , backward 175.
        Unrouted nets 53 at the end of iteration 71.
    route iteration 71, CPU time elapsed 0.046875 sec.
    forward max bucket size 75 , backward 198.
        Unrouted nets 41 at the end of iteration 72.
    route iteration 72, CPU time elapsed 0.031250 sec.
    forward max bucket size 76 , backward 228.
        Unrouted nets 32 at the end of iteration 73.
    route iteration 73, CPU time elapsed 0.062500 sec.
    forward max bucket size 172 , backward 104.
        Unrouted nets 22 at the end of iteration 74.
    route iteration 74, CPU time elapsed 0.109375 sec.
    forward max bucket size 197 , backward 299.
        Unrouted nets 18 at the end of iteration 75.
    route iteration 75, CPU time elapsed 0.062500 sec.
    forward max bucket size 292 , backward 297.
        Unrouted nets 17 at the end of iteration 76.
    route iteration 76, CPU time elapsed 0.046875 sec.
    forward max bucket size 728 , backward 378.
        Unrouted nets 27 at the end of iteration 77.
    route iteration 77, CPU time elapsed 0.031250 sec.
    forward max bucket size 559 , backward 358.
        Unrouted nets 23 at the end of iteration 78.
    route iteration 78, CPU time elapsed 0.062500 sec.
    forward max bucket size 528 , backward 306.
        Unrouted nets 22 at the end of iteration 79.
    route iteration 79, CPU time elapsed 0.046875 sec.
    forward max bucket size 666 , backward 138.
        Unrouted nets 23 at the end of iteration 80.
    route iteration 80, CPU time elapsed 0.078125 sec.
    forward max bucket size 450 , backward 174.
        Unrouted nets 23 at the end of iteration 81.
    route iteration 81, CPU time elapsed 0.015625 sec.
    forward max bucket size 667 , backward 682.
        Unrouted nets 19 at the end of iteration 82.
    route iteration 82, CPU time elapsed 0.031250 sec.
    forward max bucket size 109 , backward 40.
        Unrouted nets 27 at the end of iteration 83.
    route iteration 83, CPU time elapsed 0.015625 sec.
    forward max bucket size 530 , backward 696.
        Unrouted nets 10 at the end of iteration 84.
    route iteration 84, CPU time elapsed 0.046875 sec.
    forward max bucket size 647 , backward 654.
        Unrouted nets 10 at the end of iteration 85.
    route iteration 85, CPU time elapsed 0.078125 sec.
    forward max bucket size 51 , backward 38.
        Unrouted nets 7 at the end of iteration 86.
    route iteration 86, CPU time elapsed 0.046875 sec.
    forward max bucket size 21 , backward 18.
        Unrouted nets 8 at the end of iteration 87.
    route iteration 87, CPU time elapsed 0.031250 sec.
    forward max bucket size 31 , backward 22.
        Unrouted nets 5 at the end of iteration 88.
    route iteration 88, CPU time elapsed 0.046875 sec.
    forward max bucket size 40 , backward 53.
        Unrouted nets 8 at the end of iteration 89.
    route iteration 89, CPU time elapsed 0.000000 sec.
    forward max bucket size 38 , backward 48.
        Unrouted nets 7 at the end of iteration 90.
    route iteration 90, CPU time elapsed 0.046875 sec.
    forward max bucket size 75 , backward 64.
        Unrouted nets 4 at the end of iteration 91.
    route iteration 91, CPU time elapsed 0.031250 sec.
    forward max bucket size 150 , backward 169.
        Unrouted nets 8 at the end of iteration 92.
    route iteration 92, CPU time elapsed 0.015625 sec.
    forward max bucket size 47 , backward 49.
        Unrouted nets 7 at the end of iteration 93.
    route iteration 93, CPU time elapsed 0.015625 sec.
    forward max bucket size 96 , backward 278.
        Unrouted nets 2 at the end of iteration 94.
    route iteration 94, CPU time elapsed 0.031250 sec.
    forward max bucket size 51 , backward 10.
        Unrouted nets 2 at the end of iteration 95.
    route iteration 95, CPU time elapsed 0.031250 sec.
    forward max bucket size 11 , backward 8.
        Unrouted nets 0 at the end of iteration 96.
    route iteration 96, CPU time elapsed 0.046875 sec.
C: Route-2036: The clock path from jtag_TCK_ibuf/opit_1:OUT to clkbufg_0/gopclkbufg:CLK is routed by SRB.
Detailed routing takes 73.64 sec.

Dispose routing result:
    Collect routing result.
    Delete unused device instances.
    Annotate routing result.
    Change LUT configuration.
    Dispose misc instances.
I: Route-6001: Insert route through in CLMS_66_73.
I: Route-6001: Insert route through in CLMA_90_124.
I: Route-6001: Insert route through in CLMA_82_92.
I: Route-6001: Insert route through in CLMS_102_73.
I: Route-6001: Insert route through in CLMA_42_168.
I: Route-6001: Insert route through in CLMA_98_73.
I: Route-6001: Insert route through in CLMA_118_157.
I: Route-6001: Insert route through in CLMA_90_168.
I: Route-6001: Insert route through in CLMA_94_156.
I: Route-6001: Insert route through in CLMA_70_181.
I: Route-6001: Insert route through in CLMS_94_165.
I: Route-6001: Insert route through in CLMA_46_196.
I: Route-6001: Insert route through in CLMA_42_201.
I: Route-6001: Insert route through in CLMA_98_176.
I: Route-6001: Insert route through in CLMA_70_249.
I: Route-6001: Insert route through in CLMA_42_177.
I: Route-6001: Insert route through in CLMA_66_104.
I: Route-6001: Insert route through in CLMA_90_176.
I: Route-6001: Insert route through in CLMA_22_197.
I: Route-6001: Insert route through in CLMA_22_197.
I: Route-6001: Insert route through in CLMA_46_232.
I: Route-6001: Insert route through in CLMA_82_141.
I: Route-6001: Insert route through in USCM_74_132.
I: Route-6001: Insert route through in RCKB_7_186.
I: Route-6001: Insert route through in RCKB_7_184.
I: Route-6001: Insert route through in RCKB_7_185.
I: Route-6001: Insert route through in RCKB_7_187.
    Annotate routing result again.
Finish routing takes 2.22 sec.
Used srb routing arc is 111727.
Cleanup routing takes 0.05 sec.
Routing done.
Total routing takes 87.84 sec.


Device Utilization Summary :
+----------------------------------------------------------------------------+
| Logic Utilization        | Used     | Available     | Utilization(%)     
+----------------------------------------------------------------------------+
| Use of ADC               | 0        | 1             | 0                   
| Use of APM               | 4        | 30            | 13                  
| Use of BKCL              | 2        | 6             | 33                  
| Use of CLMA              | 1647     | 3274          | 50                  
|   FF                     | 2114     | 19644         | 11                  
|   LUT                    | 3682     | 13096         | 28                  
|   LUT-FF pairs           | 939      | 13096         | 7                   
| Use of CLMS              | 533      | 1110          | 48                  
|   FF                     | 786      | 6660          | 12                  
|   LUT                    | 1213     | 4440          | 27                  
|   LUT-FF pairs           | 309      | 4440          | 7                   
|   Distributed RAM        | 0        | 4440          | 0                   
| Use of CRYSTAL           | 0        | 6             | 0                   
| Use of DLL               | 0        | 6             | 0                   
| Use of DQSL              | 0        | 18            | 0                   
| Use of DRM               | 48       | 48            | 100                 
| Use of FLSIF             | 0        | 1             | 0                   
| Use of FUSECODE          | 0        | 1             | 0                   
| Use of HARD0N1           | 0        | 2745          | 0                   
| Use of HMEMC             | 0        | 2             | 0                   
| Use of IO                | 11       | 240           | 5                   
|   IOBD                   | 7        | 120           | 6                   
|   IOBR                   | 0        | 6             | 0                   
|   IOBS                   | 4        | 114           | 4                   
| Use of IOCKDIV           | 0        | 12            | 0                   
| Use of IOCKDLY           | 0        | 24            | 0                   
| Use of IOCKGATE          | 0        | 12            | 0                   
| Use of IOCKGMUX_TEST     | 0        | 12            | 0                   
| Use of IOL               | 11       | 240           | 5                   
| Use of IPAL              | 0        | 1             | 0                   
| Use of MFG_TEST          | 0        | 1             | 0                   
| Use of OSC               | 0        | 1             | 0                   
| Use of PLL               | 0        | 6             | 0                   
| Use of PREGMUX_TEST      | 0        | 6             | 0                   
| Use of RCKB              | 4        | 24            | 17                  
| Use of RCKBMUX_TEST      | 0        | 12            | 0                   
| Use of RESCAL            | 0        | 6             | 0                   
| Use of SCANCHAIN         | 0        | 4             | 0                   
| Use of START             | 1        | 1             | 100                 
| Use of UDID              | 0        | 1             | 0                   
| Use of USCM              | 3        | 20            | 15                  
| Use of USCMMUX_TEST      | 0        | 20            | 0                   
| Use of VCKBMUX_TEST      | 0        | 12            | 0                   
+----------------------------------------------------------------------------+

Finished routing. (CPU time elapsed 0h:02m:32s)
Design 'tinyriscv_soc_top' has been placed and routed successfully.
Saving design to DB.
Action pnr: Real time elapsed is 283.000 sec
Action pnr: CPU time elapsed is 157.594 sec
Current time: Mon Oct 31 22:35:16 2022
Action pnr: Peak memory pool usage is 709,251,072 bytes
Finished placement and routing. (CPU time elapsed 0h:02m:33s)
