#Build: Fabric Compiler 2020.3-Lite, Build 71107, Mar 15 18:01 2021
#Install: D:\PDS_2020.3-Lite\bin
#Application name: pds_shell.exe
#OS: Windows 10 10.0.22621
#Hostname: odincomputer
Generated by Fabric Compiler (version 2020.3-Lite build 71107) at Sun Oct 30 22:15:03 2022
Compiling verification operator library.
Compiling common defs.
Compiling prim grid devices.
Compiling gate devices.
Compiling gate operators.
Building architecture model.
Loading device packaging model 'MBG324'.
I: Parameter configuration file D:/panguprj/tinydram/testparam.txt cannot open.
Starting placement and routing flow. (CPU time elapsed 0h:00m:00s)
Reading design from devmap DB.
Building architecture floorplan logic view.
Executing : apply_constraint -f D:/panguprj/tinydram/device_map/tinyriscv_soc_top.pcf
Executing : def_port halted_ind -LOC U10 -IOSTANDARD LVCMOS33 -VCCIO 3.3 -DRIVE 4 -SLEW SLOW
Executing : def_port halted_ind -LOC U10 -IOSTANDARD LVCMOS33 -VCCIO 3.3 -DRIVE 4 -SLEW SLOW successfully.
Executing : def_port jtag_TDO -LOC V16 -IOSTANDARD LVCMOS33 -VCCIO 3.3 -DRIVE 4 -SLEW SLOW
Executing : def_port jtag_TDO -LOC V16 -IOSTANDARD LVCMOS33 -VCCIO 3.3 -DRIVE 4 -SLEW SLOW successfully.
Executing : def_port uart_tx_pin -LOC C10 -IOSTANDARD LVCMOS33 -VCCIO 3.3 -DRIVE 4 -SLEW SLOW
Executing : def_port uart_tx_pin -LOC C10 -IOSTANDARD LVCMOS33 -VCCIO 3.3 -DRIVE 4 -SLEW SLOW successfully.
Executing : def_port clk -LOC B5 -IOSTANDARD LVTTL33 -VCCIO 3.3
Executing : def_port clk -LOC B5 -IOSTANDARD LVTTL33 -VCCIO 3.3 successfully.
Executing : def_port jtag_TCK -LOC V17 -IOSTANDARD LVTTL33 -VCCIO 3.3
Executing : def_port jtag_TCK -LOC V17 -IOSTANDARD LVTTL33 -VCCIO 3.3 successfully.
Executing : def_port jtag_TDI -LOC V18 -IOSTANDARD LVTTL33 -VCCIO 3.3
Executing : def_port jtag_TDI -LOC V18 -IOSTANDARD LVTTL33 -VCCIO 3.3 successfully.
Executing : def_port jtag_TMS -LOC T18 -IOSTANDARD LVTTL33 -VCCIO 3.3
Executing : def_port jtag_TMS -LOC T18 -IOSTANDARD LVTTL33 -VCCIO 3.3 successfully.
Executing : def_port rst_ext_i -LOC U12 -IOSTANDARD LVTTL33 -VCCIO 3.3
Executing : def_port rst_ext_i -LOC U12 -IOSTANDARD LVTTL33 -VCCIO 3.3 successfully.
Executing : def_port uart_rx_pin -LOC A12 -IOSTANDARD LVTTL33 -VCCIO 3.3
C: ConstraintEditor-2002: [D:/panguprj/tinydram/device_map/tinyriscv_soc_top.pcf(line number: 11)] | Port uart_rx_pin has been placed at location A12, whose type is share pin.
Executing : def_port uart_rx_pin -LOC A12 -IOSTANDARD LVTTL33 -VCCIO 3.3 successfully.
W: ConstraintEditor-4019: Port 'gpio[0]' unspecified I/O constraint.
W: ConstraintEditor-4019: Port 'gpio[1]' unspecified I/O constraint.
Executing : apply_constraint -f D:/panguprj/tinydram/device_map/tinyriscv_soc_top.pcf successfully.

Placement started.
Mapping instance clkbufg_1/gopclkbufg to USCM_74_104.
C: Place-2028: GLOBAL_CLOCK: the driver jtag_TCK_ibuf/opit_1 fixed at IOL_151_81 is unreasonable. Sub-optimal placement for a clock source and a clock buffer.
Mapping instance clkbufg_0/gopclkbufg to USCM_74_133.
Pre global placement takes 14.89 sec.
Run super clustering :
	Initial slack 395.
	14 iterations finished.
	Final slack 16230.
Super clustering done.
Design Utilization : 28%.
Global placement takes 13.03 sec.
Wirelength after global placement is 76105.
Placed fixed group with base inst clk_ibuf/opit_1 on IOL_7_298.
Placed fixed instance clkbufg_0/gopclkbufg on USCM_74_133.
Placed fixed instance clkbufg_1/gopclkbufg on USCM_74_104.
Placed fixed group with base inst halted_ind_obuf/opit_1 on IOL_151_114.
Placed fixed group with base inst jtag_TCK_ibuf/opit_1 on IOL_151_81.
Placed fixed group with base inst jtag_TDI_ibuf/opit_1 on IOL_151_82.
Placed fixed group with base inst jtag_TDO_obuf/opit_1 on IOL_151_22.
Placed fixed group with base inst jtag_TMS_ibuf/opit_1 on IOL_151_74.
Placed fixed group with base inst rst_ext_i_ibuf/opit_1 on IOL_151_106.
Placed fixed group with base inst uart_rx_pin_ibuf/opit_1 on IOL_151_333.
Placed fixed group with base inst uart_tx_pin_obuf/opit_1 on IOL_151_361.
Placed fixed instance BKCL_auto_0 on BKCL_2_268.
Placed fixed instance BKCL_auto_1 on BKCL_154_268.
Placed fixed instance BKCL_auto_2 on BKCL_154_20.
Wirelength after Macro cell placement is 85207.
Macro cell placement takes 0.22 sec.
Run super clustering :
	Initial slack 395.
	14 iterations finished.
	Final slack 16230.
Super clustering done.
Design Utilization : 28%.
Wirelength after post global placement is 84202.
Post global placement takes 8.44 sec.
Wirelength after legalization is 89729.
Legalization takes 0.72 sec.
Worst slack before Replication Place is 15641.
Wirelength after replication placement is 89729.
Legalized cost 15641.000000.
The detailed placement ends at 11th iteration.
Wirelength after detailed placement is 89773.
Timing-driven detailed placement takes 6.06 sec.
Placement done.
Total placement takes 44.66 sec.
Finished placement. (CPU time elapsed 0h:00m:46s)

Routing started.
Building routing graph takes 0.75 sec.
Worst slack is 17769.
Processing design graph takes 0.55 sec.
Total memory for routing:
	50.941128 M.
Total nets for routing : 7616.
Rcf routing step 1 processed 0 nets, it takes 0.00 sec.
Rcf routing step 2 processed 0 nets, it takes 0.00 sec.
Rcf routing step 3 processed 0 nets, it takes 0.00 sec.
Unrouted nets 0 at the end of iteration 0.
Global Routing step 1 processed 130 nets, it takes 0.03 sec.
Unrouted nets 193 at the end of iteration 0.
Unrouted nets 90 at the end of iteration 1.
Unrouted nets 53 at the end of iteration 2.
Unrouted nets 22 at the end of iteration 3.
Unrouted nets 21 at the end of iteration 4.
Unrouted nets 21 at the end of iteration 5.
Unrouted nets 12 at the end of iteration 6.
Unrouted nets 6 at the end of iteration 7.
Unrouted nets 4 at the end of iteration 8.
Unrouted nets 1 at the end of iteration 9.
Unrouted nets 1 at the end of iteration 10.
Unrouted nets 1 at the end of iteration 11.
Unrouted nets 0 at the end of iteration 12.
Global Routing step 2 processed 307 nets, it takes 0.89 sec.
Unrouted nets 225 at the end of iteration 0.
Unrouted nets 147 at the end of iteration 1.
Unrouted nets 117 at the end of iteration 2.
Unrouted nets 78 at the end of iteration 3.
Unrouted nets 67 at the end of iteration 4.
Unrouted nets 62 at the end of iteration 5.
Unrouted nets 58 at the end of iteration 6.
Unrouted nets 41 at the end of iteration 7.
Unrouted nets 37 at the end of iteration 8.
Unrouted nets 29 at the end of iteration 9.
Unrouted nets 25 at the end of iteration 10.
Unrouted nets 16 at the end of iteration 11.
Unrouted nets 7 at the end of iteration 12.
Unrouted nets 13 at the end of iteration 13.
Unrouted nets 19 at the end of iteration 14.
Unrouted nets 11 at the end of iteration 15.
Unrouted nets 6 at the end of iteration 16.
Unrouted nets 7 at the end of iteration 17.
Unrouted nets 3 at the end of iteration 18.
Unrouted nets 2 at the end of iteration 19.
Unrouted nets 5 at the end of iteration 20.
Unrouted nets 3 at the end of iteration 21.
Unrouted nets 5 at the end of iteration 22.
Unrouted nets 0 at the end of iteration 23.
Global Routing step 3 processed 331 nets, it takes 4.58 sec.
Global routing takes 5.50 sec.
Total 10239 subnets.
    forward max bucket size 23291 , backward 649.
        Unrouted nets 8005 at the end of iteration 0.
    route iteration 0, CPU time elapsed 2.187500 sec.
    forward max bucket size 24097 , backward 481.
        Unrouted nets 6493 at the end of iteration 1.
    route iteration 1, CPU time elapsed 2.796875 sec.
    forward max bucket size 24985 , backward 535.
        Unrouted nets 5402 at the end of iteration 2.
    route iteration 2, CPU time elapsed 2.515625 sec.
    forward max bucket size 1639 , backward 1193.
        Unrouted nets 4637 at the end of iteration 3.
    route iteration 3, CPU time elapsed 2.296875 sec.
    forward max bucket size 900 , backward 1037.
        Unrouted nets 4017 at the end of iteration 4.
    route iteration 4, CPU time elapsed 2.703125 sec.
    forward max bucket size 27026 , backward 1161.
        Unrouted nets 3472 at the end of iteration 5.
    route iteration 5, CPU time elapsed 3.765625 sec.
    forward max bucket size 28801 , backward 904.
        Unrouted nets 3968 at the end of iteration 6.
    route iteration 6, CPU time elapsed 3.625000 sec.
    forward max bucket size 29004 , backward 777.
        Unrouted nets 3935 at the end of iteration 7.
    route iteration 7, CPU time elapsed 3.656250 sec.
    forward max bucket size 29147 , backward 844.
        Unrouted nets 3642 at the end of iteration 8.
    route iteration 8, CPU time elapsed 2.812500 sec.
    forward max bucket size 29212 , backward 1059.
        Unrouted nets 3323 at the end of iteration 9.
    route iteration 9, CPU time elapsed 3.453125 sec.
    forward max bucket size 29289 , backward 874.
        Unrouted nets 2907 at the end of iteration 10.
    route iteration 10, CPU time elapsed 2.265625 sec.
    forward max bucket size 29325 , backward 754.
        Unrouted nets 2618 at the end of iteration 11.
    route iteration 11, CPU time elapsed 2.187500 sec.
    forward max bucket size 744 , backward 743.
        Unrouted nets 2243 at the end of iteration 12.
    route iteration 12, CPU time elapsed 1.625000 sec.
    forward max bucket size 786 , backward 804.
        Unrouted nets 1992 at the end of iteration 13.
    route iteration 13, CPU time elapsed 1.250000 sec.
    forward max bucket size 711 , backward 833.
        Unrouted nets 1743 at the end of iteration 14.
    route iteration 14, CPU time elapsed 1.296875 sec.
    forward max bucket size 605 , backward 879.
        Unrouted nets 1601 at the end of iteration 15.
    route iteration 15, CPU time elapsed 1.062500 sec.
    forward max bucket size 506 , backward 860.
        Unrouted nets 1415 at the end of iteration 16.
    route iteration 16, CPU time elapsed 1.125000 sec.
    forward max bucket size 692 , backward 1000.
        Unrouted nets 1230 at the end of iteration 17.
    route iteration 17, CPU time elapsed 0.593750 sec.
    forward max bucket size 30280 , backward 668.
        Unrouted nets 1113 at the end of iteration 18.
    route iteration 18, CPU time elapsed 1.421875 sec.
    forward max bucket size 30189 , backward 451.
        Unrouted nets 1004 at the end of iteration 19.
    route iteration 19, CPU time elapsed 1.890625 sec.
    forward max bucket size 511 , backward 399.
        Unrouted nets 878 at the end of iteration 20.
    route iteration 20, CPU time elapsed 0.703125 sec.
    forward max bucket size 620 , backward 499.
        Unrouted nets 792 at the end of iteration 21.
    route iteration 21, CPU time elapsed 0.562500 sec.
    forward max bucket size 450 , backward 437.
        Unrouted nets 721 at the end of iteration 22.
    route iteration 22, CPU time elapsed 0.375000 sec.
    forward max bucket size 670 , backward 601.
        Unrouted nets 666 at the end of iteration 23.
    route iteration 23, CPU time elapsed 0.546875 sec.
    forward max bucket size 811 , backward 684.
        Unrouted nets 590 at the end of iteration 24.
    route iteration 24, CPU time elapsed 0.296875 sec.
    forward max bucket size 442 , backward 347.
        Unrouted nets 509 at the end of iteration 25.
    route iteration 25, CPU time elapsed 0.250000 sec.
    forward max bucket size 374 , backward 410.
        Unrouted nets 449 at the end of iteration 26.
    route iteration 26, CPU time elapsed 0.578125 sec.
    forward max bucket size 649 , backward 364.
        Unrouted nets 438 at the end of iteration 27.
    route iteration 27, CPU time elapsed 0.250000 sec.
    forward max bucket size 728 , backward 491.
        Unrouted nets 383 at the end of iteration 28.
    route iteration 28, CPU time elapsed 0.296875 sec.
    forward max bucket size 211 , backward 237.
        Unrouted nets 351 at the end of iteration 29.
    route iteration 29, CPU time elapsed 0.109375 sec.
    forward max bucket size 530 , backward 286.
        Unrouted nets 317 at the end of iteration 30.
    route iteration 30, CPU time elapsed 0.328125 sec.
    forward max bucket size 332 , backward 212.
        Unrouted nets 289 at the end of iteration 31.
    route iteration 31, CPU time elapsed 0.359375 sec.
    forward max bucket size 456 , backward 277.
        Unrouted nets 251 at the end of iteration 32.
    route iteration 32, CPU time elapsed 0.171875 sec.
    forward max bucket size 323 , backward 269.
        Unrouted nets 193 at the end of iteration 33.
    route iteration 33, CPU time elapsed 0.187500 sec.
    forward max bucket size 257 , backward 219.
        Unrouted nets 184 at the end of iteration 34.
    route iteration 34, CPU time elapsed 0.078125 sec.
    forward max bucket size 156 , backward 336.
        Unrouted nets 146 at the end of iteration 35.
    route iteration 35, CPU time elapsed 0.093750 sec.
    forward max bucket size 275 , backward 274.
        Unrouted nets 163 at the end of iteration 36.
    route iteration 36, CPU time elapsed 0.125000 sec.
    forward max bucket size 172 , backward 239.
        Unrouted nets 126 at the end of iteration 37.
    route iteration 37, CPU time elapsed 0.093750 sec.
    forward max bucket size 261 , backward 350.
        Unrouted nets 143 at the end of iteration 38.
    route iteration 38, CPU time elapsed 0.062500 sec.
    forward max bucket size 139 , backward 457.
        Unrouted nets 119 at the end of iteration 39.
    route iteration 39, CPU time elapsed 0.046875 sec.
    forward max bucket size 178 , backward 150.
        Unrouted nets 116 at the end of iteration 40.
    route iteration 40, CPU time elapsed 0.093750 sec.
    forward max bucket size 187 , backward 210.
        Unrouted nets 100 at the end of iteration 41.
    route iteration 41, CPU time elapsed 0.109375 sec.
    forward max bucket size 195 , backward 290.
        Unrouted nets 85 at the end of iteration 42.
    route iteration 42, CPU time elapsed 0.140625 sec.
    forward max bucket size 345 , backward 184.
        Unrouted nets 76 at the end of iteration 43.
    route iteration 43, CPU time elapsed 0.031250 sec.
    forward max bucket size 332 , backward 99.
        Unrouted nets 57 at the end of iteration 44.
    route iteration 44, CPU time elapsed 0.062500 sec.
    forward max bucket size 417 , backward 427.
        Unrouted nets 52 at the end of iteration 45.
    route iteration 45, CPU time elapsed 0.062500 sec.
    forward max bucket size 146 , backward 92.
        Unrouted nets 37 at the end of iteration 46.
    route iteration 46, CPU time elapsed 0.046875 sec.
    forward max bucket size 319 , backward 238.
        Unrouted nets 32 at the end of iteration 47.
    route iteration 47, CPU time elapsed 0.046875 sec.
    forward max bucket size 331 , backward 252.
        Unrouted nets 24 at the end of iteration 48.
    route iteration 48, CPU time elapsed 0.046875 sec.
    forward max bucket size 46 , backward 318.
        Unrouted nets 20 at the end of iteration 49.
    route iteration 49, CPU time elapsed 0.078125 sec.
    forward max bucket size 65 , backward 235.
        Unrouted nets 13 at the end of iteration 50.
    route iteration 50, CPU time elapsed 0.078125 sec.
    forward max bucket size 68 , backward 73.
        Unrouted nets 18 at the end of iteration 51.
    route iteration 51, CPU time elapsed 0.046875 sec.
    forward max bucket size 80 , backward 48.
        Unrouted nets 20 at the end of iteration 52.
    route iteration 52, CPU time elapsed 0.062500 sec.
    forward max bucket size 115 , backward 188.
        Unrouted nets 24 at the end of iteration 53.
    route iteration 53, CPU time elapsed 0.062500 sec.
    forward max bucket size 256 , backward 218.
        Unrouted nets 20 at the end of iteration 54.
    route iteration 54, CPU time elapsed 0.078125 sec.
    forward max bucket size 273 , backward 251.
        Unrouted nets 18 at the end of iteration 55.
    route iteration 55, CPU time elapsed 0.031250 sec.
    forward max bucket size 268 , backward 217.
        Unrouted nets 15 at the end of iteration 56.
    route iteration 56, CPU time elapsed 0.078125 sec.
    forward max bucket size 80 , backward 71.
        Unrouted nets 8 at the end of iteration 57.
    route iteration 57, CPU time elapsed 0.062500 sec.
    forward max bucket size 28 , backward 30.
        Unrouted nets 6 at the end of iteration 58.
    route iteration 58, CPU time elapsed 0.031250 sec.
    forward max bucket size 17 , backward 13.
        Unrouted nets 4 at the end of iteration 59.
    route iteration 59, CPU time elapsed 0.062500 sec.
    forward max bucket size 26 , backward 20.
        Unrouted nets 2 at the end of iteration 60.
    route iteration 60, CPU time elapsed 0.000000 sec.
    forward max bucket size 16 , backward 12.
        Unrouted nets 2 at the end of iteration 61.
    route iteration 61, CPU time elapsed 0.046875 sec.
    forward max bucket size 26 , backward 21.
        Unrouted nets 4 at the end of iteration 62.
    route iteration 62, CPU time elapsed 0.015625 sec.
    forward max bucket size 22 , backward 28.
        Unrouted nets 4 at the end of iteration 63.
    route iteration 63, CPU time elapsed 0.015625 sec.
    forward max bucket size 11 , backward 28.
        Unrouted nets 3 at the end of iteration 64.
    route iteration 64, CPU time elapsed 0.078125 sec.
    forward max bucket size 10 , backward 22.
        Unrouted nets 2 at the end of iteration 65.
    route iteration 65, CPU time elapsed 0.031250 sec.
    forward max bucket size 7 , backward 3.
        Unrouted nets 2 at the end of iteration 66.
    route iteration 66, CPU time elapsed 0.000000 sec.
    forward max bucket size 12 , backward 19.
        Unrouted nets 2 at the end of iteration 67.
    route iteration 67, CPU time elapsed 0.062500 sec.
    forward max bucket size 8 , backward 17.
        Unrouted nets 2 at the end of iteration 68.
    route iteration 68, CPU time elapsed 0.078125 sec.
    forward max bucket size 150 , backward 66.
        Unrouted nets 3 at the end of iteration 69.
    route iteration 69, CPU time elapsed 0.031250 sec.
    forward max bucket size 8 , backward 20.
        Unrouted nets 0 at the end of iteration 70.
    route iteration 70, CPU time elapsed 0.093750 sec.
C: Route-2036: The clock path from jtag_TCK_ibuf/opit_1:OUT to clkbufg_0/gopclkbufg:CLK is routed by SRB.
Detailed routing takes 52.44 sec.

Dispose routing result:
    Collect routing result.
    Delete unused device instances.
    Annotate routing result.
    Change LUT configuration.
    Dispose misc instances.
I: Route-6001: Insert route through in CLMA_82_237.
I: Route-6001: Insert route through in CLMA_94_172.
I: Route-6001: Insert route through in CLMS_38_245.
I: Route-6001: Insert route through in CLMA_90_176.
I: Route-6001: Insert route through in CLMA_50_172.
I: Route-6001: Insert route through in CLMA_138_192.
I: Route-6001: Insert route through in CLMS_94_177.
I: Route-6001: Insert route through in CLMA_98_193.
I: Route-6001: Insert route through in CLMA_90_233.
I: Route-6001: Insert route through in CLMA_98_232.
I: Route-6001: Insert route through in CLMA_98_201.
I: Route-6001: Insert route through in CLMA_102_180.
I: Route-6001: Insert route through in CLMA_78_240.
I: Route-6001: Insert route through in CLMA_22_225.
I: Route-6001: Insert route through in CLMA_22_225.
I: Route-6001: Insert route through in CLMA_70_272.
I: Route-6001: Insert route through in CLMA_78_276.
I: Route-6001: Insert route through in CLMS_78_261.
I: Route-6001: Insert route through in CLMA_118_252.
I: Route-6001: Insert route through in CLMS_38_9.
I: Route-6001: Insert route through in CLMA_94_176.
    Annotate routing result again.
Finish routing takes 2.09 sec.
Used srb routing arc is 111057.
Cleanup routing takes 0.03 sec.
Routing done.
Total routing takes 62.86 sec.


Device Utilization Summary :
+----------------------------------------------------------------------------+
| Logic Utilization        | Used     | Available     | Utilization(%)     
+----------------------------------------------------------------------------+
| Use of ADC               | 0        | 1             | 0                   
| Use of APM               | 4        | 30            | 13                  
| Use of BKCL              | 3        | 6             | 50                  
| Use of CLMA              | 1587     | 3274          | 48                  
|   FF                     | 2138     | 19644         | 11                  
|   LUT                    | 3682     | 13096         | 28                  
|   LUT-FF pairs           | 975      | 13096         | 7                   
| Use of CLMS              | 534      | 1110          | 48                  
|   FF                     | 762      | 6660          | 11                  
|   LUT                    | 1179     | 4440          | 27                  
|   LUT-FF pairs           | 297      | 4440          | 7                   
|   Distributed RAM        | 0        | 4440          | 0                   
| Use of CRYSTAL           | 0        | 6             | 0                   
| Use of DLL               | 0        | 6             | 0                   
| Use of DQSL              | 0        | 18            | 0                   
| Use of DRM               | 48       | 48            | 100                 
| Use of FLSIF             | 0        | 1             | 0                   
| Use of FUSECODE          | 0        | 1             | 0                   
| Use of HARD0N1           | 0        | 2745          | 0                   
| Use of HMEMC             | 0        | 2             | 0                   
| Use of IO                | 11       | 240           | 5                   
|   IOBD                   | 8        | 120           | 7                   
|   IOBR                   | 1        | 6             | 17                  
|   IOBS                   | 2        | 114           | 2                   
| Use of IOCKDIV           | 0        | 12            | 0                   
| Use of IOCKDLY           | 0        | 24            | 0                   
| Use of IOCKGATE          | 0        | 12            | 0                   
| Use of IOCKGMUX_TEST     | 0        | 12            | 0                   
| Use of IOL               | 11       | 240           | 5                   
| Use of IPAL              | 0        | 1             | 0                   
| Use of MFG_TEST          | 0        | 1             | 0                   
| Use of OSC               | 0        | 1             | 0                   
| Use of PLL               | 0        | 6             | 0                   
| Use of PREGMUX_TEST      | 0        | 6             | 0                   
| Use of RCKB              | 0        | 24            | 0                   
| Use of RCKBMUX_TEST      | 0        | 12            | 0                   
| Use of RESCAL            | 0        | 6             | 0                   
| Use of SCANCHAIN         | 0        | 4             | 0                   
| Use of START             | 1        | 1             | 100                 
| Use of UDID              | 0        | 1             | 0                   
| Use of USCM              | 2        | 20            | 10                  
| Use of USCMMUX_TEST      | 0        | 20            | 0                   
| Use of VCKBMUX_TEST      | 0        | 12            | 0                   
+----------------------------------------------------------------------------+

Finished routing. (CPU time elapsed 0h:01m:49s)
Design 'tinyriscv_soc_top' has been placed and routed successfully.
Saving design to DB.
Action pnr: Real time elapsed is 241.000 sec
Action pnr: CPU time elapsed is 114.766 sec
Current time: Sun Oct 30 22:19:02 2022
Action pnr: Peak memory pool usage is 701,100,032 bytes
Finished placement and routing. (CPU time elapsed 0h:01m:50s)
