#Build: Fabric Compiler 2020.3-Lite, Build 71107, Mar 15 18:01 2021
#Install: D:\PDS_2020.3-Lite\bin
#Application name: pds_shell.exe
#OS: Windows 10 10.0.22621
#Hostname: odincomputer
Generated by Fabric Compiler (version 2020.3-Lite build 71107) at Mon Oct 31 12:43:49 2022
Compiling verification operator library.
Compiling common defs.
Compiling prim grid devices.
Compiling gate devices.
Compiling gate operators.
Building architecture model.
Loading device packaging model 'MBG324'.
I: Parameter configuration file D:/panguprj/tinydram/testparam.txt cannot open.
Starting placement and routing flow. (CPU time elapsed 0h:00m:00s)
Reading design from devmap DB.
Building architecture floorplan logic view.
Executing : apply_constraint -f D:/panguprj/tinydram/device_map/tinyriscv_soc_top.pcf
Executing : def_port halted_ind -LOC U10 -IOSTANDARD LVCMOS33 -VCCIO 3.3 -DRIVE 4 -SLEW SLOW
Executing : def_port halted_ind -LOC U10 -IOSTANDARD LVCMOS33 -VCCIO 3.3 -DRIVE 4 -SLEW SLOW successfully.
Executing : def_port jtag_TDO -LOC V16 -IOSTANDARD LVCMOS33 -VCCIO 3.3 -DRIVE 4 -SLEW SLOW
Executing : def_port jtag_TDO -LOC V16 -IOSTANDARD LVCMOS33 -VCCIO 3.3 -DRIVE 4 -SLEW SLOW successfully.
Executing : def_port uart_tx_pin -LOC R18 -IOSTANDARD LVCMOS33 -VCCIO 3.3 -DRIVE 4 -SLEW SLOW
Executing : def_port uart_tx_pin -LOC R18 -IOSTANDARD LVCMOS33 -VCCIO 3.3 -DRIVE 4 -SLEW SLOW successfully.
Executing : def_port clk -LOC B5 -IOSTANDARD LVTTL33 -VCCIO 3.3
Executing : def_port clk -LOC B5 -IOSTANDARD LVTTL33 -VCCIO 3.3 successfully.
Executing : def_port jtag_TCK -LOC V17 -IOSTANDARD LVTTL33 -VCCIO 3.3
Executing : def_port jtag_TCK -LOC V17 -IOSTANDARD LVTTL33 -VCCIO 3.3 successfully.
Executing : def_port jtag_TDI -LOC V18 -IOSTANDARD LVTTL33 -VCCIO 3.3
Executing : def_port jtag_TDI -LOC V18 -IOSTANDARD LVTTL33 -VCCIO 3.3 successfully.
Executing : def_port jtag_TMS -LOC T18 -IOSTANDARD LVTTL33 -VCCIO 3.3
Executing : def_port jtag_TMS -LOC T18 -IOSTANDARD LVTTL33 -VCCIO 3.3 successfully.
Executing : def_port rst_ext_i -LOC U12 -IOSTANDARD LVTTL33 -VCCIO 3.3
Executing : def_port rst_ext_i -LOC U12 -IOSTANDARD LVTTL33 -VCCIO 3.3 successfully.
Executing : def_port uart_rx_pin -LOC N14 -IOSTANDARD LVTTL33 -VCCIO 3.3
Executing : def_port uart_rx_pin -LOC N14 -IOSTANDARD LVTTL33 -VCCIO 3.3 successfully.
W: ConstraintEditor-4019: Port 'gpio[0]' unspecified I/O constraint.
W: ConstraintEditor-4019: Port 'gpio[1]' unspecified I/O constraint.
Executing : apply_constraint -f D:/panguprj/tinydram/device_map/tinyriscv_soc_top.pcf successfully.

Placement started.
Mapping instance clkbufg_1/gopclkbufg to USCM_74_104.
C: Place-2028: GLOBAL_CLOCK: the driver jtag_TCK_ibuf/opit_1 fixed at IOL_151_81 is unreasonable. Sub-optimal placement for a clock source and a clock buffer.
Mapping instance clkbufg_0/gopclkbufg to USCM_74_133.
Pre global placement takes 11.66 sec.
Run super clustering :
	Initial slack -16959.
	8 iterations finished.
	Final slack -7809.
Super clustering done.
Design Utilization : 28%.
Global placement takes 9.55 sec.
Wirelength after global placement is 79389.
Placed fixed group with base inst clk_ibuf/opit_1 on IOL_7_298.
Placed fixed instance clkbufg_0/gopclkbufg on USCM_74_133.
Placed fixed instance clkbufg_1/gopclkbufg on USCM_74_104.
Placed fixed group with base inst halted_ind_obuf/opit_1 on IOL_151_114.
Placed fixed group with base inst jtag_TCK_ibuf/opit_1 on IOL_151_81.
Placed fixed group with base inst jtag_TDI_ibuf/opit_1 on IOL_151_82.
Placed fixed group with base inst jtag_TDO_obuf/opit_1 on IOL_151_22.
Placed fixed group with base inst jtag_TMS_ibuf/opit_1 on IOL_151_74.
Placed fixed group with base inst rst_ext_i_ibuf/opit_1 on IOL_151_106.
Placed fixed group with base inst uart_rx_pin_ibuf/opit_1 on IOL_151_5.
Placed fixed group with base inst uart_tx_pin_obuf/opit_1 on IOL_151_49.
Placed fixed instance BKCL_auto_0 on BKCL_2_268.
Placed fixed instance BKCL_auto_1 on BKCL_154_20.
Wirelength after Macro cell placement is 91161.
Macro cell placement takes 0.16 sec.
Run super clustering :
	Initial slack -16959.
	8 iterations finished.
	Final slack -7809.
Super clustering done.
Design Utilization : 28%.
Wirelength after post global placement is 80345.
Post global placement takes 7.66 sec.
Wirelength after legalization is 85621.
Legalization takes 0.89 sec.
Worst slack before Replication Place is -2630.
Wirelength after replication placement is 85621.
Legalized cost -2630.000000.
The detailed placement ends at 18th iteration.
Wirelength after detailed placement is 89852.
Timing-driven detailed placement takes 21.53 sec.
Placement done.
Total placement takes 53.69 sec.
Finished placement. (CPU time elapsed 0h:00m:54s)

Routing started.
Building routing graph takes 1.64 sec.
Worst slack is 2771.
Processing design graph takes 0.81 sec.
Total memory for routing:
	50.941982 M.
Total nets for routing : 7592.
Rcf routing step 1 processed 0 nets, it takes 0.00 sec.
Rcf routing step 2 processed 0 nets, it takes 0.00 sec.
Rcf routing step 3 processed 0 nets, it takes 0.00 sec.
Unrouted nets 0 at the end of iteration 0.
Global Routing step 1 processed 191 nets, it takes 0.02 sec.
Unrouted nets 164 at the end of iteration 0.
Unrouted nets 146 at the end of iteration 1.
Unrouted nets 139 at the end of iteration 2.
Unrouted nets 133 at the end of iteration 3.
Unrouted nets 98 at the end of iteration 4.
Unrouted nets 64 at the end of iteration 5.
Unrouted nets 44 at the end of iteration 6.
Unrouted nets 36 at the end of iteration 7.
Unrouted nets 31 at the end of iteration 8.
Unrouted nets 23 at the end of iteration 9.
Unrouted nets 22 at the end of iteration 10.
Unrouted nets 18 at the end of iteration 11.
Unrouted nets 17 at the end of iteration 12.
Unrouted nets 12 at the end of iteration 13.
Unrouted nets 9 at the end of iteration 14.
Unrouted nets 5 at the end of iteration 15.
Unrouted nets 4 at the end of iteration 16.
Unrouted nets 4 at the end of iteration 17.
Unrouted nets 4 at the end of iteration 18.
Unrouted nets 4 at the end of iteration 19.
Unrouted nets 2 at the end of iteration 20.
Unrouted nets 2 at the end of iteration 21.
Unrouted nets 2 at the end of iteration 22.
Unrouted nets 2 at the end of iteration 23.
Unrouted nets 2 at the end of iteration 24.
Unrouted nets 2 at the end of iteration 25.
Unrouted nets 2 at the end of iteration 26.
Unrouted nets 0 at the end of iteration 27.
Global Routing step 2 processed 333 nets, it takes 1.53 sec.
Unrouted nets 210 at the end of iteration 0.
Unrouted nets 156 at the end of iteration 1.
Unrouted nets 133 at the end of iteration 2.
Unrouted nets 93 at the end of iteration 3.
Unrouted nets 71 at the end of iteration 4.
Unrouted nets 59 at the end of iteration 5.
Unrouted nets 43 at the end of iteration 6.
Unrouted nets 21 at the end of iteration 7.
Unrouted nets 17 at the end of iteration 8.
Unrouted nets 12 at the end of iteration 9.
Unrouted nets 2 at the end of iteration 10.
Unrouted nets 0 at the end of iteration 11.
Global Routing step 3 processed 295 nets, it takes 5.75 sec.
Global routing takes 7.31 sec.
Total 10209 subnets.
    forward max bucket size 23557 , backward 828.
        Unrouted nets 7903 at the end of iteration 0.
    route iteration 0, CPU time elapsed 3.203125 sec.
    forward max bucket size 24161 , backward 499.
        Unrouted nets 7102 at the end of iteration 1.
    route iteration 1, CPU time elapsed 3.093750 sec.
    forward max bucket size 26145 , backward 891.
        Unrouted nets 6413 at the end of iteration 2.
    route iteration 2, CPU time elapsed 3.093750 sec.
    forward max bucket size 27669 , backward 1453.
        Unrouted nets 5751 at the end of iteration 3.
    route iteration 3, CPU time elapsed 3.218750 sec.
    forward max bucket size 29066 , backward 1662.
        Unrouted nets 5257 at the end of iteration 4.
    route iteration 4, CPU time elapsed 3.718750 sec.
    forward max bucket size 1767 , backward 667.
        Unrouted nets 4822 at the end of iteration 5.
    route iteration 5, CPU time elapsed 3.140625 sec.
    forward max bucket size 1066 , backward 731.
        Unrouted nets 4678 at the end of iteration 6.
    route iteration 6, CPU time elapsed 2.828125 sec.
    forward max bucket size 1075 , backward 577.
        Unrouted nets 4181 at the end of iteration 7.
    route iteration 7, CPU time elapsed 2.281250 sec.
    forward max bucket size 2167 , backward 1635.
        Unrouted nets 3748 at the end of iteration 8.
    route iteration 8, CPU time elapsed 2.453125 sec.
    forward max bucket size 991 , backward 766.
        Unrouted nets 3333 at the end of iteration 9.
    route iteration 9, CPU time elapsed 1.843750 sec.
    forward max bucket size 32911 , backward 814.
        Unrouted nets 2959 at the end of iteration 10.
    route iteration 10, CPU time elapsed 2.828125 sec.
    forward max bucket size 1870 , backward 1679.
        Unrouted nets 2577 at the end of iteration 11.
    route iteration 11, CPU time elapsed 1.765625 sec.
    forward max bucket size 820 , backward 706.
        Unrouted nets 2348 at the end of iteration 12.
    route iteration 12, CPU time elapsed 1.453125 sec.
    forward max bucket size 1322 , backward 820.
        Unrouted nets 2076 at the end of iteration 13.
    route iteration 13, CPU time elapsed 1.468750 sec.
    forward max bucket size 939 , backward 919.
        Unrouted nets 1935 at the end of iteration 14.
    route iteration 14, CPU time elapsed 1.500000 sec.
    forward max bucket size 946 , backward 612.
        Unrouted nets 1756 at the end of iteration 15.
    route iteration 15, CPU time elapsed 1.562500 sec.
    forward max bucket size 924 , backward 596.
        Unrouted nets 1573 at the end of iteration 16.
    route iteration 16, CPU time elapsed 1.390625 sec.
    forward max bucket size 747 , backward 531.
        Unrouted nets 1497 at the end of iteration 17.
    route iteration 17, CPU time elapsed 1.203125 sec.
    forward max bucket size 1134 , backward 1155.
        Unrouted nets 1383 at the end of iteration 18.
    route iteration 18, CPU time elapsed 0.875000 sec.
    forward max bucket size 729 , backward 1262.
        Unrouted nets 1326 at the end of iteration 19.
    route iteration 19, CPU time elapsed 0.937500 sec.
    forward max bucket size 1510 , backward 729.
        Unrouted nets 1208 at the end of iteration 20.
    route iteration 20, CPU time elapsed 0.750000 sec.
    forward max bucket size 34165 , backward 796.
        Unrouted nets 1070 at the end of iteration 21.
    route iteration 21, CPU time elapsed 1.406250 sec.
    forward max bucket size 701 , backward 806.
        Unrouted nets 928 at the end of iteration 22.
    route iteration 22, CPU time elapsed 0.578125 sec.
    forward max bucket size 944 , backward 757.
        Unrouted nets 911 at the end of iteration 23.
    route iteration 23, CPU time elapsed 0.578125 sec.
    forward max bucket size 1012 , backward 566.
        Unrouted nets 835 at the end of iteration 24.
    route iteration 24, CPU time elapsed 0.625000 sec.
    forward max bucket size 1008 , backward 607.
        Unrouted nets 784 at the end of iteration 25.
    route iteration 25, CPU time elapsed 0.656250 sec.
    forward max bucket size 926 , backward 647.
        Unrouted nets 726 at the end of iteration 26.
    route iteration 26, CPU time elapsed 0.812500 sec.
    forward max bucket size 803 , backward 601.
        Unrouted nets 718 at the end of iteration 27.
    route iteration 27, CPU time elapsed 0.390625 sec.
    forward max bucket size 871 , backward 298.
        Unrouted nets 694 at the end of iteration 28.
    route iteration 28, CPU time elapsed 0.453125 sec.
    forward max bucket size 34521 , backward 529.
        Unrouted nets 632 at the end of iteration 29.
    route iteration 29, CPU time elapsed 1.250000 sec.
    forward max bucket size 420 , backward 262.
        Unrouted nets 602 at the end of iteration 30.
    route iteration 30, CPU time elapsed 0.359375 sec.
    forward max bucket size 500 , backward 369.
        Unrouted nets 556 at the end of iteration 31.
    route iteration 31, CPU time elapsed 0.468750 sec.
    forward max bucket size 300 , backward 307.
        Unrouted nets 540 at the end of iteration 32.
    route iteration 32, CPU time elapsed 0.312500 sec.
    forward max bucket size 963 , backward 802.
        Unrouted nets 493 at the end of iteration 33.
    route iteration 33, CPU time elapsed 0.250000 sec.
    forward max bucket size 543 , backward 551.
        Unrouted nets 440 at the end of iteration 34.
    route iteration 34, CPU time elapsed 0.312500 sec.
    forward max bucket size 1363 , backward 605.
        Unrouted nets 421 at the end of iteration 35.
    route iteration 35, CPU time elapsed 0.156250 sec.
    forward max bucket size 34706 , backward 383.
        Unrouted nets 421 at the end of iteration 36.
    route iteration 36, CPU time elapsed 0.937500 sec.
    forward max bucket size 746 , backward 583.
        Unrouted nets 405 at the end of iteration 37.
    route iteration 37, CPU time elapsed 0.343750 sec.
    forward max bucket size 823 , backward 608.
        Unrouted nets 345 at the end of iteration 38.
    route iteration 38, CPU time elapsed 0.296875 sec.
    forward max bucket size 1833 , backward 1031.
        Unrouted nets 355 at the end of iteration 39.
    route iteration 39, CPU time elapsed 0.234375 sec.
    forward max bucket size 1639 , backward 1134.
        Unrouted nets 358 at the end of iteration 40.
    route iteration 40, CPU time elapsed 0.265625 sec.
    forward max bucket size 1627 , backward 1053.
        Unrouted nets 342 at the end of iteration 41.
    route iteration 41, CPU time elapsed 0.203125 sec.
    forward max bucket size 1646 , backward 920.
        Unrouted nets 336 at the end of iteration 42.
    route iteration 42, CPU time elapsed 0.250000 sec.
    forward max bucket size 2293 , backward 1306.
        Unrouted nets 306 at the end of iteration 43.
    route iteration 43, CPU time elapsed 0.312500 sec.
    forward max bucket size 406 , backward 611.
        Unrouted nets 249 at the end of iteration 44.
    route iteration 44, CPU time elapsed 0.250000 sec.
    forward max bucket size 649 , backward 335.
        Unrouted nets 246 at the end of iteration 45.
    route iteration 45, CPU time elapsed 0.203125 sec.
    forward max bucket size 475 , backward 376.
        Unrouted nets 241 at the end of iteration 46.
    route iteration 46, CPU time elapsed 0.093750 sec.
    forward max bucket size 239 , backward 310.
        Unrouted nets 227 at the end of iteration 47.
    route iteration 47, CPU time elapsed 0.062500 sec.
    forward max bucket size 35226 , backward 406.
        Unrouted nets 231 at the end of iteration 48.
    route iteration 48, CPU time elapsed 0.531250 sec.
    forward max bucket size 947 , backward 594.
        Unrouted nets 220 at the end of iteration 49.
    route iteration 49, CPU time elapsed 0.140625 sec.
    forward max bucket size 326 , backward 371.
        Unrouted nets 182 at the end of iteration 50.
    route iteration 50, CPU time elapsed 0.140625 sec.
    forward max bucket size 294 , backward 461.
        Unrouted nets 202 at the end of iteration 51.
    route iteration 51, CPU time elapsed 0.093750 sec.
    forward max bucket size 358 , backward 356.
        Unrouted nets 185 at the end of iteration 52.
    route iteration 52, CPU time elapsed 0.171875 sec.
    forward max bucket size 337 , backward 313.
        Unrouted nets 152 at the end of iteration 53.
    route iteration 53, CPU time elapsed 0.015625 sec.
    forward max bucket size 878 , backward 641.
        Unrouted nets 133 at the end of iteration 54.
    route iteration 54, CPU time elapsed 0.093750 sec.
    forward max bucket size 449 , backward 362.
        Unrouted nets 142 at the end of iteration 55.
    route iteration 55, CPU time elapsed 0.171875 sec.
    forward max bucket size 274 , backward 207.
        Unrouted nets 126 at the end of iteration 56.
    route iteration 56, CPU time elapsed 0.109375 sec.
    forward max bucket size 154 , backward 222.
        Unrouted nets 102 at the end of iteration 57.
    route iteration 57, CPU time elapsed 0.031250 sec.
    forward max bucket size 609 , backward 268.
        Unrouted nets 96 at the end of iteration 58.
    route iteration 58, CPU time elapsed 0.078125 sec.
    forward max bucket size 186 , backward 176.
        Unrouted nets 83 at the end of iteration 59.
    route iteration 59, CPU time elapsed 0.093750 sec.
    forward max bucket size 175 , backward 317.
        Unrouted nets 82 at the end of iteration 60.
    route iteration 60, CPU time elapsed 0.062500 sec.
    forward max bucket size 308 , backward 374.
        Unrouted nets 61 at the end of iteration 61.
    route iteration 61, CPU time elapsed 0.078125 sec.
    forward max bucket size 426 , backward 253.
        Unrouted nets 65 at the end of iteration 62.
    route iteration 62, CPU time elapsed 0.062500 sec.
    forward max bucket size 316 , backward 233.
        Unrouted nets 76 at the end of iteration 63.
    route iteration 63, CPU time elapsed 0.125000 sec.
    forward max bucket size 345 , backward 303.
        Unrouted nets 83 at the end of iteration 64.
    route iteration 64, CPU time elapsed 0.078125 sec.
    forward max bucket size 599 , backward 434.
        Unrouted nets 73 at the end of iteration 65.
    route iteration 65, CPU time elapsed 0.062500 sec.
    forward max bucket size 670 , backward 441.
        Unrouted nets 69 at the end of iteration 66.
    route iteration 66, CPU time elapsed 0.093750 sec.
    forward max bucket size 343 , backward 339.
        Unrouted nets 66 at the end of iteration 67.
    route iteration 67, CPU time elapsed 0.093750 sec.
    forward max bucket size 203 , backward 219.
        Unrouted nets 64 at the end of iteration 68.
    route iteration 68, CPU time elapsed 0.078125 sec.
    forward max bucket size 289 , backward 222.
        Unrouted nets 61 at the end of iteration 69.
    route iteration 69, CPU time elapsed 0.109375 sec.
    forward max bucket size 386 , backward 509.
        Unrouted nets 52 at the end of iteration 70.
    route iteration 70, CPU time elapsed 0.062500 sec.
    forward max bucket size 187 , backward 173.
        Unrouted nets 37 at the end of iteration 71.
    route iteration 71, CPU time elapsed 0.046875 sec.
    forward max bucket size 229 , backward 324.
        Unrouted nets 26 at the end of iteration 72.
    route iteration 72, CPU time elapsed 0.046875 sec.
    forward max bucket size 303 , backward 199.
        Unrouted nets 30 at the end of iteration 73.
    route iteration 73, CPU time elapsed 0.046875 sec.
    forward max bucket size 404 , backward 305.
        Unrouted nets 33 at the end of iteration 74.
    route iteration 74, CPU time elapsed 0.062500 sec.
    forward max bucket size 486 , backward 269.
        Unrouted nets 26 at the end of iteration 75.
    route iteration 75, CPU time elapsed 0.062500 sec.
    forward max bucket size 223 , backward 88.
        Unrouted nets 21 at the end of iteration 76.
    route iteration 76, CPU time elapsed 0.078125 sec.
    forward max bucket size 22 , backward 21.
        Unrouted nets 11 at the end of iteration 77.
    route iteration 77, CPU time elapsed 0.046875 sec.
    forward max bucket size 171 , backward 39.
        Unrouted nets 8 at the end of iteration 78.
    route iteration 78, CPU time elapsed 0.062500 sec.
    forward max bucket size 789 , backward 566.
        Unrouted nets 8 at the end of iteration 79.
    route iteration 79, CPU time elapsed 0.093750 sec.
    forward max bucket size 317 , backward 33.
        Unrouted nets 14 at the end of iteration 80.
    route iteration 80, CPU time elapsed 0.046875 sec.
    forward max bucket size 480 , backward 262.
        Unrouted nets 22 at the end of iteration 81.
    route iteration 81, CPU time elapsed 0.046875 sec.
    forward max bucket size 89 , backward 124.
        Unrouted nets 13 at the end of iteration 82.
    route iteration 82, CPU time elapsed 0.031250 sec.
    forward max bucket size 789 , backward 504.
        Unrouted nets 10 at the end of iteration 83.
    route iteration 83, CPU time elapsed 0.046875 sec.
    forward max bucket size 128 , backward 71.
        Unrouted nets 9 at the end of iteration 84.
    route iteration 84, CPU time elapsed 0.046875 sec.
    forward max bucket size 128 , backward 77.
        Unrouted nets 11 at the end of iteration 85.
    route iteration 85, CPU time elapsed 0.015625 sec.
    forward max bucket size 149 , backward 173.
        Unrouted nets 13 at the end of iteration 86.
    route iteration 86, CPU time elapsed 0.046875 sec.
    forward max bucket size 80 , backward 27.
        Unrouted nets 4 at the end of iteration 87.
    route iteration 87, CPU time elapsed 0.031250 sec.
    forward max bucket size 40 , backward 25.
        Unrouted nets 5 at the end of iteration 88.
    route iteration 88, CPU time elapsed 0.015625 sec.
    forward max bucket size 15 , backward 14.
        Unrouted nets 2 at the end of iteration 89.
    route iteration 89, CPU time elapsed 0.046875 sec.
    forward max bucket size 16 , backward 12.
        Unrouted nets 4 at the end of iteration 90.
    route iteration 90, CPU time elapsed 0.046875 sec.
    forward max bucket size 20 , backward 17.
        Unrouted nets 4 at the end of iteration 91.
    route iteration 91, CPU time elapsed 0.031250 sec.
    forward max bucket size 11 , backward 10.
        Unrouted nets 2 at the end of iteration 92.
    route iteration 92, CPU time elapsed 0.015625 sec.
    forward max bucket size 20 , backward 16.
        Unrouted nets 0 at the end of iteration 93.
    route iteration 93, CPU time elapsed 0.015625 sec.
C: Route-2036: The clock path from jtag_TCK_ibuf/opit_1:OUT to clkbufg_0/gopclkbufg:CLK is routed by SRB.
Detailed routing takes 61.45 sec.

Dispose routing result:
    Collect routing result.
    Delete unused device instances.
    Annotate routing result.
    Change LUT configuration.
    Dispose misc instances.
I: Route-6001: Insert route through in CLMS_46_213.
I: Route-6001: Insert route through in CLMA_90_157.
I: Route-6001: Insert route through in CLMA_42_224.
I: Route-6001: Insert route through in CLMS_38_225.
I: Route-6001: Insert route through in CLMA_102_224.
I: Route-6001: Insert route through in CLMA_94_172.
I: Route-6001: Insert route through in CLMA_90_169.
I: Route-6001: Insert route through in CLMA_42_249.
I: Route-6001: Insert route through in CLMA_42_192.
I: Route-6001: Insert route through in CLMS_86_237.
I: Route-6001: Insert route through in CLMS_86_169.
I: Route-6001: Insert route through in CLMA_86_240.
I: Route-6001: Insert route through in CLMA_54_264.
I: Route-6001: Insert route through in CLMS_38_109.
I: Route-6001: Insert route through in CLMA_90_172.
I: Route-6001: Insert route through in RCKB_7_61.
    Annotate routing result again.
Finish routing takes 2.39 sec.
Used srb routing arc is 110354.
Cleanup routing takes 0.05 sec.
Routing done.
Total routing takes 75.80 sec.


Device Utilization Summary :
+----------------------------------------------------------------------------+
| Logic Utilization        | Used     | Available     | Utilization(%)     
+----------------------------------------------------------------------------+
| Use of ADC               | 0        | 1             | 0                   
| Use of APM               | 4        | 30            | 13                  
| Use of BKCL              | 2        | 6             | 33                  
| Use of CLMA              | 1625     | 3274          | 50                  
|   FF                     | 2128     | 19644         | 11                  
|   LUT                    | 3655     | 13096         | 28                  
|   LUT-FF pairs           | 939      | 13096         | 7                   
| Use of CLMS              | 534      | 1110          | 48                  
|   FF                     | 772      | 6660          | 12                  
|   LUT                    | 1221     | 4440          | 28                  
|   LUT-FF pairs           | 309      | 4440          | 7                   
|   Distributed RAM        | 0        | 4440          | 0                   
| Use of CRYSTAL           | 0        | 6             | 0                   
| Use of DLL               | 0        | 6             | 0                   
| Use of DQSL              | 0        | 18            | 0                   
| Use of DRM               | 48       | 48            | 100                 
| Use of FLSIF             | 0        | 1             | 0                   
| Use of FUSECODE          | 0        | 1             | 0                   
| Use of HARD0N1           | 0        | 2745          | 0                   
| Use of HMEMC             | 0        | 2             | 0                   
| Use of IO                | 11       | 240           | 5                   
|   IOBD                   | 7        | 120           | 6                   
|   IOBR                   | 0        | 6             | 0                   
|   IOBS                   | 4        | 114           | 4                   
| Use of IOCKDIV           | 0        | 12            | 0                   
| Use of IOCKDLY           | 0        | 24            | 0                   
| Use of IOCKGATE          | 0        | 12            | 0                   
| Use of IOCKGMUX_TEST     | 0        | 12            | 0                   
| Use of IOL               | 11       | 240           | 5                   
| Use of IPAL              | 0        | 1             | 0                   
| Use of MFG_TEST          | 0        | 1             | 0                   
| Use of OSC               | 0        | 1             | 0                   
| Use of PLL               | 0        | 6             | 0                   
| Use of PREGMUX_TEST      | 0        | 6             | 0                   
| Use of RCKB              | 1        | 24            | 4                   
| Use of RCKBMUX_TEST      | 0        | 12            | 0                   
| Use of RESCAL            | 0        | 6             | 0                   
| Use of SCANCHAIN         | 0        | 4             | 0                   
| Use of START             | 1        | 1             | 100                 
| Use of UDID              | 0        | 1             | 0                   
| Use of USCM              | 2        | 20            | 10                  
| Use of USCMMUX_TEST      | 0        | 20            | 0                   
| Use of VCKBMUX_TEST      | 0        | 12            | 0                   
+----------------------------------------------------------------------------+

Finished routing. (CPU time elapsed 0h:02m:11s)
Design 'tinyriscv_soc_top' has been placed and routed successfully.
Saving design to DB.
Action pnr: Real time elapsed is 274.000 sec
Action pnr: CPU time elapsed is 134.016 sec
Current time: Mon Oct 31 12:48:21 2022
Action pnr: Peak memory pool usage is 715,313,152 bytes
Finished placement and routing. (CPU time elapsed 0h:02m:11s)
