#Build: Fabric Compiler 2020.3-Lite, Build 71107, Mar 15 18:01 2021
#Install: D:\PDS_2020.3-Lite\bin
#Application name: pds_shell.exe
#OS: Windows 10 10.0.22621
#Hostname: odincomputer
Generated by Fabric Compiler (version 2020.3-Lite build 71107) at Mon Oct 31 13:29:04 2022
Compiling verification operator library.
Compiling common defs.
Compiling prim grid devices.
Compiling gate devices.
Compiling gate operators.
Building architecture model.
Loading device packaging model 'MBG324'.
I: Parameter configuration file D:/panguprj/tinydram/testparam.txt cannot open.
Starting placement and routing flow. (CPU time elapsed 0h:00m:00s)
Reading design from devmap DB.
Building architecture floorplan logic view.
Executing : apply_constraint -f D:/panguprj/tinydram/device_map/tinyriscv_soc_top.pcf
Executing : def_port {gpio[0]} -LOC V11 -IOSTANDARD LVCMOS33 -VCCIO 3.3 -DRIVE 4 -SLEW SLOW
Executing : def_port {gpio[0]} -LOC V11 -IOSTANDARD LVCMOS33 -VCCIO 3.3 -DRIVE 4 -SLEW SLOW successfully.
Executing : def_port {gpio[1]} -LOC L12 -IOSTANDARD LVCMOS33 -VCCIO 3.3 -DRIVE 4 -SLEW SLOW
Executing : def_port {gpio[1]} -LOC L12 -IOSTANDARD LVCMOS33 -VCCIO 3.3 -DRIVE 4 -SLEW SLOW successfully.
Executing : def_port halted_ind -LOC U10 -IOSTANDARD LVCMOS33 -VCCIO 3.3 -DRIVE 4 -SLEW SLOW
Executing : def_port halted_ind -LOC U10 -IOSTANDARD LVCMOS33 -VCCIO 3.3 -DRIVE 4 -SLEW SLOW successfully.
Executing : def_port jtag_TDO -LOC V16 -IOSTANDARD LVCMOS33 -VCCIO 3.3 -DRIVE 4 -SLEW SLOW
Executing : def_port jtag_TDO -LOC V16 -IOSTANDARD LVCMOS33 -VCCIO 3.3 -DRIVE 4 -SLEW SLOW successfully.
Executing : def_port uart_tx_pin -LOC R18 -IOSTANDARD LVCMOS33 -VCCIO 3.3 -DRIVE 4 -SLEW SLOW
Executing : def_port uart_tx_pin -LOC R18 -IOSTANDARD LVCMOS33 -VCCIO 3.3 -DRIVE 4 -SLEW SLOW successfully.
Executing : def_port clk -LOC B5 -IOSTANDARD LVTTL33 -VCCIO 3.3
Executing : def_port clk -LOC B5 -IOSTANDARD LVTTL33 -VCCIO 3.3 successfully.
Executing : def_port jtag_TCK -LOC V17 -IOSTANDARD LVTTL33 -VCCIO 3.3
Executing : def_port jtag_TCK -LOC V17 -IOSTANDARD LVTTL33 -VCCIO 3.3 successfully.
Executing : def_port jtag_TDI -LOC V18 -IOSTANDARD LVTTL33 -VCCIO 3.3
Executing : def_port jtag_TDI -LOC V18 -IOSTANDARD LVTTL33 -VCCIO 3.3 successfully.
Executing : def_port jtag_TMS -LOC T18 -IOSTANDARD LVTTL33 -VCCIO 3.3
Executing : def_port jtag_TMS -LOC T18 -IOSTANDARD LVTTL33 -VCCIO 3.3 successfully.
Executing : def_port rst_ext_i -LOC U12 -IOSTANDARD LVTTL33 -VCCIO 3.3
Executing : def_port rst_ext_i -LOC U12 -IOSTANDARD LVTTL33 -VCCIO 3.3 successfully.
Executing : def_port uart_rx_pin -LOC N14 -IOSTANDARD LVTTL33 -VCCIO 3.3
Executing : def_port uart_rx_pin -LOC N14 -IOSTANDARD LVTTL33 -VCCIO 3.3 successfully.
Executing : apply_constraint -f D:/panguprj/tinydram/device_map/tinyriscv_soc_top.pcf successfully.

Placement started.
Mapping instance clkbufg_1/gopclkbufg to USCM_74_104.
C: Place-2028: GLOBAL_CLOCK: the driver jtag_TCK_ibuf/opit_1 fixed at IOL_151_81 is unreasonable. Sub-optimal placement for a clock source and a clock buffer.
Mapping instance clkbufg_0/gopclkbufg to USCM_74_133.
Pre global placement takes 14.19 sec.
Run super clustering :
	Initial slack -16959.
	8 iterations finished.
	Final slack -7809.
Super clustering done.
Design Utilization : 28%.
Global placement takes 11.02 sec.
Wirelength after global placement is 85196.
Placed fixed group with base inst clk_ibuf/opit_1 on IOL_7_298.
Placed fixed instance clkbufg_0/gopclkbufg on USCM_74_133.
Placed fixed instance clkbufg_1/gopclkbufg on USCM_74_104.
Placed fixed group with base inst gpio_tri[0]/opit_1 on IOL_151_101.
Placed fixed group with base inst gpio_tri[1]/opit_1 on IOL_151_161.
Placed fixed group with base inst halted_ind_obuf/opit_1 on IOL_151_114.
Placed fixed group with base inst jtag_TCK_ibuf/opit_1 on IOL_151_81.
Placed fixed group with base inst jtag_TDI_ibuf/opit_1 on IOL_151_82.
Placed fixed group with base inst jtag_TDO_obuf/opit_1 on IOL_151_22.
Placed fixed group with base inst jtag_TMS_ibuf/opit_1 on IOL_151_74.
Placed fixed group with base inst rst_ext_i_ibuf/opit_1 on IOL_151_106.
Placed fixed group with base inst uart_rx_pin_ibuf/opit_1 on IOL_151_5.
Placed fixed group with base inst uart_tx_pin_obuf/opit_1 on IOL_151_49.
Placed fixed instance BKCL_auto_0 on BKCL_2_268.
Placed fixed instance BKCL_auto_1 on BKCL_154_144.
Placed fixed instance BKCL_auto_2 on BKCL_154_20.
Wirelength after Macro cell placement is 97216.
Macro cell placement takes 0.16 sec.
Run super clustering :
	Initial slack -16959.
	8 iterations finished.
	Final slack -7809.
Super clustering done.
Design Utilization : 28%.
Wirelength after post global placement is 81951.
Post global placement takes 9.11 sec.
Wirelength after legalization is 86940.
Legalization takes 0.86 sec.
Worst slack before Replication Place is -1565.
Wirelength after replication placement is 86940.
Legalized cost -1565.000000.
The detailed placement ends at 20th iteration.
Wirelength after detailed placement is 94372.
Timing-driven detailed placement takes 21.38 sec.
Placement done.
Total placement takes 58.97 sec.
Finished placement. (CPU time elapsed 0h:01m:00s)

Routing started.
Building routing graph takes 1.23 sec.
Worst slack is 3136.
Processing design graph takes 0.77 sec.
Total memory for routing:
	50.943851 M.
Total nets for routing : 7606.
Rcf routing step 1 processed 0 nets, it takes 0.00 sec.
Rcf routing step 2 processed 0 nets, it takes 0.00 sec.
Rcf routing step 3 processed 0 nets, it takes 0.00 sec.
Unrouted nets 0 at the end of iteration 0.
Global Routing step 1 processed 187 nets, it takes 0.06 sec.
Unrouted nets 148 at the end of iteration 0.
Unrouted nets 128 at the end of iteration 1.
Unrouted nets 127 at the end of iteration 2.
Unrouted nets 113 at the end of iteration 3.
Unrouted nets 91 at the end of iteration 4.
Unrouted nets 61 at the end of iteration 5.
Unrouted nets 45 at the end of iteration 6.
Unrouted nets 35 at the end of iteration 7.
Unrouted nets 27 at the end of iteration 8.
Unrouted nets 23 at the end of iteration 9.
Unrouted nets 22 at the end of iteration 10.
Unrouted nets 16 at the end of iteration 11.
Unrouted nets 12 at the end of iteration 12.
Unrouted nets 7 at the end of iteration 13.
Unrouted nets 8 at the end of iteration 14.
Unrouted nets 9 at the end of iteration 15.
Unrouted nets 5 at the end of iteration 16.
Unrouted nets 4 at the end of iteration 17.
Unrouted nets 5 at the end of iteration 18.
Unrouted nets 5 at the end of iteration 19.
Unrouted nets 4 at the end of iteration 20.
Unrouted nets 4 at the end of iteration 21.
Unrouted nets 5 at the end of iteration 22.
Unrouted nets 5 at the end of iteration 23.
Unrouted nets 4 at the end of iteration 24.
Unrouted nets 2 at the end of iteration 25.
Unrouted nets 2 at the end of iteration 26.
Unrouted nets 1 at the end of iteration 27.
Unrouted nets 1 at the end of iteration 28.
Unrouted nets 1 at the end of iteration 29.
Unrouted nets 0 at the end of iteration 30.
Global Routing step 2 processed 294 nets, it takes 1.19 sec.
Unrouted nets 225 at the end of iteration 0.
Unrouted nets 175 at the end of iteration 1.
Unrouted nets 123 at the end of iteration 2.
Unrouted nets 118 at the end of iteration 3.
Unrouted nets 78 at the end of iteration 4.
Unrouted nets 54 at the end of iteration 5.
Unrouted nets 38 at the end of iteration 6.
Unrouted nets 21 at the end of iteration 7.
Unrouted nets 27 at the end of iteration 8.
Unrouted nets 17 at the end of iteration 9.
Unrouted nets 18 at the end of iteration 10.
Unrouted nets 26 at the end of iteration 11.
Unrouted nets 24 at the end of iteration 12.
Unrouted nets 18 at the end of iteration 13.
Unrouted nets 10 at the end of iteration 14.
Unrouted nets 3 at the end of iteration 15.
Unrouted nets 2 at the end of iteration 16.
Unrouted nets 1 at the end of iteration 17.
Unrouted nets 1 at the end of iteration 18.
Unrouted nets 1 at the end of iteration 19.
Unrouted nets 1 at the end of iteration 20.
Unrouted nets 4 at the end of iteration 21.
Unrouted nets 3 at the end of iteration 22.
Unrouted nets 2 at the end of iteration 23.
Unrouted nets 1 at the end of iteration 24.
Unrouted nets 1 at the end of iteration 25.
Unrouted nets 3 at the end of iteration 26.
Unrouted nets 4 at the end of iteration 27.
Unrouted nets 3 at the end of iteration 28.
Unrouted nets 3 at the end of iteration 29.
Unrouted nets 8 at the end of iteration 30.
Unrouted nets 1 at the end of iteration 31.
Unrouted nets 1 at the end of iteration 32.
Unrouted nets 1 at the end of iteration 33.
Unrouted nets 2 at the end of iteration 34.
Unrouted nets 1 at the end of iteration 35.
Unrouted nets 1 at the end of iteration 36.
Unrouted nets 1 at the end of iteration 37.
Unrouted nets 2 at the end of iteration 38.
Unrouted nets 1 at the end of iteration 39.
Unrouted nets 1 at the end of iteration 40.
Unrouted nets 2 at the end of iteration 41.
Unrouted nets 1 at the end of iteration 42.
Unrouted nets 1 at the end of iteration 43.
Unrouted nets 1 at the end of iteration 44.
Unrouted nets 1 at the end of iteration 45.
Unrouted nets 1 at the end of iteration 46.
Unrouted nets 1 at the end of iteration 47.
Unrouted nets 1 at the end of iteration 48.
Unrouted nets 2 at the end of iteration 49.
Unrouted nets 1 at the end of iteration 50.
Unrouted nets 2 at the end of iteration 51.
Unrouted nets 1 at the end of iteration 52.
Unrouted nets 1 at the end of iteration 53.
Unrouted nets 1 at the end of iteration 54.
Unrouted nets 1 at the end of iteration 55.
Unrouted nets 1 at the end of iteration 56.
Unrouted nets 2 at the end of iteration 57.
Unrouted nets 2 at the end of iteration 58.
Unrouted nets 2 at the end of iteration 59.
Unrouted nets 0 at the end of iteration 60.
Global Routing step 3 processed 322 nets, it takes 8.08 sec.
Global routing takes 9.34 sec.
Total 10309 subnets.
    forward max bucket size 23205 , backward 376.
        Unrouted nets 8029 at the end of iteration 0.
    route iteration 0, CPU time elapsed 3.375000 sec.
    forward max bucket size 24355 , backward 392.
        Unrouted nets 7232 at the end of iteration 1.
    route iteration 1, CPU time elapsed 2.328125 sec.
    forward max bucket size 25757 , backward 661.
        Unrouted nets 6538 at the end of iteration 2.
    route iteration 2, CPU time elapsed 2.734375 sec.
    forward max bucket size 26558 , backward 686.
        Unrouted nets 5915 at the end of iteration 3.
    route iteration 3, CPU time elapsed 2.703125 sec.
    forward max bucket size 27470 , backward 669.
        Unrouted nets 5375 at the end of iteration 4.
    route iteration 4, CPU time elapsed 3.609375 sec.
    forward max bucket size 1016 , backward 957.
        Unrouted nets 4998 at the end of iteration 5.
    route iteration 5, CPU time elapsed 2.906250 sec.
    forward max bucket size 29181 , backward 1205.
        Unrouted nets 4701 at the end of iteration 6.
    route iteration 6, CPU time elapsed 3.687500 sec.
    forward max bucket size 29910 , backward 1076.
        Unrouted nets 4217 at the end of iteration 7.
    route iteration 7, CPU time elapsed 3.437500 sec.
    forward max bucket size 30420 , backward 764.
        Unrouted nets 3789 at the end of iteration 8.
    route iteration 8, CPU time elapsed 3.109375 sec.
    forward max bucket size 31074 , backward 548.
        Unrouted nets 3389 at the end of iteration 9.
    route iteration 9, CPU time elapsed 2.968750 sec.
    forward max bucket size 31677 , backward 731.
        Unrouted nets 3124 at the end of iteration 10.
    route iteration 10, CPU time elapsed 2.750000 sec.
    forward max bucket size 860 , backward 630.
        Unrouted nets 2741 at the end of iteration 11.
    route iteration 11, CPU time elapsed 1.906250 sec.
    forward max bucket size 859 , backward 669.
        Unrouted nets 2535 at the end of iteration 12.
    route iteration 12, CPU time elapsed 1.750000 sec.
    forward max bucket size 1047 , backward 515.
        Unrouted nets 2346 at the end of iteration 13.
    route iteration 13, CPU time elapsed 1.390625 sec.
    forward max bucket size 32963 , backward 557.
        Unrouted nets 2080 at the end of iteration 14.
    route iteration 14, CPU time elapsed 2.171875 sec.
    forward max bucket size 33315 , backward 651.
        Unrouted nets 1936 at the end of iteration 15.
    route iteration 15, CPU time elapsed 2.015625 sec.
    forward max bucket size 33203 , backward 515.
        Unrouted nets 1794 at the end of iteration 16.
    route iteration 16, CPU time elapsed 2.187500 sec.
    forward max bucket size 693 , backward 563.
        Unrouted nets 1647 at the end of iteration 17.
    route iteration 17, CPU time elapsed 1.015625 sec.
    forward max bucket size 735 , backward 717.
        Unrouted nets 1500 at the end of iteration 18.
    route iteration 18, CPU time elapsed 0.843750 sec.
    forward max bucket size 897 , backward 717.
        Unrouted nets 1448 at the end of iteration 19.
    route iteration 19, CPU time elapsed 0.921875 sec.
    forward max bucket size 879 , backward 726.
        Unrouted nets 1383 at the end of iteration 20.
    route iteration 20, CPU time elapsed 0.937500 sec.
    forward max bucket size 711 , backward 507.
        Unrouted nets 1210 at the end of iteration 21.
    route iteration 21, CPU time elapsed 0.843750 sec.
    forward max bucket size 611 , backward 534.
        Unrouted nets 1191 at the end of iteration 22.
    route iteration 22, CPU time elapsed 0.812500 sec.
    forward max bucket size 593 , backward 696.
        Unrouted nets 1157 at the end of iteration 23.
    route iteration 23, CPU time elapsed 1.078125 sec.
    forward max bucket size 1103 , backward 547.
        Unrouted nets 1082 at the end of iteration 24.
    route iteration 24, CPU time elapsed 0.843750 sec.
    forward max bucket size 646 , backward 679.
        Unrouted nets 1016 at the end of iteration 25.
    route iteration 25, CPU time elapsed 0.906250 sec.
    forward max bucket size 495 , backward 451.
        Unrouted nets 930 at the end of iteration 26.
    route iteration 26, CPU time elapsed 0.703125 sec.
    forward max bucket size 523 , backward 379.
        Unrouted nets 861 at the end of iteration 27.
    route iteration 27, CPU time elapsed 0.734375 sec.
    forward max bucket size 468 , backward 367.
        Unrouted nets 805 at the end of iteration 28.
    route iteration 28, CPU time elapsed 0.515625 sec.
    forward max bucket size 456 , backward 635.
        Unrouted nets 746 at the end of iteration 29.
    route iteration 29, CPU time elapsed 0.687500 sec.
    forward max bucket size 479 , backward 428.
        Unrouted nets 737 at the end of iteration 30.
    route iteration 30, CPU time elapsed 0.656250 sec.
    forward max bucket size 1476 , backward 423.
        Unrouted nets 701 at the end of iteration 31.
    route iteration 31, CPU time elapsed 0.406250 sec.
    forward max bucket size 1144 , backward 439.
        Unrouted nets 641 at the end of iteration 32.
    route iteration 32, CPU time elapsed 0.546875 sec.
    forward max bucket size 534 , backward 384.
        Unrouted nets 628 at the end of iteration 33.
    route iteration 33, CPU time elapsed 0.609375 sec.
    forward max bucket size 583 , backward 535.
        Unrouted nets 600 at the end of iteration 34.
    route iteration 34, CPU time elapsed 0.343750 sec.
    forward max bucket size 408 , backward 412.
        Unrouted nets 533 at the end of iteration 35.
    route iteration 35, CPU time elapsed 0.328125 sec.
    forward max bucket size 818 , backward 481.
        Unrouted nets 502 at the end of iteration 36.
    route iteration 36, CPU time elapsed 0.421875 sec.
    forward max bucket size 848 , backward 322.
        Unrouted nets 510 at the end of iteration 37.
    route iteration 37, CPU time elapsed 0.312500 sec.
    forward max bucket size 591 , backward 645.
        Unrouted nets 457 at the end of iteration 38.
    route iteration 38, CPU time elapsed 0.406250 sec.
    forward max bucket size 552 , backward 408.
        Unrouted nets 435 at the end of iteration 39.
    route iteration 39, CPU time elapsed 0.343750 sec.
    forward max bucket size 604 , backward 307.
        Unrouted nets 445 at the end of iteration 40.
    route iteration 40, CPU time elapsed 0.265625 sec.
    forward max bucket size 979 , backward 719.
        Unrouted nets 440 at the end of iteration 41.
    route iteration 41, CPU time elapsed 0.359375 sec.
    forward max bucket size 973 , backward 463.
        Unrouted nets 431 at the end of iteration 42.
    route iteration 42, CPU time elapsed 0.265625 sec.
    forward max bucket size 785 , backward 840.
        Unrouted nets 403 at the end of iteration 43.
    route iteration 43, CPU time elapsed 0.234375 sec.
    forward max bucket size 764 , backward 754.
        Unrouted nets 377 at the end of iteration 44.
    route iteration 44, CPU time elapsed 0.234375 sec.
    forward max bucket size 911 , backward 324.
        Unrouted nets 334 at the end of iteration 45.
    route iteration 45, CPU time elapsed 0.265625 sec.
    forward max bucket size 1138 , backward 377.
        Unrouted nets 324 at the end of iteration 46.
    route iteration 46, CPU time elapsed 0.328125 sec.
    forward max bucket size 1103 , backward 345.
        Unrouted nets 299 at the end of iteration 47.
    route iteration 47, CPU time elapsed 0.328125 sec.
    forward max bucket size 857 , backward 686.
        Unrouted nets 289 at the end of iteration 48.
    route iteration 48, CPU time elapsed 0.250000 sec.
    forward max bucket size 949 , backward 385.
        Unrouted nets 294 at the end of iteration 49.
    route iteration 49, CPU time elapsed 0.171875 sec.
    forward max bucket size 382 , backward 649.
        Unrouted nets 271 at the end of iteration 50.
    route iteration 50, CPU time elapsed 0.203125 sec.
    forward max bucket size 315 , backward 258.
        Unrouted nets 273 at the end of iteration 51.
    route iteration 51, CPU time elapsed 0.281250 sec.
    forward max bucket size 312 , backward 265.
        Unrouted nets 290 at the end of iteration 52.
    route iteration 52, CPU time elapsed 0.281250 sec.
    forward max bucket size 625 , backward 319.
        Unrouted nets 330 at the end of iteration 53.
    route iteration 53, CPU time elapsed 0.375000 sec.
    forward max bucket size 619 , backward 415.
        Unrouted nets 293 at the end of iteration 54.
    route iteration 54, CPU time elapsed 0.343750 sec.
    forward max bucket size 524 , backward 257.
        Unrouted nets 247 at the end of iteration 55.
    route iteration 55, CPU time elapsed 0.296875 sec.
    forward max bucket size 682 , backward 295.
        Unrouted nets 251 at the end of iteration 56.
    route iteration 56, CPU time elapsed 0.265625 sec.
    forward max bucket size 742 , backward 352.
        Unrouted nets 221 at the end of iteration 57.
    route iteration 57, CPU time elapsed 0.187500 sec.
    forward max bucket size 619 , backward 620.
        Unrouted nets 194 at the end of iteration 58.
    route iteration 58, CPU time elapsed 0.156250 sec.
    forward max bucket size 795 , backward 221.
        Unrouted nets 178 at the end of iteration 59.
    route iteration 59, CPU time elapsed 0.187500 sec.
    forward max bucket size 364 , backward 273.
        Unrouted nets 165 at the end of iteration 60.
    route iteration 60, CPU time elapsed 0.125000 sec.
    forward max bucket size 572 , backward 246.
        Unrouted nets 146 at the end of iteration 61.
    route iteration 61, CPU time elapsed 0.156250 sec.
    forward max bucket size 283 , backward 207.
        Unrouted nets 162 at the end of iteration 62.
    route iteration 62, CPU time elapsed 0.125000 sec.
    forward max bucket size 274 , backward 285.
        Unrouted nets 143 at the end of iteration 63.
    route iteration 63, CPU time elapsed 0.171875 sec.
    forward max bucket size 359 , backward 447.
        Unrouted nets 133 at the end of iteration 64.
    route iteration 64, CPU time elapsed 0.171875 sec.
    forward max bucket size 442 , backward 375.
        Unrouted nets 117 at the end of iteration 65.
    route iteration 65, CPU time elapsed 0.203125 sec.
    forward max bucket size 442 , backward 488.
        Unrouted nets 125 at the end of iteration 66.
    route iteration 66, CPU time elapsed 0.125000 sec.
    forward max bucket size 442 , backward 480.
        Unrouted nets 120 at the end of iteration 67.
    route iteration 67, CPU time elapsed 0.015625 sec.
    forward max bucket size 440 , backward 220.
        Unrouted nets 110 at the end of iteration 68.
    route iteration 68, CPU time elapsed 0.093750 sec.
    forward max bucket size 177 , backward 350.
        Unrouted nets 114 at the end of iteration 69.
    route iteration 69, CPU time elapsed 0.062500 sec.
    forward max bucket size 786 , backward 234.
        Unrouted nets 116 at the end of iteration 70.
    route iteration 70, CPU time elapsed 0.062500 sec.
    forward max bucket size 286 , backward 375.
        Unrouted nets 114 at the end of iteration 71.
    route iteration 71, CPU time elapsed 0.093750 sec.
    forward max bucket size 221 , backward 517.
        Unrouted nets 103 at the end of iteration 72.
    route iteration 72, CPU time elapsed 0.078125 sec.
    forward max bucket size 246 , backward 264.
        Unrouted nets 116 at the end of iteration 73.
    route iteration 73, CPU time elapsed 0.140625 sec.
    forward max bucket size 271 , backward 183.
        Unrouted nets 106 at the end of iteration 74.
    route iteration 74, CPU time elapsed 0.156250 sec.
    forward max bucket size 320 , backward 313.
        Unrouted nets 97 at the end of iteration 75.
    route iteration 75, CPU time elapsed 0.140625 sec.
    forward max bucket size 252 , backward 326.
        Unrouted nets 92 at the end of iteration 76.
    route iteration 76, CPU time elapsed 0.187500 sec.
    forward max bucket size 178 , backward 166.
        Unrouted nets 75 at the end of iteration 77.
    route iteration 77, CPU time elapsed 0.093750 sec.
    forward max bucket size 55 , backward 112.
        Unrouted nets 67 at the end of iteration 78.
    route iteration 78, CPU time elapsed 0.109375 sec.
    forward max bucket size 453 , backward 202.
        Unrouted nets 57 at the end of iteration 79.
    route iteration 79, CPU time elapsed 0.062500 sec.
    forward max bucket size 259 , backward 212.
        Unrouted nets 62 at the end of iteration 80.
    route iteration 80, CPU time elapsed 0.078125 sec.
    forward max bucket size 107 , backward 114.
        Unrouted nets 76 at the end of iteration 81.
    route iteration 81, CPU time elapsed 0.109375 sec.
    forward max bucket size 330 , backward 253.
        Unrouted nets 70 at the end of iteration 82.
    route iteration 82, CPU time elapsed 0.109375 sec.
    forward max bucket size 80 , backward 222.
        Unrouted nets 56 at the end of iteration 83.
    route iteration 83, CPU time elapsed 0.046875 sec.
    forward max bucket size 376 , backward 244.
        Unrouted nets 57 at the end of iteration 84.
    route iteration 84, CPU time elapsed 0.046875 sec.
    forward max bucket size 411 , backward 149.
        Unrouted nets 77 at the end of iteration 85.
    route iteration 85, CPU time elapsed 0.093750 sec.
    forward max bucket size 226 , backward 307.
        Unrouted nets 77 at the end of iteration 86.
    route iteration 86, CPU time elapsed 0.062500 sec.
    forward max bucket size 267 , backward 582.
        Unrouted nets 82 at the end of iteration 87.
    route iteration 87, CPU time elapsed 0.109375 sec.
    forward max bucket size 163 , backward 182.
        Unrouted nets 69 at the end of iteration 88.
    route iteration 88, CPU time elapsed 0.062500 sec.
    forward max bucket size 482 , backward 265.
        Unrouted nets 69 at the end of iteration 89.
    route iteration 89, CPU time elapsed 0.046875 sec.
    forward max bucket size 274 , backward 337.
        Unrouted nets 62 at the end of iteration 90.
    route iteration 90, CPU time elapsed 0.031250 sec.
    forward max bucket size 226 , backward 155.
        Unrouted nets 59 at the end of iteration 91.
    route iteration 91, CPU time elapsed 0.015625 sec.
    forward max bucket size 153 , backward 154.
        Unrouted nets 43 at the end of iteration 92.
    route iteration 92, CPU time elapsed 0.015625 sec.
    forward max bucket size 151 , backward 142.
        Unrouted nets 37 at the end of iteration 93.
    route iteration 93, CPU time elapsed 0.078125 sec.
    forward max bucket size 182 , backward 117.
        Unrouted nets 22 at the end of iteration 94.
    route iteration 94, CPU time elapsed 0.031250 sec.
    forward max bucket size 50 , backward 39.
        Unrouted nets 16 at the end of iteration 95.
    route iteration 95, CPU time elapsed 0.062500 sec.
    forward max bucket size 74 , backward 169.
        Unrouted nets 14 at the end of iteration 96.
    route iteration 96, CPU time elapsed 0.015625 sec.
    forward max bucket size 79 , backward 212.
        Unrouted nets 16 at the end of iteration 97.
    route iteration 97, CPU time elapsed 0.046875 sec.
    forward max bucket size 22 , backward 17.
        Unrouted nets 12 at the end of iteration 98.
    route iteration 98, CPU time elapsed 0.031250 sec.
    forward max bucket size 27 , backward 21.
        Unrouted nets 8 at the end of iteration 99.
    route iteration 99, CPU time elapsed 0.062500 sec.
    forward max bucket size 21 , backward 31.
        Unrouted nets 6 at the end of iteration 100.
    route iteration 100, CPU time elapsed 0.015625 sec.
    forward max bucket size 27 , backward 20.
        Unrouted nets 7 at the end of iteration 101.
    route iteration 101, CPU time elapsed 0.000000 sec.
    forward max bucket size 61 , backward 48.
        Unrouted nets 10 at the end of iteration 102.
    route iteration 102, CPU time elapsed 0.031250 sec.
    forward max bucket size 78 , backward 66.
        Unrouted nets 15 at the end of iteration 103.
    route iteration 103, CPU time elapsed 0.046875 sec.
    forward max bucket size 206 , backward 61.
        Unrouted nets 14 at the end of iteration 104.
    route iteration 104, CPU time elapsed 0.078125 sec.
    forward max bucket size 40 , backward 38.
        Unrouted nets 10 at the end of iteration 105.
    route iteration 105, CPU time elapsed 0.000000 sec.
    forward max bucket size 30 , backward 93.
        Unrouted nets 5 at the end of iteration 106.
    route iteration 106, CPU time elapsed 0.015625 sec.
    forward max bucket size 165 , backward 148.
        Unrouted nets 6 at the end of iteration 107.
    route iteration 107, CPU time elapsed 0.015625 sec.
    forward max bucket size 32 , backward 28.
        Unrouted nets 6 at the end of iteration 108.
    route iteration 108, CPU time elapsed 0.015625 sec.
    forward max bucket size 43 , backward 58.
        Unrouted nets 4 at the end of iteration 109.
    route iteration 109, CPU time elapsed 0.031250 sec.
    forward max bucket size 19 , backward 23.
        Unrouted nets 3 at the end of iteration 110.
    route iteration 110, CPU time elapsed 0.031250 sec.
    forward max bucket size 16 , backward 15.
        Unrouted nets 2 at the end of iteration 111.
    route iteration 111, CPU time elapsed 0.000000 sec.
    forward max bucket size 52 , backward 33.
        Unrouted nets 2 at the end of iteration 112.
    route iteration 112, CPU time elapsed 0.031250 sec.
    forward max bucket size 137 , backward 18.
        Unrouted nets 0 at the end of iteration 113.
    route iteration 113, CPU time elapsed 0.046875 sec.
C: Route-2036: The clock path from jtag_TCK_ibuf/opit_1:OUT to clkbufg_0/gopclkbufg:CLK is routed by SRB.
Detailed routing takes 70.84 sec.

Dispose routing result:
    Collect routing result.
    Delete unused device instances.
    Annotate routing result.
    Change LUT configuration.
    Dispose misc instances.
I: Route-6001: Insert route through in CLMS_66_133.
I: Route-6001: Insert route through in CLMA_58_236.
I: Route-6001: Insert route through in CLMA_98_209.
I: Route-6001: Insert route through in CLMA_90_168.
I: Route-6001: Insert route through in CLMA_70_149.
I: Route-6001: Insert route through in CLMS_102_117.
I: Route-6001: Insert route through in CLMS_78_169.
I: Route-6001: Insert route through in CLMA_98_132.
I: Route-6001: Insert route through in CLMS_38_177.
I: Route-6001: Insert route through in CLMS_102_169.
I: Route-6001: Insert route through in CLMA_94_124.
I: Route-6001: Insert route through in CLMA_78_248.
I: Route-6001: Insert route through in CLMS_54_245.
I: Route-6001: Insert route through in CLMA_58_212.
I: Route-6001: Insert route through in CLMS_86_145.
I: Route-6001: Insert route through in CLMA_98_128.
I: Route-6001: Insert route through in CLMS_78_137.
I: Route-6001: Insert route through in CLMA_98_129.
I: Route-6001: Insert route through in CLMA_90_153.
I: Route-6001: Insert route through in CLMA_94_172.
I: Route-6001: Insert route through in CLMA_54_284.
I: Route-6001: Insert route through in CLMA_50_241.
I: Route-6001: Insert route through in CLMA_30_92.
I: Route-6001: Insert route through in CLMA_94_156.
I: Route-6001: Insert route through in RCKB_7_185.
I: Route-6001: Insert route through in RCKB_7_187.
I: Route-6001: Insert route through in RCKB_151_187.
I: Route-6001: Insert route through in RCKB_151_184.
I: Route-6001: Insert route through in RCKB_151_186.
I: Route-6001: Insert route through in RCKB_151_185.
    Annotate routing result again.
Finish routing takes 2.20 sec.
Used srb routing arc is 112377.
Cleanup routing takes 0.05 sec.
Routing done.
Total routing takes 86.56 sec.


Device Utilization Summary :
+----------------------------------------------------------------------------+
| Logic Utilization        | Used     | Available     | Utilization(%)     
+----------------------------------------------------------------------------+
| Use of ADC               | 0        | 1             | 0                   
| Use of APM               | 4        | 30            | 13                  
| Use of BKCL              | 3        | 6             | 50                  
| Use of CLMA              | 1769     | 3274          | 54                  
|   FF                     | 2150     | 19644         | 11                  
|   LUT                    | 3735     | 13096         | 29                  
|   LUT-FF pairs           | 931      | 13096         | 7                   
| Use of CLMS              | 598      | 1110          | 54                  
|   FF                     | 750      | 6660          | 11                  
|   LUT                    | 1166     | 4440          | 26                  
|   LUT-FF pairs           | 317      | 4440          | 7                   
|   Distributed RAM        | 0        | 4440          | 0                   
| Use of CRYSTAL           | 0        | 6             | 0                   
| Use of DLL               | 0        | 6             | 0                   
| Use of DQSL              | 0        | 18            | 0                   
| Use of DRM               | 48       | 48            | 100                 
| Use of FLSIF             | 0        | 1             | 0                   
| Use of FUSECODE          | 0        | 1             | 0                   
| Use of HARD0N1           | 0        | 2745          | 0                   
| Use of HMEMC             | 0        | 2             | 0                   
| Use of IO                | 11       | 240           | 5                   
|   IOBD                   | 6        | 120           | 5                   
|   IOBR                   | 0        | 6             | 0                   
|   IOBS                   | 5        | 114           | 4                   
| Use of IOCKDIV           | 0        | 12            | 0                   
| Use of IOCKDLY           | 0        | 24            | 0                   
| Use of IOCKGATE          | 0        | 12            | 0                   
| Use of IOCKGMUX_TEST     | 0        | 12            | 0                   
| Use of IOL               | 11       | 240           | 5                   
| Use of IPAL              | 0        | 1             | 0                   
| Use of MFG_TEST          | 0        | 1             | 0                   
| Use of OSC               | 0        | 1             | 0                   
| Use of PLL               | 0        | 6             | 0                   
| Use of PREGMUX_TEST      | 0        | 6             | 0                   
| Use of RCKB              | 6        | 24            | 25                  
| Use of RCKBMUX_TEST      | 0        | 12            | 0                   
| Use of RESCAL            | 0        | 6             | 0                   
| Use of SCANCHAIN         | 0        | 4             | 0                   
| Use of START             | 1        | 1             | 100                 
| Use of UDID              | 0        | 1             | 0                   
| Use of USCM              | 2        | 20            | 10                  
| Use of USCMMUX_TEST      | 0        | 20            | 0                   
| Use of VCKBMUX_TEST      | 0        | 12            | 0                   
+----------------------------------------------------------------------------+

Finished routing. (CPU time elapsed 0h:02m:27s)
Design 'tinyriscv_soc_top' has been placed and routed successfully.
Saving design to DB.
Action pnr: Real time elapsed is 317.000 sec
Action pnr: CPU time elapsed is 152.281 sec
Current time: Mon Oct 31 13:34:18 2022
Action pnr: Peak memory pool usage is 710,660,096 bytes
Finished placement and routing. (CPU time elapsed 0h:02m:28s)
