#Build: Fabric Compiler 2020.3-Lite, Build 71107, Mar 15 18:01 2021
#Install: D:\PDS_2020.3-Lite\bin
#Application name: pds_shell.exe
#OS: Windows 10 10.0.22621
#Hostname: odincomputer
Generated by Fabric Compiler (version 2020.3-Lite build 71107) at Wed Nov  9 22:23:45 2022
Compiling verification operator library.
Compiling common defs.
Compiling prim grid devices.
Compiling gate devices.
Compiling gate operators.
Building architecture model.
Loading device packaging model 'MBG324'.
I: Parameter configuration file D:/panguprj/tinydram/testparam.txt cannot open.
Starting placement and routing flow. (CPU time elapsed 0h:00m:00s)
Reading design from devmap DB.
Building architecture floorplan logic view.
Executing : apply_constraint -f D:/panguprj/tinydram/device_map/tinyriscv_soc_top.pcf
Executing : def_port {gpio[0]} -LOC U11 -IOSTANDARD LVCMOS33 -VCCIO 3.3 -DRIVE 4 -SLEW SLOW
Executing : def_port {gpio[0]} -LOC U11 -IOSTANDARD LVCMOS33 -VCCIO 3.3 -DRIVE 4 -SLEW SLOW successfully.
Executing : def_port {gpio[1]} -LOC P17 -IOSTANDARD LVCMOS33 -VCCIO 3.3 -DRIVE 4 -SLEW SLOW
Executing : def_port {gpio[1]} -LOC P17 -IOSTANDARD LVCMOS33 -VCCIO 3.3 -DRIVE 4 -SLEW SLOW successfully.
Executing : def_port halted_ind -LOC U10 -IOSTANDARD LVCMOS33 -VCCIO 3.3 -DRIVE 4 -SLEW SLOW
Executing : def_port halted_ind -LOC U10 -IOSTANDARD LVCMOS33 -VCCIO 3.3 -DRIVE 4 -SLEW SLOW successfully.
Executing : def_port jtag_TDO -LOC V16 -IOSTANDARD LVCMOS33 -VCCIO 3.3 -DRIVE 4 -SLEW SLOW
Executing : def_port jtag_TDO -LOC V16 -IOSTANDARD LVCMOS33 -VCCIO 3.3 -DRIVE 4 -SLEW SLOW successfully.
Executing : def_port uart_tx_pin -LOC R18 -IOSTANDARD LVCMOS33 -VCCIO 3.3 -DRIVE 4 -SLEW SLOW
Executing : def_port uart_tx_pin -LOC R18 -IOSTANDARD LVCMOS33 -VCCIO 3.3 -DRIVE 4 -SLEW SLOW successfully.
Executing : def_port clk -LOC B5 -IOSTANDARD LVTTL33 -VCCIO 3.3
Executing : def_port clk -LOC B5 -IOSTANDARD LVTTL33 -VCCIO 3.3 successfully.
Executing : def_port jtag_TCK -LOC V17 -IOSTANDARD LVTTL33 -VCCIO 3.3
Executing : def_port jtag_TCK -LOC V17 -IOSTANDARD LVTTL33 -VCCIO 3.3 successfully.
Executing : def_port jtag_TDI -LOC V18 -IOSTANDARD LVTTL33 -VCCIO 3.3
Executing : def_port jtag_TDI -LOC V18 -IOSTANDARD LVTTL33 -VCCIO 3.3 successfully.
Executing : def_port jtag_TMS -LOC T18 -IOSTANDARD LVTTL33 -VCCIO 3.3
Executing : def_port jtag_TMS -LOC T18 -IOSTANDARD LVTTL33 -VCCIO 3.3 successfully.
Executing : def_port rst_ext_i -LOC U12 -IOSTANDARD LVTTL33 -VCCIO 3.3
Executing : def_port rst_ext_i -LOC U12 -IOSTANDARD LVTTL33 -VCCIO 3.3 successfully.
Executing : def_port uart_rx_pin -LOC N14 -IOSTANDARD LVTTL33 -VCCIO 3.3
Executing : def_port uart_rx_pin -LOC N14 -IOSTANDARD LVTTL33 -VCCIO 3.3 successfully.
Executing : apply_constraint -f D:/panguprj/tinydram/device_map/tinyriscv_soc_top.pcf successfully.

Placement started.
Mapping instance pll1/u_pll_e1/goppll to PLL_82_319.
Mapping instance clkbufg_1/gopclkbufg to USCM_74_104.
C: Place-2028: GLOBAL_CLOCK: the driver jtag_TCK_ibuf/opit_1 fixed at IOL_151_81 is unreasonable. Sub-optimal placement for a clock source and a clock buffer.
Mapping instance clkbufg_0/gopclkbufg to USCM_74_133.
Pre global placement takes 15.02 sec.
Run super clustering :
	Initial slack -28454.
	14 iterations finished.
	Final slack -18318.
Super clustering done.
Design Utilization : 29%.
Global placement takes 11.98 sec.
Wirelength after global placement is 86123.
Placed fixed group with base inst clk_ibuf/opit_1 on IOL_7_298.
Placed fixed instance clkbufg_0/gopclkbufg on USCM_74_133.
Placed fixed instance clkbufg_1/gopclkbufg on USCM_74_104.
Placed fixed group with base inst halted_ind_obuf/opit_1 on IOL_151_114.
Placed fixed group with base inst jtag_TCK_ibuf/opit_1 on IOL_151_81.
Placed fixed group with base inst jtag_TDI_ibuf/opit_1 on IOL_151_82.
Placed fixed group with base inst jtag_TDO_obuf/opit_1 on IOL_151_22.
Placed fixed group with base inst jtag_TMS_ibuf/opit_1 on IOL_151_74.
Placed fixed group with base inst l1.gpio_tri[0]/opit_1 on IOL_151_102.
Placed fixed group with base inst l1.gpio_tri[1]/opit_1 on IOL_151_46.
Placed fixed instance pll1/u_pll_e1/goppll on PLL_82_319.
Placed fixed group with base inst rst_ext_i_ibuf/opit_1 on IOL_151_106.
Placed fixed group with base inst uart_rx_pin_ibuf/opit_1 on IOL_151_5.
Placed fixed group with base inst uart_tx_pin_obuf/opit_1 on IOL_151_49.
Placed fixed instance BKCL_auto_0 on BKCL_2_268.
Placed fixed instance BKCL_auto_1 on BKCL_154_20.
Wirelength after Macro cell placement is 93359.
Macro cell placement takes 0.19 sec.
Run super clustering :
	Initial slack -28454.
	14 iterations finished.
	Final slack -18318.
Super clustering done.
Design Utilization : 29%.
Wirelength after post global placement is 86190.
Post global placement takes 8.20 sec.
Wirelength after legalization is 90835.
Legalization takes 1.02 sec.
Worst slack before Replication Place is -17370.
Wirelength after replication placement is 90835.
Legalized cost -17370.000000.
The detailed placement ends at 20th iteration.
Wirelength after detailed placement is 98630.
Timing-driven detailed placement takes 32.92 sec.
Placement done.
Total placement takes 71.69 sec.
Finished placement. (CPU time elapsed 0h:01m:13s)

Routing started.
Building routing graph takes 2.14 sec.
Worst slack is -11323.
Processing design graph takes 0.67 sec.
Total memory for routing:
	51.095058 M.
Total nets for routing : 7672.
Rcf routing step 1 processed 0 nets, it takes 0.00 sec.
Rcf routing step 2 processed 0 nets, it takes 0.00 sec.
Rcf routing step 3 processed 0 nets, it takes 0.00 sec.
Unrouted nets 0 at the end of iteration 0.
Global Routing step 1 processed 171 nets, it takes 0.08 sec.
Unrouted nets 149 at the end of iteration 0.
Unrouted nets 139 at the end of iteration 1.
Unrouted nets 126 at the end of iteration 2.
Unrouted nets 113 at the end of iteration 3.
Unrouted nets 95 at the end of iteration 4.
Unrouted nets 59 at the end of iteration 5.
Unrouted nets 37 at the end of iteration 6.
Unrouted nets 35 at the end of iteration 7.
Unrouted nets 34 at the end of iteration 8.
Unrouted nets 35 at the end of iteration 9.
Unrouted nets 26 at the end of iteration 10.
Unrouted nets 22 at the end of iteration 11.
Unrouted nets 15 at the end of iteration 12.
Unrouted nets 13 at the end of iteration 13.
Unrouted nets 10 at the end of iteration 14.
Unrouted nets 11 at the end of iteration 15.
Unrouted nets 8 at the end of iteration 16.
Unrouted nets 8 at the end of iteration 17.
Unrouted nets 4 at the end of iteration 18.
Unrouted nets 4 at the end of iteration 19.
Unrouted nets 4 at the end of iteration 20.
Unrouted nets 4 at the end of iteration 21.
Unrouted nets 4 at the end of iteration 22.
Unrouted nets 5 at the end of iteration 23.
Unrouted nets 2 at the end of iteration 24.
Unrouted nets 2 at the end of iteration 25.
Unrouted nets 2 at the end of iteration 26.
Unrouted nets 2 at the end of iteration 27.
Unrouted nets 2 at the end of iteration 28.
Unrouted nets 2 at the end of iteration 29.
Unrouted nets 2 at the end of iteration 30.
Unrouted nets 2 at the end of iteration 31.
Unrouted nets 1 at the end of iteration 32.
Unrouted nets 0 at the end of iteration 33.
Global Routing step 2 processed 438 nets, it takes 2.08 sec.
Unrouted nets 237 at the end of iteration 0.
Unrouted nets 162 at the end of iteration 1.
Unrouted nets 131 at the end of iteration 2.
Unrouted nets 96 at the end of iteration 3.
Unrouted nets 84 at the end of iteration 4.
Unrouted nets 77 at the end of iteration 5.
Unrouted nets 62 at the end of iteration 6.
Unrouted nets 41 at the end of iteration 7.
Unrouted nets 31 at the end of iteration 8.
Unrouted nets 30 at the end of iteration 9.
Unrouted nets 27 at the end of iteration 10.
Unrouted nets 9 at the end of iteration 11.
Unrouted nets 3 at the end of iteration 12.
Unrouted nets 1 at the end of iteration 13.
Unrouted nets 2 at the end of iteration 14.
Unrouted nets 3 at the end of iteration 15.
Unrouted nets 4 at the end of iteration 16.
Unrouted nets 1 at the end of iteration 17.
Unrouted nets 1 at the end of iteration 18.
Unrouted nets 1 at the end of iteration 19.
Unrouted nets 1 at the end of iteration 20.
Unrouted nets 1 at the end of iteration 21.
Unrouted nets 0 at the end of iteration 22.
Global Routing step 3 processed 327 nets, it takes 5.56 sec.
Global routing takes 7.72 sec.
Total 10354 subnets.
    forward max bucket size 22961 , backward 1130.
        Unrouted nets 8262 at the end of iteration 0.
    route iteration 0, CPU time elapsed 3.203125 sec.
    forward max bucket size 24390 , backward 1009.
        Unrouted nets 7475 at the end of iteration 1.
    route iteration 1, CPU time elapsed 2.953125 sec.
    forward max bucket size 25695 , backward 1049.
        Unrouted nets 6784 at the end of iteration 2.
    route iteration 2, CPU time elapsed 3.078125 sec.
    forward max bucket size 26651 , backward 1049.
        Unrouted nets 6152 at the end of iteration 3.
    route iteration 3, CPU time elapsed 3.437500 sec.
    forward max bucket size 27541 , backward 1073.
        Unrouted nets 5696 at the end of iteration 4.
    route iteration 4, CPU time elapsed 4.640625 sec.
    forward max bucket size 1028 , backward 1040.
        Unrouted nets 5379 at the end of iteration 5.
    route iteration 5, CPU time elapsed 7.390625 sec.
    forward max bucket size 1047 , backward 1014.
        Unrouted nets 5108 at the end of iteration 6.
    route iteration 6, CPU time elapsed 5.015625 sec.
    forward max bucket size 1227 , backward 1177.
        Unrouted nets 4769 at the end of iteration 7.
    route iteration 7, CPU time elapsed 4.578125 sec.
    forward max bucket size 878 , backward 990.
        Unrouted nets 4349 at the end of iteration 8.
    route iteration 8, CPU time elapsed 5.218750 sec.
    forward max bucket size 32468 , backward 1122.
        Unrouted nets 3948 at the end of iteration 9.
    route iteration 9, CPU time elapsed 5.265625 sec.
    forward max bucket size 712 , backward 803.
        Unrouted nets 3608 at the end of iteration 10.
    route iteration 10, CPU time elapsed 3.234375 sec.
    forward max bucket size 1232 , backward 824.
        Unrouted nets 3245 at the end of iteration 11.
    route iteration 11, CPU time elapsed 3.343750 sec.
    forward max bucket size 34781 , backward 882.
        Unrouted nets 2994 at the end of iteration 12.
    route iteration 12, CPU time elapsed 3.140625 sec.
    forward max bucket size 836 , backward 1024.
        Unrouted nets 2773 at the end of iteration 13.
    route iteration 13, CPU time elapsed 2.437500 sec.
    forward max bucket size 35484 , backward 559.
        Unrouted nets 2640 at the end of iteration 14.
    route iteration 14, CPU time elapsed 3.890625 sec.
    forward max bucket size 803 , backward 908.
        Unrouted nets 2549 at the end of iteration 15.
    route iteration 15, CPU time elapsed 1.937500 sec.
    forward max bucket size 728 , backward 761.
        Unrouted nets 2321 at the end of iteration 16.
    route iteration 16, CPU time elapsed 2.890625 sec.
    forward max bucket size 37338 , backward 804.
        Unrouted nets 2188 at the end of iteration 17.
    route iteration 17, CPU time elapsed 3.906250 sec.
    forward max bucket size 37292 , backward 711.
        Unrouted nets 1997 at the end of iteration 18.
    route iteration 18, CPU time elapsed 3.343750 sec.
    forward max bucket size 37667 , backward 498.
        Unrouted nets 1982 at the end of iteration 19.
    route iteration 19, CPU time elapsed 3.812500 sec.
    forward max bucket size 38294 , backward 835.
        Unrouted nets 1831 at the end of iteration 20.
    route iteration 20, CPU time elapsed 3.453125 sec.
    forward max bucket size 598 , backward 617.
        Unrouted nets 1719 at the end of iteration 21.
    route iteration 21, CPU time elapsed 1.093750 sec.
    forward max bucket size 38495 , backward 1073.
        Unrouted nets 1607 at the end of iteration 22.
    route iteration 22, CPU time elapsed 2.296875 sec.
    forward max bucket size 918 , backward 643.
        Unrouted nets 1487 at the end of iteration 23.
    route iteration 23, CPU time elapsed 1.171875 sec.
    forward max bucket size 497 , backward 778.
        Unrouted nets 1369 at the end of iteration 24.
    route iteration 24, CPU time elapsed 1.500000 sec.
    forward max bucket size 572 , backward 965.
        Unrouted nets 1321 at the end of iteration 25.
    route iteration 25, CPU time elapsed 1.718750 sec.
    forward max bucket size 964 , backward 658.
        Unrouted nets 1317 at the end of iteration 26.
    route iteration 26, CPU time elapsed 1.875000 sec.
    forward max bucket size 39700 , backward 560.
        Unrouted nets 1263 at the end of iteration 27.
    route iteration 27, CPU time elapsed 2.515625 sec.
    forward max bucket size 576 , backward 674.
        Unrouted nets 1209 at the end of iteration 28.
    route iteration 28, CPU time elapsed 1.671875 sec.
    forward max bucket size 39908 , backward 839.
        Unrouted nets 1145 at the end of iteration 29.
    route iteration 29, CPU time elapsed 2.484375 sec.
    forward max bucket size 39890 , backward 880.
        Unrouted nets 1130 at the end of iteration 30.
    route iteration 30, CPU time elapsed 1.953125 sec.
    forward max bucket size 40752 , backward 423.
        Unrouted nets 1051 at the end of iteration 31.
    route iteration 31, CPU time elapsed 1.796875 sec.
    forward max bucket size 1188 , backward 1307.
        Unrouted nets 1056 at the end of iteration 32.
    route iteration 32, CPU time elapsed 1.343750 sec.
    forward max bucket size 963 , backward 668.
        Unrouted nets 978 at the end of iteration 33.
    route iteration 33, CPU time elapsed 1.000000 sec.
    forward max bucket size 534 , backward 1023.
        Unrouted nets 958 at the end of iteration 34.
    route iteration 34, CPU time elapsed 1.062500 sec.
    forward max bucket size 516 , backward 407.
        Unrouted nets 943 at the end of iteration 35.
    route iteration 35, CPU time elapsed 0.968750 sec.
    forward max bucket size 502 , backward 646.
        Unrouted nets 858 at the end of iteration 36.
    route iteration 36, CPU time elapsed 0.906250 sec.
    forward max bucket size 474 , backward 782.
        Unrouted nets 826 at the end of iteration 37.
    route iteration 37, CPU time elapsed 0.703125 sec.
    forward max bucket size 574 , backward 721.
        Unrouted nets 750 at the end of iteration 38.
    route iteration 38, CPU time elapsed 0.687500 sec.
    forward max bucket size 565 , backward 637.
        Unrouted nets 699 at the end of iteration 39.
    route iteration 39, CPU time elapsed 0.734375 sec.
    forward max bucket size 41237 , backward 439.
        Unrouted nets 657 at the end of iteration 40.
    route iteration 40, CPU time elapsed 1.234375 sec.
    forward max bucket size 511 , backward 382.
        Unrouted nets 702 at the end of iteration 41.
    route iteration 41, CPU time elapsed 0.796875 sec.
    forward max bucket size 467 , backward 517.
        Unrouted nets 705 at the end of iteration 42.
    route iteration 42, CPU time elapsed 0.656250 sec.
    forward max bucket size 1092 , backward 742.
        Unrouted nets 617 at the end of iteration 43.
    route iteration 43, CPU time elapsed 0.984375 sec.
    forward max bucket size 1127 , backward 889.
        Unrouted nets 572 at the end of iteration 44.
    route iteration 44, CPU time elapsed 0.781250 sec.
    forward max bucket size 430 , backward 469.
        Unrouted nets 558 at the end of iteration 45.
    route iteration 45, CPU time elapsed 0.625000 sec.
    forward max bucket size 438 , backward 947.
        Unrouted nets 534 at the end of iteration 46.
    route iteration 46, CPU time elapsed 0.875000 sec.
    forward max bucket size 354 , backward 418.
        Unrouted nets 517 at the end of iteration 47.
    route iteration 47, CPU time elapsed 1.046875 sec.
    forward max bucket size 311 , backward 422.
        Unrouted nets 506 at the end of iteration 48.
    route iteration 48, CPU time elapsed 0.828125 sec.
    forward max bucket size 270 , backward 406.
        Unrouted nets 487 at the end of iteration 49.
    route iteration 49, CPU time elapsed 0.718750 sec.
    forward max bucket size 836 , backward 425.
        Unrouted nets 501 at the end of iteration 50.
    route iteration 50, CPU time elapsed 0.796875 sec.
    forward max bucket size 418 , backward 371.
        Unrouted nets 479 at the end of iteration 51.
    route iteration 51, CPU time elapsed 0.765625 sec.
    forward max bucket size 440 , backward 281.
        Unrouted nets 453 at the end of iteration 52.
    route iteration 52, CPU time elapsed 0.859375 sec.
    forward max bucket size 392 , backward 337.
        Unrouted nets 411 at the end of iteration 53.
    route iteration 53, CPU time elapsed 0.687500 sec.
    forward max bucket size 382 , backward 488.
        Unrouted nets 402 at the end of iteration 54.
    route iteration 54, CPU time elapsed 0.640625 sec.
    forward max bucket size 468 , backward 289.
        Unrouted nets 415 at the end of iteration 55.
    route iteration 55, CPU time elapsed 0.765625 sec.
    forward max bucket size 519 , backward 464.
        Unrouted nets 379 at the end of iteration 56.
    route iteration 56, CPU time elapsed 0.453125 sec.
    forward max bucket size 377 , backward 409.
        Unrouted nets 379 at the end of iteration 57.
    route iteration 57, CPU time elapsed 0.687500 sec.
    forward max bucket size 310 , backward 245.
        Unrouted nets 343 at the end of iteration 58.
    route iteration 58, CPU time elapsed 0.640625 sec.
    forward max bucket size 495 , backward 447.
        Unrouted nets 315 at the end of iteration 59.
    route iteration 59, CPU time elapsed 0.625000 sec.
    forward max bucket size 350 , backward 463.
        Unrouted nets 314 at the end of iteration 60.
    route iteration 60, CPU time elapsed 0.687500 sec.
    forward max bucket size 460 , backward 278.
        Unrouted nets 313 at the end of iteration 61.
    route iteration 61, CPU time elapsed 0.703125 sec.
    forward max bucket size 1089 , backward 406.
        Unrouted nets 276 at the end of iteration 62.
    route iteration 62, CPU time elapsed 0.562500 sec.
    forward max bucket size 400 , backward 352.
        Unrouted nets 269 at the end of iteration 63.
    route iteration 63, CPU time elapsed 0.578125 sec.
    forward max bucket size 298 , backward 524.
        Unrouted nets 251 at the end of iteration 64.
    route iteration 64, CPU time elapsed 0.484375 sec.
    forward max bucket size 246 , backward 201.
        Unrouted nets 251 at the end of iteration 65.
    route iteration 65, CPU time elapsed 0.421875 sec.
    forward max bucket size 433 , backward 294.
        Unrouted nets 260 at the end of iteration 66.
    route iteration 66, CPU time elapsed 0.515625 sec.
    forward max bucket size 232 , backward 200.
        Unrouted nets 247 at the end of iteration 67.
    route iteration 67, CPU time elapsed 0.562500 sec.
    forward max bucket size 286 , backward 266.
        Unrouted nets 217 at the end of iteration 68.
    route iteration 68, CPU time elapsed 0.437500 sec.
    forward max bucket size 280 , backward 241.
        Unrouted nets 204 at the end of iteration 69.
    route iteration 69, CPU time elapsed 0.593750 sec.
    forward max bucket size 366 , backward 366.
        Unrouted nets 208 at the end of iteration 70.
    route iteration 70, CPU time elapsed 0.546875 sec.
    forward max bucket size 327 , backward 420.
        Unrouted nets 196 at the end of iteration 71.
    route iteration 71, CPU time elapsed 0.343750 sec.
    forward max bucket size 1209 , backward 1159.
        Unrouted nets 176 at the end of iteration 72.
    route iteration 72, CPU time elapsed 0.281250 sec.
    forward max bucket size 257 , backward 241.
        Unrouted nets 157 at the end of iteration 73.
    route iteration 73, CPU time elapsed 0.187500 sec.
    forward max bucket size 394 , backward 309.
        Unrouted nets 161 at the end of iteration 74.
    route iteration 74, CPU time elapsed 0.328125 sec.
    forward max bucket size 367 , backward 228.
        Unrouted nets 179 at the end of iteration 75.
    route iteration 75, CPU time elapsed 0.218750 sec.
    forward max bucket size 258 , backward 189.
        Unrouted nets 177 at the end of iteration 76.
    route iteration 76, CPU time elapsed 0.218750 sec.
    forward max bucket size 253 , backward 300.
        Unrouted nets 173 at the end of iteration 77.
    route iteration 77, CPU time elapsed 0.328125 sec.
    forward max bucket size 328 , backward 631.
        Unrouted nets 172 at the end of iteration 78.
    route iteration 78, CPU time elapsed 0.375000 sec.
    forward max bucket size 323 , backward 311.
        Unrouted nets 189 at the end of iteration 79.
    route iteration 79, CPU time elapsed 0.390625 sec.
    forward max bucket size 370 , backward 344.
        Unrouted nets 174 at the end of iteration 80.
    route iteration 80, CPU time elapsed 0.421875 sec.
    forward max bucket size 465 , backward 235.
        Unrouted nets 164 at the end of iteration 81.
    route iteration 81, CPU time elapsed 0.343750 sec.
    forward max bucket size 438 , backward 344.
        Unrouted nets 149 at the end of iteration 82.
    route iteration 82, CPU time elapsed 0.296875 sec.
    forward max bucket size 849 , backward 484.
        Unrouted nets 141 at the end of iteration 83.
    route iteration 83, CPU time elapsed 0.265625 sec.
    forward max bucket size 928 , backward 323.
        Unrouted nets 139 at the end of iteration 84.
    route iteration 84, CPU time elapsed 0.218750 sec.
    forward max bucket size 330 , backward 451.
        Unrouted nets 165 at the end of iteration 85.
    route iteration 85, CPU time elapsed 0.312500 sec.
    forward max bucket size 213 , backward 212.
        Unrouted nets 157 at the end of iteration 86.
    route iteration 86, CPU time elapsed 0.312500 sec.
    forward max bucket size 217 , backward 393.
        Unrouted nets 140 at the end of iteration 87.
    route iteration 87, CPU time elapsed 0.265625 sec.
    forward max bucket size 763 , backward 435.
        Unrouted nets 148 at the end of iteration 88.
    route iteration 88, CPU time elapsed 0.406250 sec.
    forward max bucket size 854 , backward 679.
        Unrouted nets 129 at the end of iteration 89.
    route iteration 89, CPU time elapsed 0.250000 sec.
    forward max bucket size 348 , backward 276.
        Unrouted nets 128 at the end of iteration 90.
    route iteration 90, CPU time elapsed 0.343750 sec.
    forward max bucket size 528 , backward 330.
        Unrouted nets 128 at the end of iteration 91.
    route iteration 91, CPU time elapsed 0.390625 sec.
    forward max bucket size 249 , backward 176.
        Unrouted nets 131 at the end of iteration 92.
    route iteration 92, CPU time elapsed 0.234375 sec.
    forward max bucket size 271 , backward 193.
        Unrouted nets 122 at the end of iteration 93.
    route iteration 93, CPU time elapsed 0.406250 sec.
    forward max bucket size 161 , backward 120.
        Unrouted nets 121 at the end of iteration 94.
    route iteration 94, CPU time elapsed 0.265625 sec.
    forward max bucket size 200 , backward 208.
        Unrouted nets 114 at the end of iteration 95.
    route iteration 95, CPU time elapsed 0.265625 sec.
    forward max bucket size 169 , backward 215.
        Unrouted nets 122 at the end of iteration 96.
    route iteration 96, CPU time elapsed 0.281250 sec.
    forward max bucket size 182 , backward 173.
        Unrouted nets 127 at the end of iteration 97.
    route iteration 97, CPU time elapsed 0.234375 sec.
    forward max bucket size 378 , backward 189.
        Unrouted nets 118 at the end of iteration 98.
    route iteration 98, CPU time elapsed 0.156250 sec.
    forward max bucket size 190 , backward 210.
        Unrouted nets 101 at the end of iteration 99.
    route iteration 99, CPU time elapsed 0.250000 sec.
    forward max bucket size 305 , backward 307.
        Unrouted nets 94 at the end of iteration 100.
    route iteration 100, CPU time elapsed 0.250000 sec.
    forward max bucket size 293 , backward 362.
        Unrouted nets 94 at the end of iteration 101.
    route iteration 101, CPU time elapsed 0.156250 sec.
    forward max bucket size 196 , backward 153.
        Unrouted nets 79 at the end of iteration 102.
    route iteration 102, CPU time elapsed 0.031250 sec.
    forward max bucket size 219 , backward 295.
        Unrouted nets 67 at the end of iteration 103.
    route iteration 103, CPU time elapsed 0.140625 sec.
    forward max bucket size 150 , backward 181.
        Unrouted nets 71 at the end of iteration 104.
    route iteration 104, CPU time elapsed 0.078125 sec.
    forward max bucket size 183 , backward 232.
        Unrouted nets 90 at the end of iteration 105.
    route iteration 105, CPU time elapsed 0.156250 sec.
    forward max bucket size 268 , backward 292.
        Unrouted nets 88 at the end of iteration 106.
    route iteration 106, CPU time elapsed 0.203125 sec.
    forward max bucket size 172 , backward 121.
        Unrouted nets 81 at the end of iteration 107.
    route iteration 107, CPU time elapsed 0.203125 sec.
    forward max bucket size 87 , backward 185.
        Unrouted nets 69 at the end of iteration 108.
    route iteration 108, CPU time elapsed 0.171875 sec.
    forward max bucket size 280 , backward 263.
        Unrouted nets 64 at the end of iteration 109.
    route iteration 109, CPU time elapsed 0.078125 sec.
    forward max bucket size 372 , backward 268.
        Unrouted nets 54 at the end of iteration 110.
    route iteration 110, CPU time elapsed 0.078125 sec.
    forward max bucket size 384 , backward 243.
        Unrouted nets 44 at the end of iteration 111.
    route iteration 111, CPU time elapsed 0.093750 sec.
    forward max bucket size 385 , backward 61.
        Unrouted nets 37 at the end of iteration 112.
    route iteration 112, CPU time elapsed 0.062500 sec.
    forward max bucket size 39 , backward 42.
        Unrouted nets 30 at the end of iteration 113.
    route iteration 113, CPU time elapsed 0.125000 sec.
    forward max bucket size 83 , backward 151.
        Unrouted nets 32 at the end of iteration 114.
    route iteration 114, CPU time elapsed 0.031250 sec.
    forward max bucket size 70 , backward 117.
        Unrouted nets 33 at the end of iteration 115.
    route iteration 115, CPU time elapsed 0.093750 sec.
    forward max bucket size 74 , backward 152.
        Unrouted nets 40 at the end of iteration 116.
    route iteration 116, CPU time elapsed 0.093750 sec.
    forward max bucket size 86 , backward 194.
        Unrouted nets 46 at the end of iteration 117.
    route iteration 117, CPU time elapsed 0.078125 sec.
    forward max bucket size 158 , backward 199.
        Unrouted nets 44 at the end of iteration 118.
    route iteration 118, CPU time elapsed 0.156250 sec.
    forward max bucket size 188 , backward 192.
        Unrouted nets 37 at the end of iteration 119.
    route iteration 119, CPU time elapsed 0.078125 sec.
    forward max bucket size 260 , backward 190.
        Unrouted nets 51 at the end of iteration 120.
    route iteration 120, CPU time elapsed 0.093750 sec.
    forward max bucket size 545 , backward 163.
        Unrouted nets 44 at the end of iteration 121.
    route iteration 121, CPU time elapsed 0.125000 sec.
    forward max bucket size 296 , backward 278.
        Unrouted nets 51 at the end of iteration 122.
    route iteration 122, CPU time elapsed 0.109375 sec.
    forward max bucket size 179 , backward 295.
        Unrouted nets 50 at the end of iteration 123.
    route iteration 123, CPU time elapsed 0.062500 sec.
    forward max bucket size 99 , backward 238.
        Unrouted nets 52 at the end of iteration 124.
    route iteration 124, CPU time elapsed 0.078125 sec.
    forward max bucket size 63 , backward 253.
        Unrouted nets 57 at the end of iteration 125.
    route iteration 125, CPU time elapsed 0.140625 sec.
    forward max bucket size 177 , backward 63.
        Unrouted nets 60 at the end of iteration 126.
    route iteration 126, CPU time elapsed 0.078125 sec.
    forward max bucket size 278 , backward 76.
        Unrouted nets 60 at the end of iteration 127.
    route iteration 127, CPU time elapsed 0.078125 sec.
    forward max bucket size 37 , backward 37.
        Unrouted nets 59 at the end of iteration 128.
    route iteration 128, CPU time elapsed 0.046875 sec.
    forward max bucket size 188 , backward 249.
        Unrouted nets 61 at the end of iteration 129.
    route iteration 129, CPU time elapsed 0.156250 sec.
    forward max bucket size 570 , backward 239.
        Unrouted nets 60 at the end of iteration 130.
    route iteration 130, CPU time elapsed 0.109375 sec.
    forward max bucket size 459 , backward 199.
        Unrouted nets 54 at the end of iteration 131.
    route iteration 131, CPU time elapsed 0.109375 sec.
    forward max bucket size 161 , backward 211.
        Unrouted nets 35 at the end of iteration 132.
    route iteration 132, CPU time elapsed 0.078125 sec.
    forward max bucket size 214 , backward 206.
        Unrouted nets 40 at the end of iteration 133.
    route iteration 133, CPU time elapsed 0.078125 sec.
    forward max bucket size 131 , backward 462.
        Unrouted nets 35 at the end of iteration 134.
    route iteration 134, CPU time elapsed 0.109375 sec.
    forward max bucket size 135 , backward 450.
        Unrouted nets 35 at the end of iteration 135.
    route iteration 135, CPU time elapsed 0.109375 sec.
    forward max bucket size 133 , backward 178.
        Unrouted nets 31 at the end of iteration 136.
    route iteration 136, CPU time elapsed 0.093750 sec.
    forward max bucket size 127 , backward 90.
        Unrouted nets 31 at the end of iteration 137.
    route iteration 137, CPU time elapsed 0.109375 sec.
    forward max bucket size 231 , backward 63.
        Unrouted nets 37 at the end of iteration 138.
    route iteration 138, CPU time elapsed 0.156250 sec.
    forward max bucket size 146 , backward 132.
        Unrouted nets 36 at the end of iteration 139.
    route iteration 139, CPU time elapsed 0.140625 sec.
    forward max bucket size 54 , backward 108.
        Unrouted nets 24 at the end of iteration 140.
    route iteration 140, CPU time elapsed 0.078125 sec.
    forward max bucket size 140 , backward 158.
        Unrouted nets 26 at the end of iteration 141.
    route iteration 141, CPU time elapsed 0.062500 sec.
    forward max bucket size 51 , backward 48.
        Unrouted nets 15 at the end of iteration 142.
    route iteration 142, CPU time elapsed 0.062500 sec.
    forward max bucket size 177 , backward 175.
        Unrouted nets 17 at the end of iteration 143.
    route iteration 143, CPU time elapsed 0.015625 sec.
    forward max bucket size 301 , backward 201.
        Unrouted nets 28 at the end of iteration 144.
    route iteration 144, CPU time elapsed 0.078125 sec.
    forward max bucket size 120 , backward 104.
        Unrouted nets 22 at the end of iteration 145.
    route iteration 145, CPU time elapsed 0.093750 sec.
    forward max bucket size 72 , backward 59.
        Unrouted nets 22 at the end of iteration 146.
    route iteration 146, CPU time elapsed 0.000000 sec.
    forward max bucket size 69 , backward 55.
        Unrouted nets 24 at the end of iteration 147.
    route iteration 147, CPU time elapsed 0.046875 sec.
    forward max bucket size 575 , backward 199.
        Unrouted nets 23 at the end of iteration 148.
    route iteration 148, CPU time elapsed 0.062500 sec.
    forward max bucket size 321 , backward 136.
        Unrouted nets 16 at the end of iteration 149.
    route iteration 149, CPU time elapsed 0.046875 sec.
    forward max bucket size 67 , backward 55.
        Unrouted nets 15 at the end of iteration 150.
    route iteration 150, CPU time elapsed 0.078125 sec.
    forward max bucket size 182 , backward 361.
        Unrouted nets 21 at the end of iteration 151.
    route iteration 151, CPU time elapsed 0.031250 sec.
    forward max bucket size 96 , backward 272.
        Unrouted nets 18 at the end of iteration 152.
    route iteration 152, CPU time elapsed 0.093750 sec.
    forward max bucket size 111 , backward 59.
        Unrouted nets 18 at the end of iteration 153.
    route iteration 153, CPU time elapsed 0.046875 sec.
    forward max bucket size 185 , backward 308.
        Unrouted nets 26 at the end of iteration 154.
    route iteration 154, CPU time elapsed 0.125000 sec.
    forward max bucket size 204 , backward 327.
        Unrouted nets 19 at the end of iteration 155.
    route iteration 155, CPU time elapsed 0.093750 sec.
    forward max bucket size 153 , backward 354.
        Unrouted nets 20 at the end of iteration 156.
    route iteration 156, CPU time elapsed 0.062500 sec.
    forward max bucket size 62 , backward 333.
        Unrouted nets 22 at the end of iteration 157.
    route iteration 157, CPU time elapsed 0.125000 sec.
    forward max bucket size 190 , backward 67.
        Unrouted nets 26 at the end of iteration 158.
    route iteration 158, CPU time elapsed 0.046875 sec.
    forward max bucket size 166 , backward 95.
        Unrouted nets 27 at the end of iteration 159.
    route iteration 159, CPU time elapsed 0.031250 sec.
    forward max bucket size 244 , backward 80.
        Unrouted nets 24 at the end of iteration 160.
    route iteration 160, CPU time elapsed 0.109375 sec.
    forward max bucket size 151 , backward 367.
        Unrouted nets 18 at the end of iteration 161.
    route iteration 161, CPU time elapsed 0.093750 sec.
    forward max bucket size 260 , backward 91.
        Unrouted nets 19 at the end of iteration 162.
    route iteration 162, CPU time elapsed 0.078125 sec.
    forward max bucket size 306 , backward 141.
        Unrouted nets 20 at the end of iteration 163.
    route iteration 163, CPU time elapsed 0.015625 sec.
    forward max bucket size 373 , backward 43.
        Unrouted nets 17 at the end of iteration 164.
    route iteration 164, CPU time elapsed 0.109375 sec.
    forward max bucket size 68 , backward 68.
        Unrouted nets 22 at the end of iteration 165.
    route iteration 165, CPU time elapsed 0.109375 sec.
    forward max bucket size 281 , backward 42.
        Unrouted nets 32 at the end of iteration 166.
    route iteration 166, CPU time elapsed 0.046875 sec.
    forward max bucket size 196 , backward 120.
        Unrouted nets 38 at the end of iteration 167.
    route iteration 167, CPU time elapsed 0.031250 sec.
    forward max bucket size 461 , backward 195.
        Unrouted nets 41 at the end of iteration 168.
    route iteration 168, CPU time elapsed 0.093750 sec.
    forward max bucket size 119 , backward 197.
        Unrouted nets 41 at the end of iteration 169.
    route iteration 169, CPU time elapsed 0.125000 sec.
    forward max bucket size 126 , backward 208.
        Unrouted nets 48 at the end of iteration 170.
    route iteration 170, CPU time elapsed 0.093750 sec.
    forward max bucket size 131 , backward 240.
        Unrouted nets 38 at the end of iteration 171.
    route iteration 171, CPU time elapsed 0.078125 sec.
    forward max bucket size 135 , backward 202.
        Unrouted nets 33 at the end of iteration 172.
    route iteration 172, CPU time elapsed 0.218750 sec.
    forward max bucket size 145 , backward 180.
        Unrouted nets 30 at the end of iteration 173.
    route iteration 173, CPU time elapsed 0.125000 sec.
    forward max bucket size 62 , backward 83.
        Unrouted nets 36 at the end of iteration 174.
    route iteration 174, CPU time elapsed 0.093750 sec.
    forward max bucket size 113 , backward 89.
        Unrouted nets 51 at the end of iteration 175.
    route iteration 175, CPU time elapsed 0.093750 sec.
    forward max bucket size 95 , backward 116.
        Unrouted nets 60 at the end of iteration 176.
    route iteration 176, CPU time elapsed 0.156250 sec.
    forward max bucket size 115 , backward 102.
        Unrouted nets 43 at the end of iteration 177.
    route iteration 177, CPU time elapsed 0.218750 sec.
    forward max bucket size 96 , backward 79.
        Unrouted nets 37 at the end of iteration 178.
    route iteration 178, CPU time elapsed 0.109375 sec.
    forward max bucket size 98 , backward 141.
        Unrouted nets 41 at the end of iteration 179.
    route iteration 179, CPU time elapsed 0.031250 sec.
    forward max bucket size 85 , backward 152.
        Unrouted nets 55 at the end of iteration 180.
    route iteration 180, CPU time elapsed 0.062500 sec.
    forward max bucket size 97 , backward 152.
        Unrouted nets 58 at the end of iteration 181.
    route iteration 181, CPU time elapsed 0.093750 sec.
    forward max bucket size 96 , backward 196.
        Unrouted nets 57 at the end of iteration 182.
    route iteration 182, CPU time elapsed 0.203125 sec.
    forward max bucket size 138 , backward 158.
        Unrouted nets 51 at the end of iteration 183.
    route iteration 183, CPU time elapsed 0.171875 sec.
    forward max bucket size 137 , backward 140.
        Unrouted nets 53 at the end of iteration 184.
    route iteration 184, CPU time elapsed 0.125000 sec.
    forward max bucket size 111 , backward 67.
        Unrouted nets 58 at the end of iteration 185.
    route iteration 185, CPU time elapsed 0.140625 sec.
    forward max bucket size 195 , backward 66.
        Unrouted nets 65 at the end of iteration 186.
    route iteration 186, CPU time elapsed 0.250000 sec.
    forward max bucket size 195 , backward 208.
        Unrouted nets 57 at the end of iteration 187.
    route iteration 187, CPU time elapsed 0.218750 sec.
    forward max bucket size 283 , backward 178.
        Unrouted nets 46 at the end of iteration 188.
    route iteration 188, CPU time elapsed 0.234375 sec.
    forward max bucket size 363 , backward 250.
        Unrouted nets 38 at the end of iteration 189.
    route iteration 189, CPU time elapsed 0.109375 sec.
    forward max bucket size 411 , backward 257.
        Unrouted nets 30 at the end of iteration 190.
    route iteration 190, CPU time elapsed 0.140625 sec.
    forward max bucket size 976 , backward 249.
        Unrouted nets 33 at the end of iteration 191.
    route iteration 191, CPU time elapsed 0.078125 sec.
    forward max bucket size 384 , backward 144.
        Unrouted nets 37 at the end of iteration 192.
    route iteration 192, CPU time elapsed 0.000000 sec.
    forward max bucket size 454 , backward 121.
        Unrouted nets 38 at the end of iteration 193.
    route iteration 193, CPU time elapsed 0.156250 sec.
    forward max bucket size 455 , backward 159.
        Unrouted nets 33 at the end of iteration 194.
    route iteration 194, CPU time elapsed 0.062500 sec.
    forward max bucket size 501 , backward 190.
        Unrouted nets 28 at the end of iteration 195.
    route iteration 195, CPU time elapsed 0.046875 sec.
    forward max bucket size 131 , backward 187.
        Unrouted nets 27 at the end of iteration 196.
    route iteration 196, CPU time elapsed 0.031250 sec.
    forward max bucket size 95 , backward 193.
        Unrouted nets 26 at the end of iteration 197.
    route iteration 197, CPU time elapsed 0.000000 sec.
    forward max bucket size 89 , backward 120.
        Unrouted nets 22 at the end of iteration 198.
    route iteration 198, CPU time elapsed 0.125000 sec.
    forward max bucket size 85 , backward 82.
        Unrouted nets 22 at the end of iteration 199.
    route iteration 199, CPU time elapsed 0.078125 sec.
    forward max bucket size 146 , backward 51.
        Unrouted nets 22 at the end of iteration 200.
    route iteration 200, CPU time elapsed 0.078125 sec.
    forward max bucket size 193 , backward 48.
        Unrouted nets 26 at the end of iteration 201.
    route iteration 201, CPU time elapsed 0.015625 sec.
    forward max bucket size 91 , backward 104.
        Unrouted nets 30 at the end of iteration 202.
    route iteration 202, CPU time elapsed 0.109375 sec.
    forward max bucket size 147 , backward 407.
        Unrouted nets 22 at the end of iteration 203.
    route iteration 203, CPU time elapsed 0.046875 sec.
    forward max bucket size 137 , backward 406.
        Unrouted nets 22 at the end of iteration 204.
    route iteration 204, CPU time elapsed 0.078125 sec.
    forward max bucket size 177 , backward 405.
        Unrouted nets 18 at the end of iteration 205.
    route iteration 205, CPU time elapsed 0.015625 sec.
    forward max bucket size 173 , backward 103.
        Unrouted nets 18 at the end of iteration 206.
    route iteration 206, CPU time elapsed 0.046875 sec.
    forward max bucket size 137 , backward 72.
        Unrouted nets 22 at the end of iteration 207.
    route iteration 207, CPU time elapsed 0.062500 sec.
    forward max bucket size 156 , backward 76.
        Unrouted nets 24 at the end of iteration 208.
    route iteration 208, CPU time elapsed 0.015625 sec.
    forward max bucket size 137 , backward 78.
        Unrouted nets 24 at the end of iteration 209.
    route iteration 209, CPU time elapsed 0.046875 sec.
    forward max bucket size 276 , backward 250.
        Unrouted nets 19 at the end of iteration 210.
    route iteration 210, CPU time elapsed 0.000000 sec.
    forward max bucket size 271 , backward 249.
        Unrouted nets 20 at the end of iteration 211.
    route iteration 211, CPU time elapsed 0.062500 sec.
    forward max bucket size 277 , backward 368.
        Unrouted nets 17 at the end of iteration 212.
    route iteration 212, CPU time elapsed 0.015625 sec.
    forward max bucket size 354 , backward 501.
        Unrouted nets 12 at the end of iteration 213.
    route iteration 213, CPU time elapsed 0.015625 sec.
    forward max bucket size 352 , backward 507.
        Unrouted nets 12 at the end of iteration 214.
    route iteration 214, CPU time elapsed 0.078125 sec.
    forward max bucket size 69 , backward 58.
        Unrouted nets 19 at the end of iteration 215.
    route iteration 215, CPU time elapsed 0.062500 sec.
    forward max bucket size 60 , backward 51.
        Unrouted nets 12 at the end of iteration 216.
    route iteration 216, CPU time elapsed 0.062500 sec.
    forward max bucket size 79 , backward 63.
        Unrouted nets 12 at the end of iteration 217.
    route iteration 217, CPU time elapsed 0.031250 sec.
    forward max bucket size 170 , backward 123.
        Unrouted nets 14 at the end of iteration 218.
    route iteration 218, CPU time elapsed 0.015625 sec.
    forward max bucket size 189 , backward 63.
        Unrouted nets 19 at the end of iteration 219.
    route iteration 219, CPU time elapsed 0.109375 sec.
    forward max bucket size 188 , backward 67.
        Unrouted nets 16 at the end of iteration 220.
    route iteration 220, CPU time elapsed 0.140625 sec.
    forward max bucket size 78 , backward 176.
        Unrouted nets 16 at the end of iteration 221.
    route iteration 221, CPU time elapsed 0.093750 sec.
    forward max bucket size 83 , backward 102.
        Unrouted nets 8 at the end of iteration 222.
    route iteration 222, CPU time elapsed 0.125000 sec.
    forward max bucket size 91 , backward 67.
        Unrouted nets 4 at the end of iteration 223.
    route iteration 223, CPU time elapsed 0.046875 sec.
    forward max bucket size 36 , backward 33.
        Unrouted nets 3 at the end of iteration 224.
    route iteration 224, CPU time elapsed 0.046875 sec.
    forward max bucket size 53 , backward 44.
        Unrouted nets 2 at the end of iteration 225.
    route iteration 225, CPU time elapsed 0.046875 sec.
    forward max bucket size 5 , backward 5.
        Unrouted nets 2 at the end of iteration 226.
    route iteration 226, CPU time elapsed 0.015625 sec.
    forward max bucket size 5 , backward 5.
        Unrouted nets 0 at the end of iteration 227.
    route iteration 227, CPU time elapsed 0.000000 sec.
C: Route-2036: The clock path from jtag_TCK_ibuf/opit_1:OUT to clkbufg_0/gopclkbufg:CLK is routed by SRB.
Detailed routing takes 151.88 sec.

Dispose routing result:
    Collect routing result.
    Delete unused device instances.
    Annotate routing result.
    Change LUT configuration.
    Dispose misc instances.
I: Route-6001: Insert route through in CLMS_86_141.
I: Route-6001: Insert route through in CLMS_102_129.
I: Route-6001: Insert route through in CLMA_118_152.
I: Route-6001: Insert route through in CLMS_78_249.
I: Route-6001: Insert route through in CLMA_66_164.
I: Route-6001: Insert route through in CLMA_106_128.
I: Route-6001: Insert route through in CLMS_102_145.
I: Route-6001: Insert route through in CLMS_102_225.
I: Route-6001: Insert route through in CLMS_54_177.
I: Route-6001: Insert route through in CLMA_86_172.
I: Route-6001: Insert route through in CLMA_86_172.
I: Route-6001: Insert route through in CLMS_86_181.
I: Route-6001: Insert route through in CLMA_106_225.
I: Route-6001: Insert route through in CLMA_82_137.
I: Route-6001: Insert route through in CLMA_70_177.
I: Route-6001: Insert route through in CLMA_90_249.
I: Route-6001: Insert route through in CLMA_106_236.
I: Route-6001: Insert route through in CLMA_106_156.
I: Route-6001: Insert route through in CLMA_94_252.
I: Route-6001: Insert route through in CLMA_118_177.
I: Route-6001: Insert route through in CLMA_86_180.
I: Route-6001: Insert route through in CLMS_86_141.
I: Route-6001: Insert route through in CLMA_86_180.
I: Route-6001: Insert route through in CLMS_86_233.
I: Route-6001: Insert route through in CLMA_90_288.
I: Route-6001: Insert route through in CLMA_70_177.
I: Route-6001: Insert route through in CLMS_94_193.
I: Route-6001: Insert route through in CLMA_70_140.
I: Route-6001: Insert route through in CLMA_30_204.
I: Route-6001: Insert route through in CLMS_46_157.
I: Route-6001: Insert route through in CLMS_86_233.
I: Route-6001: Insert route through in CLMS_38_217.
I: Route-6001: Insert route through in RCKB_7_184.
I: Route-6001: Insert route through in RCKB_7_185.
I: Route-6001: Insert route through in RCKB_151_63.
I: Route-6001: Insert route through in RCKB_7_63.
I: Route-6001: Insert route through in RCKB_7_186.
    Annotate routing result again.
Finish routing takes 2.23 sec.
Used srb routing arc is 116629.
Cleanup routing takes 0.06 sec.
Routing done.
Total routing takes 166.98 sec.


Device Utilization Summary :
+----------------------------------------------------------------------------+
| Logic Utilization        | Used     | Available     | Utilization(%)     
+----------------------------------------------------------------------------+
| Use of ADC               | 0        | 1             | 0                   
| Use of APM               | 4        | 30            | 13                  
| Use of BKCL              | 2        | 6             | 33                  
| Use of CLMA              | 1625     | 3274          | 50                  
|   FF                     | 2176     | 19644         | 11                  
|   LUT                    | 3897     | 13096         | 30                  
|   LUT-FF pairs           | 916      | 13096         | 7                   
| Use of CLMS              | 537      | 1110          | 48                  
|   FF                     | 724      | 6660          | 11                  
|   LUT                    | 1229     | 4440          | 28                  
|   LUT-FF pairs           | 338      | 4440          | 8                   
|   Distributed RAM        | 0        | 4440          | 0                   
| Use of CRYSTAL           | 0        | 6             | 0                   
| Use of DLL               | 0        | 6             | 0                   
| Use of DQSL              | 0        | 18            | 0                   
| Use of DRM               | 48       | 48            | 100                 
| Use of FLSIF             | 0        | 1             | 0                   
| Use of FUSECODE          | 0        | 1             | 0                   
| Use of HARD0N1           | 0        | 2745          | 0                   
| Use of HMEMC             | 0        | 2             | 0                   
| Use of IO                | 11       | 240           | 5                   
|   IOBD                   | 8        | 120           | 7                   
|   IOBR                   | 0        | 6             | 0                   
|   IOBS                   | 3        | 114           | 3                   
| Use of IOCKDIV           | 0        | 12            | 0                   
| Use of IOCKDLY           | 0        | 24            | 0                   
| Use of IOCKGATE          | 0        | 12            | 0                   
| Use of IOCKGMUX_TEST     | 0        | 12            | 0                   
| Use of IOL               | 11       | 240           | 5                   
| Use of IPAL              | 0        | 1             | 0                   
| Use of MFG_TEST          | 0        | 1             | 0                   
| Use of OSC               | 0        | 1             | 0                   
| Use of PLL               | 1        | 6             | 17                  
| Use of PREGMUX_TEST      | 0        | 6             | 0                   
| Use of RCKB              | 5        | 24            | 21                  
| Use of RCKBMUX_TEST      | 0        | 12            | 0                   
| Use of RESCAL            | 0        | 6             | 0                   
| Use of SCANCHAIN         | 0        | 4             | 0                   
| Use of START             | 1        | 1             | 100                 
| Use of UDID              | 0        | 1             | 0                   
| Use of USCM              | 2        | 20            | 10                  
| Use of USCMMUX_TEST      | 0        | 20            | 0                   
| Use of VCKBMUX_TEST      | 0        | 12            | 0                   
+----------------------------------------------------------------------------+

Finished routing. (CPU time elapsed 0h:04m:01s)
Design 'top' has been placed and routed successfully.
Saving design to DB.
Action pnr: Real time elapsed is 484.000 sec
Action pnr: CPU time elapsed is 246.563 sec
Current time: Wed Nov  9 22:31:46 2022
Action pnr: Peak memory pool usage is 736,215,040 bytes
Finished placement and routing. (CPU time elapsed 0h:04m:02s)
