#Build: Fabric Compiler 2020.3-Lite, Build 71107, Mar 15 18:01 2021
#Install: D:\PDS_2020.3-Lite\bin
#Application name: pds_shell.exe
#OS: Windows 10 10.0.22621
#Hostname: odincomputer
Generated by Fabric Compiler (version 2020.3-Lite build 71107) at Sun Oct 30 21:52:12 2022
Compiling verification operator library.
Compiling common defs.
Compiling prim grid devices.
Compiling gate devices.
Compiling gate operators.
Building architecture model.
Loading device packaging model 'MBG324'.
I: Parameter configuration file D:/panguprj/tinydram/testparam.txt cannot open.
Starting placement and routing flow. (CPU time elapsed 0h:00m:00s)
Reading design from devmap DB.
Building architecture floorplan logic view.
Executing : apply_constraint -f D:/panguprj/tinydram/device_map/tinyriscv_soc_top.pcf
Executing : def_port halted_ind -LOC U10 -IOSTANDARD LVCMOS33 -VCCIO 3.3 -DRIVE 4 -SLEW SLOW
Executing : def_port halted_ind -LOC U10 -IOSTANDARD LVCMOS33 -VCCIO 3.3 -DRIVE 4 -SLEW SLOW successfully.
Executing : def_port jtag_TDO -LOC V16 -IOSTANDARD LVCMOS33 -VCCIO 3.3 -DRIVE 4 -SLEW SLOW
Executing : def_port jtag_TDO -LOC V16 -IOSTANDARD LVCMOS33 -VCCIO 3.3 -DRIVE 4 -SLEW SLOW successfully.
Executing : def_port uart_tx_pin -LOC C10 -IOSTANDARD LVCMOS33 -VCCIO 3.3 -DRIVE 4 -SLEW SLOW
Executing : def_port uart_tx_pin -LOC C10 -IOSTANDARD LVCMOS33 -VCCIO 3.3 -DRIVE 4 -SLEW SLOW successfully.
Executing : def_port clk -LOC B5 -IOSTANDARD LVTTL33 -VCCIO 3.3
Executing : def_port clk -LOC B5 -IOSTANDARD LVTTL33 -VCCIO 3.3 successfully.
Executing : def_port jtag_TCK -LOC V17 -IOSTANDARD LVTTL33 -VCCIO 3.3
Executing : def_port jtag_TCK -LOC V17 -IOSTANDARD LVTTL33 -VCCIO 3.3 successfully.
Executing : def_port jtag_TDI -LOC V18 -IOSTANDARD LVTTL33 -VCCIO 3.3
Executing : def_port jtag_TDI -LOC V18 -IOSTANDARD LVTTL33 -VCCIO 3.3 successfully.
Executing : def_port jtag_TMS -LOC T18 -IOSTANDARD LVTTL33 -VCCIO 3.3
Executing : def_port jtag_TMS -LOC T18 -IOSTANDARD LVTTL33 -VCCIO 3.3 successfully.
Executing : def_port rst_ext_i -LOC U12 -IOSTANDARD LVTTL33 -VCCIO 3.3
Executing : def_port rst_ext_i -LOC U12 -IOSTANDARD LVTTL33 -VCCIO 3.3 successfully.
Executing : def_port uart_rx_pin -LOC A12 -IOSTANDARD LVTTL33 -VCCIO 3.3
C: ConstraintEditor-2002: [D:/panguprj/tinydram/device_map/tinyriscv_soc_top.pcf(line number: 11)] | Port uart_rx_pin has been placed at location A12, whose type is share pin.
Executing : def_port uart_rx_pin -LOC A12 -IOSTANDARD LVTTL33 -VCCIO 3.3 successfully.
W: ConstraintEditor-4019: Port 'gpio[0]' unspecified I/O constraint.
W: ConstraintEditor-4019: Port 'gpio[1]' unspecified I/O constraint.
Executing : apply_constraint -f D:/panguprj/tinydram/device_map/tinyriscv_soc_top.pcf successfully.

Placement started.
Mapping instance clkbufg_1/gopclkbufg to USCM_74_104.
C: Place-2028: GLOBAL_CLOCK: the driver jtag_TCK_ibuf/opit_1 fixed at IOL_151_81 is unreasonable. Sub-optimal placement for a clock source and a clock buffer.
Mapping instance clkbufg_0/gopclkbufg to USCM_74_133.
Pre global placement takes 15.42 sec.
Run super clustering :
	Initial slack -1080.
	13 iterations finished.
	Final slack 16198.
Super clustering done.
Design Utilization : 43%.
Global placement takes 16.13 sec.
Wirelength after global placement is 134153.
Placed fixed group with base inst clk_ibuf/opit_1 on IOL_7_298.
Placed fixed instance clkbufg_0/gopclkbufg on USCM_74_133.
Placed fixed instance clkbufg_1/gopclkbufg on USCM_74_104.
Placed fixed group with base inst halted_ind_obuf/opit_1 on IOL_151_114.
Placed fixed group with base inst jtag_TCK_ibuf/opit_1 on IOL_151_81.
Placed fixed group with base inst jtag_TDI_ibuf/opit_1 on IOL_151_82.
Placed fixed group with base inst jtag_TDO_obuf/opit_1 on IOL_151_22.
Placed fixed group with base inst jtag_TMS_ibuf/opit_1 on IOL_151_74.
Placed fixed group with base inst rst_ext_i_ibuf/opit_1 on IOL_151_106.
Placed fixed group with base inst uart_rx_pin_ibuf/opit_1 on IOL_151_333.
Placed fixed group with base inst uart_tx_pin_obuf/opit_1 on IOL_151_361.
Placed fixed instance BKCL_auto_0 on BKCL_2_268.
Placed fixed instance BKCL_auto_1 on BKCL_154_268.
Placed fixed instance BKCL_auto_2 on BKCL_154_20.
Wirelength after Macro cell placement is 144809.
Macro cell placement takes 0.25 sec.
Run super clustering :
	Initial slack -1080.
	12 iterations finished.
	Final slack 14505.
Super clustering done.
Design Utilization : 43%.
Wirelength after post global placement is 144957.
Post global placement takes 14.28 sec.
Wirelength after legalization is 149466.
Legalization takes 1.17 sec.
Worst slack before Replication Place is 17548.
Wirelength after replication placement is 149466.
Legalized cost 17548.000000.
The detailed placement ends at 11th iteration.
Wirelength after detailed placement is 150493.
Timing-driven detailed placement takes 9.19 sec.
Placement done.
Total placement takes 58.70 sec.
Finished placement. (CPU time elapsed 0h:00m:59s)

Routing started.
Building routing graph takes 1.64 sec.
Worst slack is 19131.
Processing design graph takes 0.92 sec.
Total memory for routing:
	52.942612 M.
Total nets for routing : 9695.
Rcf routing step 1 processed 0 nets, it takes 0.00 sec.
Rcf routing step 2 processed 0 nets, it takes 0.00 sec.
Rcf routing step 3 processed 0 nets, it takes 0.00 sec.
Unrouted nets 0 at the end of iteration 0.
Global Routing step 1 processed 126 nets, it takes 0.06 sec.
Unrouted nets 140 at the end of iteration 0.
Unrouted nets 48 at the end of iteration 1.
Unrouted nets 26 at the end of iteration 2.
Unrouted nets 10 at the end of iteration 3.
Unrouted nets 6 at the end of iteration 4.
Unrouted nets 4 at the end of iteration 5.
Unrouted nets 3 at the end of iteration 6.
Unrouted nets 2 at the end of iteration 7.
Unrouted nets 2 at the end of iteration 8.
Unrouted nets 0 at the end of iteration 9.
Global Routing step 2 processed 259 nets, it takes 1.16 sec.
Unrouted nets 251 at the end of iteration 0.
Unrouted nets 160 at the end of iteration 1.
Unrouted nets 140 at the end of iteration 2.
Unrouted nets 102 at the end of iteration 3.
Unrouted nets 101 at the end of iteration 4.
Unrouted nets 91 at the end of iteration 5.
Unrouted nets 73 at the end of iteration 6.
Unrouted nets 56 at the end of iteration 7.
Unrouted nets 41 at the end of iteration 8.
Unrouted nets 33 at the end of iteration 9.
Unrouted nets 29 at the end of iteration 10.
Unrouted nets 18 at the end of iteration 11.
Unrouted nets 10 at the end of iteration 12.
Unrouted nets 3 at the end of iteration 13.
Unrouted nets 2 at the end of iteration 14.
Unrouted nets 0 at the end of iteration 15.
Global Routing step 3 processed 356 nets, it takes 9.61 sec.
Global routing takes 10.84 sec.
Total 14410 subnets.
    forward max bucket size 22984 , backward 558.
        Unrouted nets 12038 at the end of iteration 0.
    route iteration 0, CPU time elapsed 5.375000 sec.
    forward max bucket size 23853 , backward 713.
        Unrouted nets 10087 at the end of iteration 1.
    route iteration 1, CPU time elapsed 4.703125 sec.
    forward max bucket size 26149 , backward 758.
        Unrouted nets 8681 at the end of iteration 2.
    route iteration 2, CPU time elapsed 5.031250 sec.
    forward max bucket size 27644 , backward 834.
        Unrouted nets 7616 at the end of iteration 3.
    route iteration 3, CPU time elapsed 5.781250 sec.
    forward max bucket size 28117 , backward 927.
        Unrouted nets 6826 at the end of iteration 4.
    route iteration 4, CPU time elapsed 7.812500 sec.
    forward max bucket size 2675 , backward 834.
        Unrouted nets 6243 at the end of iteration 5.
    route iteration 5, CPU time elapsed 7.875000 sec.
    forward max bucket size 36335 , backward 1380.
        Unrouted nets 7149 at the end of iteration 6.
    route iteration 6, CPU time elapsed 8.468750 sec.
    forward max bucket size 35100 , backward 713.
        Unrouted nets 7193 at the end of iteration 7.
    route iteration 7, CPU time elapsed 7.734375 sec.
    forward max bucket size 36777 , backward 888.
        Unrouted nets 6795 at the end of iteration 8.
    route iteration 8, CPU time elapsed 7.968750 sec.
    forward max bucket size 33338 , backward 1054.
        Unrouted nets 6299 at the end of iteration 9.
    route iteration 9, CPU time elapsed 7.109375 sec.
    forward max bucket size 36919 , backward 1111.
        Unrouted nets 5854 at the end of iteration 10.
    route iteration 10, CPU time elapsed 6.796875 sec.
    forward max bucket size 4787 , backward 1003.
        Unrouted nets 5218 at the end of iteration 11.
    route iteration 11, CPU time elapsed 5.750000 sec.
    forward max bucket size 2727 , backward 1214.
        Unrouted nets 4758 at the end of iteration 12.
    route iteration 12, CPU time elapsed 4.156250 sec.
    forward max bucket size 3559 , backward 916.
        Unrouted nets 4408 at the end of iteration 13.
    route iteration 13, CPU time elapsed 4.000000 sec.
    forward max bucket size 3625 , backward 1139.
        Unrouted nets 4036 at the end of iteration 14.
    route iteration 14, CPU time elapsed 3.812500 sec.
    forward max bucket size 31893 , backward 769.
        Unrouted nets 3703 at the end of iteration 15.
    route iteration 15, CPU time elapsed 4.484375 sec.
    forward max bucket size 32245 , backward 1035.
        Unrouted nets 3428 at the end of iteration 16.
    route iteration 16, CPU time elapsed 4.250000 sec.
    forward max bucket size 39564 , backward 791.
        Unrouted nets 3157 at the end of iteration 17.
    route iteration 17, CPU time elapsed 3.796875 sec.
    forward max bucket size 3181 , backward 775.
        Unrouted nets 2941 at the end of iteration 18.
    route iteration 18, CPU time elapsed 2.343750 sec.
    forward max bucket size 3907 , backward 867.
        Unrouted nets 2703 at the end of iteration 19.
    route iteration 19, CPU time elapsed 2.656250 sec.
    forward max bucket size 39681 , backward 693.
        Unrouted nets 2509 at the end of iteration 20.
    route iteration 20, CPU time elapsed 3.484375 sec.
    forward max bucket size 4738 , backward 1402.
        Unrouted nets 2349 at the end of iteration 21.
    route iteration 21, CPU time elapsed 2.187500 sec.
    forward max bucket size 4570 , backward 1315.
        Unrouted nets 2189 at the end of iteration 22.
    route iteration 22, CPU time elapsed 2.218750 sec.
    forward max bucket size 5164 , backward 983.
        Unrouted nets 2047 at the end of iteration 23.
    route iteration 23, CPU time elapsed 2.859375 sec.
    forward max bucket size 5710 , backward 678.
        Unrouted nets 2005 at the end of iteration 24.
    route iteration 24, CPU time elapsed 1.843750 sec.
    forward max bucket size 3997 , backward 620.
        Unrouted nets 1948 at the end of iteration 25.
    route iteration 25, CPU time elapsed 2.140625 sec.
    forward max bucket size 3812 , backward 810.
        Unrouted nets 1870 at the end of iteration 26.
    route iteration 26, CPU time elapsed 1.703125 sec.
    forward max bucket size 4266 , backward 867.
        Unrouted nets 1739 at the end of iteration 27.
    route iteration 27, CPU time elapsed 2.171875 sec.
    forward max bucket size 4610 , backward 947.
        Unrouted nets 1680 at the end of iteration 28.
    route iteration 28, CPU time elapsed 2.203125 sec.
    forward max bucket size 4204 , backward 1140.
        Unrouted nets 1558 at the end of iteration 29.
    route iteration 29, CPU time elapsed 2.015625 sec.
    forward max bucket size 4261 , backward 855.
        Unrouted nets 1504 at the end of iteration 30.
    route iteration 30, CPU time elapsed 2.468750 sec.
    forward max bucket size 3349 , backward 838.
        Unrouted nets 1431 at the end of iteration 31.
    route iteration 31, CPU time elapsed 1.312500 sec.
    forward max bucket size 1965 , backward 676.
        Unrouted nets 1391 at the end of iteration 32.
    route iteration 32, CPU time elapsed 1.671875 sec.
    forward max bucket size 2824 , backward 496.
        Unrouted nets 1349 at the end of iteration 33.
    route iteration 33, CPU time elapsed 1.859375 sec.
    forward max bucket size 42039 , backward 567.
        Unrouted nets 1256 at the end of iteration 34.
    route iteration 34, CPU time elapsed 2.015625 sec.
    forward max bucket size 42093 , backward 714.
        Unrouted nets 1170 at the end of iteration 35.
    route iteration 35, CPU time elapsed 2.546875 sec.
    forward max bucket size 42329 , backward 1155.
        Unrouted nets 1121 at the end of iteration 36.
    route iteration 36, CPU time elapsed 2.453125 sec.
    forward max bucket size 1464 , backward 763.
        Unrouted nets 1039 at the end of iteration 37.
    route iteration 37, CPU time elapsed 1.500000 sec.
    forward max bucket size 5175 , backward 761.
        Unrouted nets 1054 at the end of iteration 38.
    route iteration 38, CPU time elapsed 1.312500 sec.
    forward max bucket size 3109 , backward 489.
        Unrouted nets 1006 at the end of iteration 39.
    route iteration 39, CPU time elapsed 1.328125 sec.
    forward max bucket size 3567 , backward 894.
        Unrouted nets 925 at the end of iteration 40.
    route iteration 40, CPU time elapsed 1.156250 sec.
    forward max bucket size 3988 , backward 784.
        Unrouted nets 863 at the end of iteration 41.
    route iteration 41, CPU time elapsed 1.171875 sec.
    forward max bucket size 1202 , backward 606.
        Unrouted nets 799 at the end of iteration 42.
    route iteration 42, CPU time elapsed 0.937500 sec.
    forward max bucket size 628 , backward 764.
        Unrouted nets 787 at the end of iteration 43.
    route iteration 43, CPU time elapsed 0.937500 sec.
    forward max bucket size 515 , backward 678.
        Unrouted nets 767 at the end of iteration 44.
    route iteration 44, CPU time elapsed 0.656250 sec.
    forward max bucket size 569 , backward 685.
        Unrouted nets 743 at the end of iteration 45.
    route iteration 45, CPU time elapsed 0.843750 sec.
    forward max bucket size 396 , backward 464.
        Unrouted nets 686 at the end of iteration 46.
    route iteration 46, CPU time elapsed 0.953125 sec.
    forward max bucket size 4227 , backward 621.
        Unrouted nets 641 at the end of iteration 47.
    route iteration 47, CPU time elapsed 0.937500 sec.
    forward max bucket size 1022 , backward 511.
        Unrouted nets 591 at the end of iteration 48.
    route iteration 48, CPU time elapsed 0.781250 sec.
    forward max bucket size 3020 , backward 832.
        Unrouted nets 552 at the end of iteration 49.
    route iteration 49, CPU time elapsed 0.796875 sec.
    forward max bucket size 3001 , backward 534.
        Unrouted nets 548 at the end of iteration 50.
    route iteration 50, CPU time elapsed 0.656250 sec.
    forward max bucket size 1899 , backward 548.
        Unrouted nets 552 at the end of iteration 51.
    route iteration 51, CPU time elapsed 0.656250 sec.
    forward max bucket size 33320 , backward 462.
        Unrouted nets 528 at the end of iteration 52.
    route iteration 52, CPU time elapsed 1.390625 sec.
    forward max bucket size 33176 , backward 414.
        Unrouted nets 512 at the end of iteration 53.
    route iteration 53, CPU time elapsed 1.359375 sec.
    forward max bucket size 5371 , backward 1113.
        Unrouted nets 491 at the end of iteration 54.
    route iteration 54, CPU time elapsed 0.453125 sec.
    forward max bucket size 5770 , backward 1318.
        Unrouted nets 497 at the end of iteration 55.
    route iteration 55, CPU time elapsed 0.703125 sec.
    forward max bucket size 4397 , backward 754.
        Unrouted nets 484 at the end of iteration 56.
    route iteration 56, CPU time elapsed 0.531250 sec.
    forward max bucket size 1631 , backward 1102.
        Unrouted nets 459 at the end of iteration 57.
    route iteration 57, CPU time elapsed 0.625000 sec.
    forward max bucket size 3737 , backward 890.
        Unrouted nets 496 at the end of iteration 58.
    route iteration 58, CPU time elapsed 0.562500 sec.
    forward max bucket size 2546 , backward 390.
        Unrouted nets 502 at the end of iteration 59.
    route iteration 59, CPU time elapsed 0.687500 sec.
    forward max bucket size 4081 , backward 1193.
        Unrouted nets 430 at the end of iteration 60.
    route iteration 60, CPU time elapsed 0.656250 sec.
    forward max bucket size 2855 , backward 627.
        Unrouted nets 383 at the end of iteration 61.
    route iteration 61, CPU time elapsed 0.625000 sec.
    forward max bucket size 571 , backward 304.
        Unrouted nets 379 at the end of iteration 62.
    route iteration 62, CPU time elapsed 0.531250 sec.
    forward max bucket size 3378 , backward 729.
        Unrouted nets 349 at the end of iteration 63.
    route iteration 63, CPU time elapsed 0.531250 sec.
    forward max bucket size 4097 , backward 1197.
        Unrouted nets 358 at the end of iteration 64.
    route iteration 64, CPU time elapsed 0.390625 sec.
    forward max bucket size 3790 , backward 582.
        Unrouted nets 330 at the end of iteration 65.
    route iteration 65, CPU time elapsed 0.515625 sec.
    forward max bucket size 3838 , backward 623.
        Unrouted nets 298 at the end of iteration 66.
    route iteration 66, CPU time elapsed 0.531250 sec.
    forward max bucket size 600 , backward 399.
        Unrouted nets 299 at the end of iteration 67.
    route iteration 67, CPU time elapsed 0.390625 sec.
    forward max bucket size 319 , backward 300.
        Unrouted nets 310 at the end of iteration 68.
    route iteration 68, CPU time elapsed 0.375000 sec.
    forward max bucket size 1851 , backward 155.
        Unrouted nets 293 at the end of iteration 69.
    route iteration 69, CPU time elapsed 0.281250 sec.
    forward max bucket size 700 , backward 290.
        Unrouted nets 267 at the end of iteration 70.
    route iteration 70, CPU time elapsed 0.218750 sec.
    forward max bucket size 357 , backward 453.
        Unrouted nets 263 at the end of iteration 71.
    route iteration 71, CPU time elapsed 0.437500 sec.
    forward max bucket size 279 , backward 305.
        Unrouted nets 297 at the end of iteration 72.
    route iteration 72, CPU time elapsed 0.312500 sec.
    forward max bucket size 3641 , backward 486.
        Unrouted nets 289 at the end of iteration 73.
    route iteration 73, CPU time elapsed 0.453125 sec.
    forward max bucket size 748 , backward 918.
        Unrouted nets 270 at the end of iteration 74.
    route iteration 74, CPU time elapsed 0.390625 sec.
    forward max bucket size 2092 , backward 914.
        Unrouted nets 256 at the end of iteration 75.
    route iteration 75, CPU time elapsed 0.437500 sec.
    forward max bucket size 679 , backward 492.
        Unrouted nets 258 at the end of iteration 76.
    route iteration 76, CPU time elapsed 0.390625 sec.
    forward max bucket size 223 , backward 498.
        Unrouted nets 264 at the end of iteration 77.
    route iteration 77, CPU time elapsed 0.218750 sec.
    forward max bucket size 176 , backward 241.
        Unrouted nets 253 at the end of iteration 78.
    route iteration 78, CPU time elapsed 0.421875 sec.
    forward max bucket size 263 , backward 191.
        Unrouted nets 242 at the end of iteration 79.
    route iteration 79, CPU time elapsed 0.312500 sec.
    forward max bucket size 1836 , backward 489.
        Unrouted nets 219 at the end of iteration 80.
    route iteration 80, CPU time elapsed 0.421875 sec.
    forward max bucket size 871 , backward 1024.
        Unrouted nets 213 at the end of iteration 81.
    route iteration 81, CPU time elapsed 0.375000 sec.
    forward max bucket size 414 , backward 179.
        Unrouted nets 216 at the end of iteration 82.
    route iteration 82, CPU time elapsed 0.390625 sec.
    forward max bucket size 1146 , backward 1340.
        Unrouted nets 238 at the end of iteration 83.
    route iteration 83, CPU time elapsed 0.312500 sec.
    forward max bucket size 879 , backward 575.
        Unrouted nets 220 at the end of iteration 84.
    route iteration 84, CPU time elapsed 0.296875 sec.
    forward max bucket size 326 , backward 178.
        Unrouted nets 191 at the end of iteration 85.
    route iteration 85, CPU time elapsed 0.281250 sec.
    forward max bucket size 427 , backward 227.
        Unrouted nets 196 at the end of iteration 86.
    route iteration 86, CPU time elapsed 0.250000 sec.
    forward max bucket size 345 , backward 433.
        Unrouted nets 208 at the end of iteration 87.
    route iteration 87, CPU time elapsed 0.375000 sec.
    forward max bucket size 675 , backward 388.
        Unrouted nets 221 at the end of iteration 88.
    route iteration 88, CPU time elapsed 0.437500 sec.
    forward max bucket size 187 , backward 282.
        Unrouted nets 218 at the end of iteration 89.
    route iteration 89, CPU time elapsed 0.375000 sec.
    forward max bucket size 5583 , backward 1918.
        Unrouted nets 192 at the end of iteration 90.
    route iteration 90, CPU time elapsed 0.328125 sec.
    forward max bucket size 4163 , backward 947.
        Unrouted nets 171 at the end of iteration 91.
    route iteration 91, CPU time elapsed 0.281250 sec.
    forward max bucket size 2798 , backward 678.
        Unrouted nets 159 at the end of iteration 92.
    route iteration 92, CPU time elapsed 0.218750 sec.
    forward max bucket size 3635 , backward 887.
        Unrouted nets 155 at the end of iteration 93.
    route iteration 93, CPU time elapsed 0.234375 sec.
    forward max bucket size 137 , backward 363.
        Unrouted nets 131 at the end of iteration 94.
    route iteration 94, CPU time elapsed 0.156250 sec.
    forward max bucket size 152 , backward 414.
        Unrouted nets 114 at the end of iteration 95.
    route iteration 95, CPU time elapsed 0.187500 sec.
    forward max bucket size 105 , backward 234.
        Unrouted nets 99 at the end of iteration 96.
    route iteration 96, CPU time elapsed 0.250000 sec.
    forward max bucket size 74 , backward 233.
        Unrouted nets 104 at the end of iteration 97.
    route iteration 97, CPU time elapsed 0.250000 sec.
    forward max bucket size 250 , backward 110.
        Unrouted nets 97 at the end of iteration 98.
    route iteration 98, CPU time elapsed 0.250000 sec.
    forward max bucket size 112 , backward 130.
        Unrouted nets 86 at the end of iteration 99.
    route iteration 99, CPU time elapsed 0.156250 sec.
    forward max bucket size 260 , backward 190.
        Unrouted nets 88 at the end of iteration 100.
    route iteration 100, CPU time elapsed 0.234375 sec.
    forward max bucket size 123 , backward 260.
        Unrouted nets 87 at the end of iteration 101.
    route iteration 101, CPU time elapsed 0.109375 sec.
    forward max bucket size 242 , backward 259.
        Unrouted nets 91 at the end of iteration 102.
    route iteration 102, CPU time elapsed 0.171875 sec.
    forward max bucket size 101 , backward 169.
        Unrouted nets 86 at the end of iteration 103.
    route iteration 103, CPU time elapsed 0.171875 sec.
    forward max bucket size 83 , backward 99.
        Unrouted nets 94 at the end of iteration 104.
    route iteration 104, CPU time elapsed 0.171875 sec.
    forward max bucket size 196 , backward 147.
        Unrouted nets 103 at the end of iteration 105.
    route iteration 105, CPU time elapsed 0.234375 sec.
    forward max bucket size 194 , backward 147.
        Unrouted nets 120 at the end of iteration 106.
    route iteration 106, CPU time elapsed 0.187500 sec.
    forward max bucket size 149 , backward 99.
        Unrouted nets 116 at the end of iteration 107.
    route iteration 107, CPU time elapsed 0.218750 sec.
    forward max bucket size 405 , backward 323.
        Unrouted nets 116 at the end of iteration 108.
    route iteration 108, CPU time elapsed 0.125000 sec.
    forward max bucket size 263 , backward 327.
        Unrouted nets 110 at the end of iteration 109.
    route iteration 109, CPU time elapsed 0.156250 sec.
    forward max bucket size 209 , backward 250.
        Unrouted nets 120 at the end of iteration 110.
    route iteration 110, CPU time elapsed 0.203125 sec.
    forward max bucket size 212 , backward 318.
        Unrouted nets 108 at the end of iteration 111.
    route iteration 111, CPU time elapsed 0.203125 sec.
    forward max bucket size 197 , backward 330.
        Unrouted nets 119 at the end of iteration 112.
    route iteration 112, CPU time elapsed 0.140625 sec.
    forward max bucket size 168 , backward 499.
        Unrouted nets 103 at the end of iteration 113.
    route iteration 113, CPU time elapsed 0.140625 sec.
    forward max bucket size 189 , backward 157.
        Unrouted nets 108 at the end of iteration 114.
    route iteration 114, CPU time elapsed 0.171875 sec.
    forward max bucket size 209 , backward 166.
        Unrouted nets 86 at the end of iteration 115.
    route iteration 115, CPU time elapsed 0.171875 sec.
    forward max bucket size 275 , backward 376.
        Unrouted nets 84 at the end of iteration 116.
    route iteration 116, CPU time elapsed 0.125000 sec.
    forward max bucket size 183 , backward 102.
        Unrouted nets 84 at the end of iteration 117.
    route iteration 117, CPU time elapsed 0.156250 sec.
    forward max bucket size 167 , backward 98.
        Unrouted nets 72 at the end of iteration 118.
    route iteration 118, CPU time elapsed 0.140625 sec.
    forward max bucket size 132 , backward 82.
        Unrouted nets 60 at the end of iteration 119.
    route iteration 119, CPU time elapsed 0.093750 sec.
    forward max bucket size 66 , backward 641.
        Unrouted nets 60 at the end of iteration 120.
    route iteration 120, CPU time elapsed 0.109375 sec.
    forward max bucket size 81 , backward 567.
        Unrouted nets 58 at the end of iteration 121.
    route iteration 121, CPU time elapsed 0.109375 sec.
    forward max bucket size 101 , backward 95.
        Unrouted nets 53 at the end of iteration 122.
    route iteration 122, CPU time elapsed 0.062500 sec.
    forward max bucket size 69 , backward 65.
        Unrouted nets 69 at the end of iteration 123.
    route iteration 123, CPU time elapsed 0.093750 sec.
    forward max bucket size 188 , backward 144.
        Unrouted nets 55 at the end of iteration 124.
    route iteration 124, CPU time elapsed 0.156250 sec.
    forward max bucket size 74 , backward 155.
        Unrouted nets 55 at the end of iteration 125.
    route iteration 125, CPU time elapsed 0.125000 sec.
    forward max bucket size 238 , backward 196.
        Unrouted nets 57 at the end of iteration 126.
    route iteration 126, CPU time elapsed 0.093750 sec.
    forward max bucket size 75 , backward 97.
        Unrouted nets 60 at the end of iteration 127.
    route iteration 127, CPU time elapsed 0.093750 sec.
    forward max bucket size 273 , backward 344.
        Unrouted nets 67 at the end of iteration 128.
    route iteration 128, CPU time elapsed 0.078125 sec.
    forward max bucket size 273 , backward 383.
        Unrouted nets 63 at the end of iteration 129.
    route iteration 129, CPU time elapsed 0.046875 sec.
    forward max bucket size 102 , backward 60.
        Unrouted nets 54 at the end of iteration 130.
    route iteration 130, CPU time elapsed 0.125000 sec.
    forward max bucket size 226 , backward 373.
        Unrouted nets 51 at the end of iteration 131.
    route iteration 131, CPU time elapsed 0.125000 sec.
    forward max bucket size 278 , backward 317.
        Unrouted nets 46 at the end of iteration 132.
    route iteration 132, CPU time elapsed 0.125000 sec.
    forward max bucket size 349 , backward 118.
        Unrouted nets 43 at the end of iteration 133.
    route iteration 133, CPU time elapsed 0.046875 sec.
    forward max bucket size 244 , backward 320.
        Unrouted nets 39 at the end of iteration 134.
    route iteration 134, CPU time elapsed 0.109375 sec.
    forward max bucket size 195 , backward 52.
        Unrouted nets 32 at the end of iteration 135.
    route iteration 135, CPU time elapsed 0.109375 sec.
    forward max bucket size 44 , backward 44.
        Unrouted nets 29 at the end of iteration 136.
    route iteration 136, CPU time elapsed 0.140625 sec.
    forward max bucket size 44 , backward 44.
        Unrouted nets 28 at the end of iteration 137.
    route iteration 137, CPU time elapsed 0.109375 sec.
    forward max bucket size 67 , backward 46.
        Unrouted nets 30 at the end of iteration 138.
    route iteration 138, CPU time elapsed 0.062500 sec.
    forward max bucket size 42 , backward 49.
        Unrouted nets 34 at the end of iteration 139.
    route iteration 139, CPU time elapsed 0.171875 sec.
    forward max bucket size 42 , backward 30.
        Unrouted nets 28 at the end of iteration 140.
    route iteration 140, CPU time elapsed 0.078125 sec.
    forward max bucket size 72 , backward 100.
        Unrouted nets 36 at the end of iteration 141.
    route iteration 141, CPU time elapsed 0.125000 sec.
    forward max bucket size 771 , backward 708.
        Unrouted nets 27 at the end of iteration 142.
    route iteration 142, CPU time elapsed 0.062500 sec.
    forward max bucket size 771 , backward 708.
        Unrouted nets 39 at the end of iteration 143.
    route iteration 143, CPU time elapsed 0.078125 sec.
    forward max bucket size 76 , backward 50.
        Unrouted nets 45 at the end of iteration 144.
    route iteration 144, CPU time elapsed 0.109375 sec.
    forward max bucket size 206 , backward 151.
        Unrouted nets 42 at the end of iteration 145.
    route iteration 145, CPU time elapsed 0.093750 sec.
    forward max bucket size 226 , backward 118.
        Unrouted nets 43 at the end of iteration 146.
    route iteration 146, CPU time elapsed 0.062500 sec.
    forward max bucket size 113 , backward 81.
        Unrouted nets 47 at the end of iteration 147.
    route iteration 147, CPU time elapsed 0.125000 sec.
    forward max bucket size 114 , backward 82.
        Unrouted nets 45 at the end of iteration 148.
    route iteration 148, CPU time elapsed 0.046875 sec.
    forward max bucket size 147 , backward 125.
        Unrouted nets 49 at the end of iteration 149.
    route iteration 149, CPU time elapsed 0.109375 sec.
    forward max bucket size 321 , backward 147.
        Unrouted nets 52 at the end of iteration 150.
    route iteration 150, CPU time elapsed 0.109375 sec.
    forward max bucket size 81 , backward 72.
        Unrouted nets 45 at the end of iteration 151.
    route iteration 151, CPU time elapsed 0.125000 sec.
    forward max bucket size 54 , backward 132.
        Unrouted nets 37 at the end of iteration 152.
    route iteration 152, CPU time elapsed 0.046875 sec.
    forward max bucket size 62 , backward 71.
        Unrouted nets 42 at the end of iteration 153.
    route iteration 153, CPU time elapsed 0.078125 sec.
    forward max bucket size 164 , backward 48.
        Unrouted nets 40 at the end of iteration 154.
    route iteration 154, CPU time elapsed 0.062500 sec.
    forward max bucket size 95 , backward 85.
        Unrouted nets 31 at the end of iteration 155.
    route iteration 155, CPU time elapsed 0.109375 sec.
    forward max bucket size 415 , backward 33.
        Unrouted nets 23 at the end of iteration 156.
    route iteration 156, CPU time elapsed 0.015625 sec.
    forward max bucket size 466 , backward 96.
        Unrouted nets 24 at the end of iteration 157.
    route iteration 157, CPU time elapsed 0.078125 sec.
    forward max bucket size 70 , backward 53.
        Unrouted nets 30 at the end of iteration 158.
    route iteration 158, CPU time elapsed 0.093750 sec.
    forward max bucket size 70 , backward 64.
        Unrouted nets 26 at the end of iteration 159.
    route iteration 159, CPU time elapsed 0.109375 sec.
    forward max bucket size 67 , backward 64.
        Unrouted nets 26 at the end of iteration 160.
    route iteration 160, CPU time elapsed 0.062500 sec.
    forward max bucket size 35 , backward 43.
        Unrouted nets 22 at the end of iteration 161.
    route iteration 161, CPU time elapsed 0.109375 sec.
    forward max bucket size 78 , backward 56.
        Unrouted nets 26 at the end of iteration 162.
    route iteration 162, CPU time elapsed 0.062500 sec.
    forward max bucket size 61 , backward 59.
        Unrouted nets 33 at the end of iteration 163.
    route iteration 163, CPU time elapsed 0.062500 sec.
    forward max bucket size 58 , backward 36.
        Unrouted nets 36 at the end of iteration 164.
    route iteration 164, CPU time elapsed 0.093750 sec.
    forward max bucket size 152 , backward 179.
        Unrouted nets 46 at the end of iteration 165.
    route iteration 165, CPU time elapsed 0.078125 sec.
    forward max bucket size 150 , backward 75.
        Unrouted nets 43 at the end of iteration 166.
    route iteration 166, CPU time elapsed 0.140625 sec.
    forward max bucket size 174 , backward 272.
        Unrouted nets 52 at the end of iteration 167.
    route iteration 167, CPU time elapsed 0.093750 sec.
    forward max bucket size 179 , backward 177.
        Unrouted nets 45 at the end of iteration 168.
    route iteration 168, CPU time elapsed 0.109375 sec.
    forward max bucket size 254 , backward 176.
        Unrouted nets 48 at the end of iteration 169.
    route iteration 169, CPU time elapsed 0.109375 sec.
    forward max bucket size 114 , backward 139.
        Unrouted nets 51 at the end of iteration 170.
    route iteration 170, CPU time elapsed 0.109375 sec.
    forward max bucket size 355 , backward 147.
        Unrouted nets 59 at the end of iteration 171.
    route iteration 171, CPU time elapsed 0.093750 sec.
    forward max bucket size 87 , backward 190.
        Unrouted nets 46 at the end of iteration 172.
    route iteration 172, CPU time elapsed 0.046875 sec.
    forward max bucket size 448 , backward 76.
        Unrouted nets 55 at the end of iteration 173.
    route iteration 173, CPU time elapsed 0.093750 sec.
    forward max bucket size 456 , backward 91.
        Unrouted nets 51 at the end of iteration 174.
    route iteration 174, CPU time elapsed 0.046875 sec.
    forward max bucket size 184 , backward 212.
        Unrouted nets 47 at the end of iteration 175.
    route iteration 175, CPU time elapsed 0.093750 sec.
    forward max bucket size 102 , backward 72.
        Unrouted nets 47 at the end of iteration 176.
    route iteration 176, CPU time elapsed 0.093750 sec.
    forward max bucket size 292 , backward 46.
        Unrouted nets 27 at the end of iteration 177.
    route iteration 177, CPU time elapsed 0.109375 sec.
    forward max bucket size 494 , backward 222.
        Unrouted nets 25 at the end of iteration 178.
    route iteration 178, CPU time elapsed 0.031250 sec.
    forward max bucket size 86 , backward 105.
        Unrouted nets 25 at the end of iteration 179.
    route iteration 179, CPU time elapsed 0.093750 sec.
    forward max bucket size 136 , backward 57.
        Unrouted nets 29 at the end of iteration 180.
    route iteration 180, CPU time elapsed 0.046875 sec.
    forward max bucket size 121 , backward 77.
        Unrouted nets 29 at the end of iteration 181.
    route iteration 181, CPU time elapsed 0.109375 sec.
    forward max bucket size 116 , backward 80.
        Unrouted nets 37 at the end of iteration 182.
    route iteration 182, CPU time elapsed 0.109375 sec.
    forward max bucket size 143 , backward 51.
        Unrouted nets 36 at the end of iteration 183.
    route iteration 183, CPU time elapsed 0.125000 sec.
    forward max bucket size 141 , backward 58.
        Unrouted nets 48 at the end of iteration 184.
    route iteration 184, CPU time elapsed 0.093750 sec.
    forward max bucket size 142 , backward 63.
        Unrouted nets 51 at the end of iteration 185.
    route iteration 185, CPU time elapsed 0.093750 sec.
    forward max bucket size 95 , backward 70.
        Unrouted nets 42 at the end of iteration 186.
    route iteration 186, CPU time elapsed 0.078125 sec.
    forward max bucket size 50 , backward 66.
        Unrouted nets 33 at the end of iteration 187.
    route iteration 187, CPU time elapsed 0.031250 sec.
    forward max bucket size 205 , backward 98.
        Unrouted nets 38 at the end of iteration 188.
    route iteration 188, CPU time elapsed 0.125000 sec.
    forward max bucket size 104 , backward 224.
        Unrouted nets 25 at the end of iteration 189.
    route iteration 189, CPU time elapsed 0.015625 sec.
    forward max bucket size 73 , backward 47.
        Unrouted nets 28 at the end of iteration 190.
    route iteration 190, CPU time elapsed 0.062500 sec.
    forward max bucket size 146 , backward 37.
        Unrouted nets 27 at the end of iteration 191.
    route iteration 191, CPU time elapsed 0.000000 sec.
    forward max bucket size 138 , backward 30.
        Unrouted nets 28 at the end of iteration 192.
    route iteration 192, CPU time elapsed 0.000000 sec.
    forward max bucket size 47 , backward 75.
        Unrouted nets 31 at the end of iteration 193.
    route iteration 193, CPU time elapsed 0.078125 sec.
    forward max bucket size 59 , backward 35.
        Unrouted nets 36 at the end of iteration 194.
    route iteration 194, CPU time elapsed 0.062500 sec.
    forward max bucket size 81 , backward 130.
        Unrouted nets 28 at the end of iteration 195.
    route iteration 195, CPU time elapsed 0.046875 sec.
    forward max bucket size 193 , backward 44.
        Unrouted nets 22 at the end of iteration 196.
    route iteration 196, CPU time elapsed 0.093750 sec.
    forward max bucket size 517 , backward 100.
        Unrouted nets 19 at the end of iteration 197.
    route iteration 197, CPU time elapsed 0.078125 sec.
    forward max bucket size 751 , backward 361.
        Unrouted nets 21 at the end of iteration 198.
    route iteration 198, CPU time elapsed 0.125000 sec.
    forward max bucket size 44 , backward 45.
        Unrouted nets 22 at the end of iteration 199.
    route iteration 199, CPU time elapsed 0.093750 sec.
    forward max bucket size 46 , backward 28.
        Unrouted nets 21 at the end of iteration 200.
    route iteration 200, CPU time elapsed 0.046875 sec.
    forward max bucket size 39 , backward 53.
        Unrouted nets 16 at the end of iteration 201.
    route iteration 201, CPU time elapsed 0.046875 sec.
    forward max bucket size 114 , backward 82.
        Unrouted nets 11 at the end of iteration 202.
    route iteration 202, CPU time elapsed 0.062500 sec.
    forward max bucket size 18 , backward 17.
        Unrouted nets 4 at the end of iteration 203.
    route iteration 203, CPU time elapsed 0.062500 sec.
    forward max bucket size 38 , backward 25.
        Unrouted nets 4 at the end of iteration 204.
    route iteration 204, CPU time elapsed 0.109375 sec.
    forward max bucket size 38 , backward 28.
        Unrouted nets 5 at the end of iteration 205.
    route iteration 205, CPU time elapsed 0.031250 sec.
    forward max bucket size 25 , backward 26.
        Unrouted nets 4 at the end of iteration 206.
    route iteration 206, CPU time elapsed 0.062500 sec.
    forward max bucket size 46 , backward 37.
        Unrouted nets 5 at the end of iteration 207.
    route iteration 207, CPU time elapsed 0.031250 sec.
    forward max bucket size 39 , backward 42.
        Unrouted nets 2 at the end of iteration 208.
    route iteration 208, CPU time elapsed 0.093750 sec.
    forward max bucket size 8 , backward 5.
        Unrouted nets 0 at the end of iteration 209.
    route iteration 209, CPU time elapsed 0.046875 sec.
C: Route-2036: The clock path from jtag_TCK_ibuf/opit_1:OUT to clkbufg_0/gopclkbufg:CLK is routed by SRB.
Detailed routing takes 197.39 sec.

Dispose routing result:
    Collect routing result.
    Delete unused device instances.
    Annotate routing result.
    Change LUT configuration.
    Dispose misc instances.
I: Route-6001: Insert route through in CLMA_86_208.
I: Route-6001: Insert route through in CLMA_78_132.
I: Route-6001: Insert route through in CLMA_82_144.
I: Route-6001: Insert route through in CLMA_90_197.
I: Route-6001: Insert route through in CLMA_50_148.
I: Route-6001: Insert route through in CLMA_50_144.
I: Route-6001: Insert route through in CLMA_98_105.
I: Route-6001: Insert route through in CLMA_50_129.
I: Route-6001: Insert route through in CLMA_54_140.
I: Route-6001: Insert route through in CLMA_86_332.
I: Route-6001: Insert route through in CLMA_78_348.
I: Route-6001: Insert route through in CLMA_70_33.
I: Route-6001: Insert route through in CLMA_130_204.
I: Route-6001: Insert route through in CLMA_78_348.
I: Route-6001: Insert route through in CLMA_78_340.
I: Route-6001: Insert route through in CLMA_82_341.
I: Route-6001: Insert route through in CLMA_58_105.
I: Route-6001: Insert route through in CLMA_42_156.
I: Route-6001: Insert route through in CLMA_78_116.
I: Route-6001: Insert route through in CLMA_90_197.
I: Route-6001: Insert route through in CLMA_66_136.
I: Route-6001: Insert route through in CLMA_50_144.
I: Route-6001: Insert route through in CLMA_102_100.
I: Route-6001: Insert route through in CLMA_54_160.
I: Route-6001: Insert route through in CLMA_70_84.
I: Route-6001: Insert route through in CLMA_70_189.
I: Route-6001: Insert route through in CLMA_70_177.
I: Route-6001: Insert route through in CLMA_50_169.
I: Route-6001: Insert route through in CLMA_30_156.
I: Route-6001: Insert route through in CLMA_90_196.
I: Route-6001: Insert route through in CLMA_90_196.
I: Route-6001: Insert route through in CLMA_98_189.
I: Route-6001: Insert route through in CLMA_70_177.
I: Route-6001: Insert route through in CLMA_82_152.
I: Route-6001: Insert route through in CLMA_50_173.
I: Route-6001: Insert route through in CLMA_102_344.
I: Route-6001: Insert route through in CLMA_98_105.
I: Route-6001: Insert route through in CLMA_50_25.
I: Route-6001: Insert route through in CLMA_102_64.
I: Route-6001: Insert route through in CLMA_78_168.
I: Route-6001: Insert route through in CLMA_70_140.
I: Route-6001: Insert route through in CLMA_54_188.
I: Route-6001: Insert route through in CLMA_50_172.
I: Route-6001: Insert route through in CLMA_98_53.
I: Route-6001: Insert route through in CLMA_134_224.
I: Route-6001: Insert route through in CLMA_94_8.
I: Route-6001: Insert route through in CLMA_98_97.
I: Route-6001: Insert route through in CLMA_106_329.
I: Route-6001: Insert route through in CLMA_146_272.
I: Route-6001: Insert route through in CLMA_50_169.
I: Route-6001: Insert route through in CLMA_70_189.
I: Route-6001: Insert route through in CLMA_98_189.
I: Route-6001: Insert route through in CLMA_98_328.
I: Route-6001: Insert route through in CLMA_90_101.
I: Route-6001: Insert route through in USCM_74_107.
I: Route-6001: Insert route through in USCM_74_105.
I: Route-6001: Insert route through in USCM_74_109.
I: Route-6001: Insert route through in USCM_74_111.
I: Route-6001: Insert route through in USCM_74_132.
I: Route-6001: Insert route through in RCKB_7_311.
I: Route-6001: Insert route through in RCKB_7_310.
I: Route-6001: Insert route through in RCKB_7_308.
I: Route-6001: Insert route through in RCKB_7_309.
I: Route-6001: Insert route through in RCKB_7_184.
I: Route-6001: Insert route through in RCKB_151_186.
I: Route-6001: Insert route through in RCKB_7_186.
I: Route-6001: Insert route through in RCKB_151_311.
I: Route-6001: Insert route through in RCKB_151_187.
    Annotate routing result again.
Finish routing takes 3.06 sec.
Used srb routing arc is 188151.
Cleanup routing takes 0.11 sec.
Routing done.
Total routing takes 216.52 sec.


Device Utilization Summary :
+----------------------------------------------------------------------------+
| Logic Utilization        | Used     | Available     | Utilization(%)     
+----------------------------------------------------------------------------+
| Use of ADC               | 0        | 1             | 0                   
| Use of APM               | 4        | 30            | 13                  
| Use of BKCL              | 3        | 6             | 50                  
| Use of CLMA              | 2406     | 3274          | 73                  
|   FF                     | 2907     | 19644         | 15                  
|   LUT                    | 5644     | 13096         | 43                  
|   LUT-FF pairs           | 1279     | 13096         | 10                  
| Use of CLMS              | 1094     | 1110          | 99                  
|   FF                     | 0        | 6660          | 0                   
|   LUT                    | 2049     | 4440          | 46                  
|   LUT-FF pairs           | 0        | 4440          | 0                   
|   Distributed RAM        | 2048     | 4440          | 46                  
| Use of CRYSTAL           | 0        | 6             | 0                   
| Use of DLL               | 0        | 6             | 0                   
| Use of DQSL              | 0        | 18            | 0                   
| Use of DRM               | 32       | 48            | 67                  
| Use of FLSIF             | 0        | 1             | 0                   
| Use of FUSECODE          | 0        | 1             | 0                   
| Use of HARD0N1           | 0        | 2745          | 0                   
| Use of HMEMC             | 0        | 2             | 0                   
| Use of IO                | 11       | 240           | 5                   
|   IOBD                   | 7        | 120           | 6                   
|   IOBR                   | 1        | 6             | 17                  
|   IOBS                   | 3        | 114           | 3                   
| Use of IOCKDIV           | 0        | 12            | 0                   
| Use of IOCKDLY           | 0        | 24            | 0                   
| Use of IOCKGATE          | 0        | 12            | 0                   
| Use of IOCKGMUX_TEST     | 0        | 12            | 0                   
| Use of IOL               | 11       | 240           | 5                   
| Use of IPAL              | 0        | 1             | 0                   
| Use of MFG_TEST          | 0        | 1             | 0                   
| Use of OSC               | 0        | 1             | 0                   
| Use of PLL               | 0        | 6             | 0                   
| Use of PREGMUX_TEST      | 0        | 6             | 0                   
| Use of RCKB              | 9        | 24            | 38                  
| Use of RCKBMUX_TEST      | 0        | 12            | 0                   
| Use of RESCAL            | 0        | 6             | 0                   
| Use of SCANCHAIN         | 0        | 4             | 0                   
| Use of START             | 1        | 1             | 100                 
| Use of UDID              | 0        | 1             | 0                   
| Use of USCM              | 7        | 20            | 35                  
| Use of USCMMUX_TEST      | 0        | 20            | 0                   
| Use of VCKBMUX_TEST      | 0        | 12            | 0                   
+----------------------------------------------------------------------------+

Finished routing. (CPU time elapsed 0h:04m:36s)
Design 'tinyriscv_soc_top' has been placed and routed successfully.
Saving design to DB.
Action pnr: Real time elapsed is 608.000 sec
Action pnr: CPU time elapsed is 280.031 sec
Current time: Sun Oct 30 22:02:17 2022
Action pnr: Peak memory pool usage is 722,907,136 bytes
Finished placement and routing. (CPU time elapsed 0h:04m:37s)
