#Build: Fabric Compiler 2020.3-Lite, Build 71107, Mar 15 18:01 2021
#Install: D:\PDS_2020.3-Lite\bin
#Application name: pds_shell.exe
#OS: Windows 10 10.0.22621
#Hostname: odincomputer
Generated by Fabric Compiler (version 2020.3-Lite build 71107) at Sun Oct 30 21:32:20 2022
Compiling verification operator library.
Compiling common defs.
Compiling prim grid devices.
Compiling gate devices.
Compiling gate operators.
Building architecture model.
Loading device packaging model 'MBG324'.
I: Parameter configuration file D:/panguprj/tinydram/testparam.txt cannot open.
Starting placement and routing flow. (CPU time elapsed 0h:00m:00s)
Reading design from devmap DB.
Building architecture floorplan logic view.
Executing : apply_constraint -f D:/panguprj/tinydram/device_map/tinyriscv_soc_top.pcf
Executing : def_port halted_ind -LOC U10 -IOSTANDARD LVCMOS33 -VCCIO 3.3 -DRIVE 4 -SLEW SLOW
Executing : def_port halted_ind -LOC U10 -IOSTANDARD LVCMOS33 -VCCIO 3.3 -DRIVE 4 -SLEW SLOW successfully.
Executing : def_port jtag_TDO -LOC V16 -IOSTANDARD LVCMOS33 -VCCIO 3.3 -DRIVE 4 -SLEW SLOW
Executing : def_port jtag_TDO -LOC V16 -IOSTANDARD LVCMOS33 -VCCIO 3.3 -DRIVE 4 -SLEW SLOW successfully.
Executing : def_port uart_tx_pin -LOC C10 -IOSTANDARD LVCMOS33 -VCCIO 3.3 -DRIVE 4 -SLEW SLOW
Executing : def_port uart_tx_pin -LOC C10 -IOSTANDARD LVCMOS33 -VCCIO 3.3 -DRIVE 4 -SLEW SLOW successfully.
Executing : def_port clk -LOC B5 -IOSTANDARD LVTTL33 -VCCIO 3.3
Executing : def_port clk -LOC B5 -IOSTANDARD LVTTL33 -VCCIO 3.3 successfully.
Executing : def_port jtag_TCK -LOC V17 -IOSTANDARD LVTTL33 -VCCIO 3.3
Executing : def_port jtag_TCK -LOC V17 -IOSTANDARD LVTTL33 -VCCIO 3.3 successfully.
Executing : def_port jtag_TDI -LOC V18 -IOSTANDARD LVTTL33 -VCCIO 3.3
Executing : def_port jtag_TDI -LOC V18 -IOSTANDARD LVTTL33 -VCCIO 3.3 successfully.
Executing : def_port jtag_TMS -LOC T18 -IOSTANDARD LVTTL33 -VCCIO 3.3
Executing : def_port jtag_TMS -LOC T18 -IOSTANDARD LVTTL33 -VCCIO 3.3 successfully.
Executing : def_port rst_ext_i -LOC U12 -IOSTANDARD LVTTL33 -VCCIO 3.3
Executing : def_port rst_ext_i -LOC U12 -IOSTANDARD LVTTL33 -VCCIO 3.3 successfully.
Executing : def_port uart_rx_pin -LOC A12 -IOSTANDARD LVTTL33 -VCCIO 3.3
C: ConstraintEditor-2002: [D:/panguprj/tinydram/device_map/tinyriscv_soc_top.pcf(line number: 11)] | Port uart_rx_pin has been placed at location A12, whose type is share pin.
Executing : def_port uart_rx_pin -LOC A12 -IOSTANDARD LVTTL33 -VCCIO 3.3 successfully.
W: ConstraintEditor-4019: Port 'gpio[0]' unspecified I/O constraint.
W: ConstraintEditor-4019: Port 'gpio[1]' unspecified I/O constraint.
Executing : apply_constraint -f D:/panguprj/tinydram/device_map/tinyriscv_soc_top.pcf successfully.

Placement started.
Mapping instance clkbufg_1/gopclkbufg to USCM_74_104.
C: Place-2028: GLOBAL_CLOCK: the driver jtag_TCK_ibuf/opit_1 fixed at IOL_151_81 is unreasonable. Sub-optimal placement for a clock source and a clock buffer.
Mapping instance clkbufg_0/gopclkbufg to USCM_74_133.
Pre global placement takes 13.09 sec.
Run super clustering :
	Initial slack -23.
	14 iterations finished.
	Final slack 16280.
Super clustering done.
Design Utilization : 27%.
Global placement takes 8.41 sec.
Wirelength after global placement is 60405.
Placed fixed group with base inst clk_ibuf/opit_1 on IOL_7_298.
Placed fixed instance clkbufg_0/gopclkbufg on USCM_74_133.
Placed fixed instance clkbufg_1/gopclkbufg on USCM_74_104.
Placed fixed group with base inst halted_ind_obuf/opit_1 on IOL_151_114.
Placed fixed group with base inst jtag_TCK_ibuf/opit_1 on IOL_151_81.
Placed fixed group with base inst jtag_TDI_ibuf/opit_1 on IOL_151_82.
Placed fixed group with base inst jtag_TDO_obuf/opit_1 on IOL_151_22.
Placed fixed group with base inst jtag_TMS_ibuf/opit_1 on IOL_151_74.
Placed fixed group with base inst rst_ext_i_ibuf/opit_1 on IOL_151_106.
Placed fixed group with base inst uart_rx_pin_ibuf/opit_1 on IOL_151_333.
Placed fixed group with base inst uart_tx_pin_obuf/opit_1 on IOL_151_361.
Placed fixed instance BKCL_auto_0 on BKCL_2_268.
Placed fixed instance BKCL_auto_1 on BKCL_154_268.
Placed fixed instance BKCL_auto_2 on BKCL_154_20.
Wirelength after Macro cell placement is 70446.
Macro cell placement takes 0.13 sec.
Run super clustering :
	Initial slack -23.
	14 iterations finished.
	Final slack 16280.
Super clustering done.
Design Utilization : 27%.
Wirelength after post global placement is 70453.
Post global placement takes 9.19 sec.
Wirelength after legalization is 76125.
Legalization takes 0.97 sec.
Worst slack before Replication Place is 18150.
Wirelength after replication placement is 76125.
Legalized cost 18150.000000.
The detailed placement ends at 11th iteration.
Wirelength after detailed placement is 76136.
Timing-driven detailed placement takes 6.22 sec.
Placement done.
Total placement takes 39.94 sec.
Finished placement. (CPU time elapsed 0h:00m:41s)

Routing started.
Building routing graph takes 1.75 sec.
Worst slack is 19949.
Processing design graph takes 0.89 sec.
Total memory for routing:
	50.815914 M.
Total nets for routing : 7272.
Rcf routing step 1 processed 0 nets, it takes 0.00 sec.
Rcf routing step 2 processed 0 nets, it takes 0.00 sec.
Rcf routing step 3 processed 0 nets, it takes 0.00 sec.
Unrouted nets 0 at the end of iteration 0.
Global Routing step 1 processed 143 nets, it takes 0.03 sec.
Unrouted nets 168 at the end of iteration 0.
Unrouted nets 87 at the end of iteration 1.
Unrouted nets 53 at the end of iteration 2.
Unrouted nets 30 at the end of iteration 3.
Unrouted nets 18 at the end of iteration 4.
Unrouted nets 11 at the end of iteration 5.
Unrouted nets 2 at the end of iteration 6.
Unrouted nets 2 at the end of iteration 7.
Unrouted nets 2 at the end of iteration 8.
Unrouted nets 0 at the end of iteration 9.
Global Routing step 2 processed 302 nets, it takes 0.75 sec.
Unrouted nets 158 at the end of iteration 0.
Unrouted nets 102 at the end of iteration 1.
Unrouted nets 66 at the end of iteration 2.
Unrouted nets 55 at the end of iteration 3.
Unrouted nets 32 at the end of iteration 4.
Unrouted nets 22 at the end of iteration 5.
Unrouted nets 15 at the end of iteration 6.
Unrouted nets 12 at the end of iteration 7.
Unrouted nets 8 at the end of iteration 8.
Unrouted nets 4 at the end of iteration 9.
Unrouted nets 2 at the end of iteration 10.
Unrouted nets 2 at the end of iteration 11.
Unrouted nets 0 at the end of iteration 12.
Global Routing step 3 processed 256 nets, it takes 2.33 sec.
Global routing takes 3.13 sec.
Total 9405 subnets.
    forward max bucket size 23431 , backward 375.
        Unrouted nets 7252 at the end of iteration 0.
    route iteration 0, CPU time elapsed 3.234375 sec.
    forward max bucket size 24503 , backward 572.
        Unrouted nets 5934 at the end of iteration 1.
    route iteration 1, CPU time elapsed 2.859375 sec.
    forward max bucket size 25351 , backward 485.
        Unrouted nets 4982 at the end of iteration 2.
    route iteration 2, CPU time elapsed 2.859375 sec.
    forward max bucket size 26248 , backward 1043.
        Unrouted nets 4228 at the end of iteration 3.
    route iteration 3, CPU time elapsed 3.343750 sec.
    forward max bucket size 27189 , backward 654.
        Unrouted nets 3689 at the end of iteration 4.
    route iteration 4, CPU time elapsed 2.859375 sec.
    forward max bucket size 27989 , backward 667.
        Unrouted nets 3229 at the end of iteration 5.
    route iteration 5, CPU time elapsed 3.296875 sec.
    forward max bucket size 32775 , backward 524.
        Unrouted nets 3637 at the end of iteration 6.
    route iteration 6, CPU time elapsed 3.078125 sec.
    forward max bucket size 32643 , backward 627.
        Unrouted nets 3534 at the end of iteration 7.
    route iteration 7, CPU time elapsed 2.484375 sec.
    forward max bucket size 33052 , backward 765.
        Unrouted nets 3299 at the end of iteration 8.
    route iteration 8, CPU time elapsed 2.031250 sec.
    forward max bucket size 33105 , backward 1184.
        Unrouted nets 2962 at the end of iteration 9.
    route iteration 9, CPU time elapsed 2.140625 sec.
    forward max bucket size 915 , backward 991.
        Unrouted nets 2638 at the end of iteration 10.
    route iteration 10, CPU time elapsed 1.531250 sec.
    forward max bucket size 745 , backward 567.
        Unrouted nets 2312 at the end of iteration 11.
    route iteration 11, CPU time elapsed 1.500000 sec.
    forward max bucket size 667 , backward 415.
        Unrouted nets 2020 at the end of iteration 12.
    route iteration 12, CPU time elapsed 1.312500 sec.
    forward max bucket size 785 , backward 913.
        Unrouted nets 1772 at the end of iteration 13.
    route iteration 13, CPU time elapsed 1.187500 sec.
    forward max bucket size 814 , backward 571.
        Unrouted nets 1571 at the end of iteration 14.
    route iteration 14, CPU time elapsed 0.906250 sec.
    forward max bucket size 809 , backward 539.
        Unrouted nets 1370 at the end of iteration 15.
    route iteration 15, CPU time elapsed 0.562500 sec.
    forward max bucket size 34610 , backward 555.
        Unrouted nets 1231 at the end of iteration 16.
    route iteration 16, CPU time elapsed 1.421875 sec.
    forward max bucket size 869 , backward 546.
        Unrouted nets 1090 at the end of iteration 17.
    route iteration 17, CPU time elapsed 0.765625 sec.
    forward max bucket size 609 , backward 557.
        Unrouted nets 961 at the end of iteration 18.
    route iteration 18, CPU time elapsed 0.593750 sec.
    forward max bucket size 568 , backward 596.
        Unrouted nets 850 at the end of iteration 19.
    route iteration 19, CPU time elapsed 0.437500 sec.
    forward max bucket size 339 , backward 392.
        Unrouted nets 768 at the end of iteration 20.
    route iteration 20, CPU time elapsed 0.515625 sec.
    forward max bucket size 393 , backward 270.
        Unrouted nets 697 at the end of iteration 21.
    route iteration 21, CPU time elapsed 0.343750 sec.
    forward max bucket size 317 , backward 488.
        Unrouted nets 606 at the end of iteration 22.
    route iteration 22, CPU time elapsed 0.468750 sec.
    forward max bucket size 807 , backward 593.
        Unrouted nets 526 at the end of iteration 23.
    route iteration 23, CPU time elapsed 0.328125 sec.
    forward max bucket size 537 , backward 267.
        Unrouted nets 472 at the end of iteration 24.
    route iteration 24, CPU time elapsed 0.359375 sec.
    forward max bucket size 423 , backward 463.
        Unrouted nets 420 at the end of iteration 25.
    route iteration 25, CPU time elapsed 0.281250 sec.
    forward max bucket size 345 , backward 285.
        Unrouted nets 358 at the end of iteration 26.
    route iteration 26, CPU time elapsed 0.250000 sec.
    forward max bucket size 376 , backward 192.
        Unrouted nets 324 at the end of iteration 27.
    route iteration 27, CPU time elapsed 0.218750 sec.
    forward max bucket size 378 , backward 306.
        Unrouted nets 284 at the end of iteration 28.
    route iteration 28, CPU time elapsed 0.156250 sec.
    forward max bucket size 324 , backward 300.
        Unrouted nets 237 at the end of iteration 29.
    route iteration 29, CPU time elapsed 0.234375 sec.
    forward max bucket size 277 , backward 325.
        Unrouted nets 224 at the end of iteration 30.
    route iteration 30, CPU time elapsed 0.203125 sec.
    forward max bucket size 392 , backward 208.
        Unrouted nets 194 at the end of iteration 31.
    route iteration 31, CPU time elapsed 0.156250 sec.
    forward max bucket size 210 , backward 237.
        Unrouted nets 174 at the end of iteration 32.
    route iteration 32, CPU time elapsed 0.109375 sec.
    forward max bucket size 469 , backward 295.
        Unrouted nets 181 at the end of iteration 33.
    route iteration 33, CPU time elapsed 0.156250 sec.
    forward max bucket size 619 , backward 568.
        Unrouted nets 170 at the end of iteration 34.
    route iteration 34, CPU time elapsed 0.203125 sec.
    forward max bucket size 199 , backward 128.
        Unrouted nets 135 at the end of iteration 35.
    route iteration 35, CPU time elapsed 0.093750 sec.
    forward max bucket size 276 , backward 65.
        Unrouted nets 130 at the end of iteration 36.
    route iteration 36, CPU time elapsed 0.093750 sec.
    forward max bucket size 255 , backward 91.
        Unrouted nets 109 at the end of iteration 37.
    route iteration 37, CPU time elapsed 0.156250 sec.
    forward max bucket size 197 , backward 214.
        Unrouted nets 91 at the end of iteration 38.
    route iteration 38, CPU time elapsed 0.140625 sec.
    forward max bucket size 391 , backward 332.
        Unrouted nets 77 at the end of iteration 39.
    route iteration 39, CPU time elapsed 0.078125 sec.
    forward max bucket size 476 , backward 878.
        Unrouted nets 65 at the end of iteration 40.
    route iteration 40, CPU time elapsed 0.062500 sec.
    forward max bucket size 92 , backward 105.
        Unrouted nets 77 at the end of iteration 41.
    route iteration 41, CPU time elapsed 0.031250 sec.
    forward max bucket size 284 , backward 682.
        Unrouted nets 63 at the end of iteration 42.
    route iteration 42, CPU time elapsed 0.078125 sec.
    forward max bucket size 304 , backward 270.
        Unrouted nets 61 at the end of iteration 43.
    route iteration 43, CPU time elapsed 0.046875 sec.
    forward max bucket size 203 , backward 76.
        Unrouted nets 69 at the end of iteration 44.
    route iteration 44, CPU time elapsed 0.078125 sec.
    forward max bucket size 197 , backward 141.
        Unrouted nets 53 at the end of iteration 45.
    route iteration 45, CPU time elapsed 0.078125 sec.
    forward max bucket size 49 , backward 72.
        Unrouted nets 39 at the end of iteration 46.
    route iteration 46, CPU time elapsed 0.093750 sec.
    forward max bucket size 159 , backward 64.
        Unrouted nets 39 at the end of iteration 47.
    route iteration 47, CPU time elapsed 0.046875 sec.
    forward max bucket size 65 , backward 71.
        Unrouted nets 30 at the end of iteration 48.
    route iteration 48, CPU time elapsed 0.031250 sec.
    forward max bucket size 316 , backward 245.
        Unrouted nets 25 at the end of iteration 49.
    route iteration 49, CPU time elapsed 0.031250 sec.
    forward max bucket size 54 , backward 43.
        Unrouted nets 19 at the end of iteration 50.
    route iteration 50, CPU time elapsed 0.015625 sec.
    forward max bucket size 61 , backward 73.
        Unrouted nets 18 at the end of iteration 51.
    route iteration 51, CPU time elapsed 0.078125 sec.
    forward max bucket size 25 , backward 26.
        Unrouted nets 12 at the end of iteration 52.
    route iteration 52, CPU time elapsed 0.046875 sec.
    forward max bucket size 23 , backward 47.
        Unrouted nets 7 at the end of iteration 53.
    route iteration 53, CPU time elapsed 0.062500 sec.
    forward max bucket size 24 , backward 42.
        Unrouted nets 3 at the end of iteration 54.
    route iteration 54, CPU time elapsed 0.031250 sec.
    forward max bucket size 12 , backward 11.
        Unrouted nets 0 at the end of iteration 55.
    route iteration 55, CPU time elapsed 0.031250 sec.
C: Route-2036: The clock path from jtag_TCK_ibuf/opit_1:OUT to clkbufg_0/gopclkbufg:CLK is routed by SRB.
Detailed routing takes 44.30 sec.

Dispose routing result:
    Collect routing result.
    Delete unused device instances.
    Annotate routing result.
    Change LUT configuration.
    Dispose misc instances.
I: Route-6001: Insert route through in CLMA_98_236.
I: Route-6001: Insert route through in CLMA_90_209.
I: Route-6001: Insert route through in CLMA_58_152.
I: Route-6001: Insert route through in CLMA_86_224.
I: Route-6001: Insert route through in CLMA_94_228.
I: Route-6001: Insert route through in CLMA_94_208.
I: Route-6001: Insert route through in CLMS_78_257.
I: Route-6001: Insert route through in CLMA_82_233.
I: Route-6001: Insert route through in CLMA_94_192.
I: Route-6001: Insert route through in CLMA_90_252.
I: Route-6001: Insert route through in CLMA_98_228.
I: Route-6001: Insert route through in CLMA_50_101.
I: Route-6001: Insert route through in CLMA_130_180.
I: Route-6001: Insert route through in CLMS_38_93.
I: Route-6001: Insert route through in CLMS_102_217.
I: Route-6001: Insert route through in CLMA_98_205.
I: Route-6001: Insert route through in USCM_74_107.
I: Route-6001: Insert route through in RCKB_7_184.
I: Route-6001: Insert route through in RCKB_7_187.
I: Route-6001: Insert route through in RCKB_7_186.
I: Route-6001: Insert route through in RCKB_7_61.
    Annotate routing result again.
Finish routing takes 1.77 sec.
Used srb routing arc is 103742.
Cleanup routing takes 0.02 sec.
Routing done.
Total routing takes 53.39 sec.


Device Utilization Summary :
+----------------------------------------------------------------------------+
| Logic Utilization        | Used     | Available     | Utilization(%)     
+----------------------------------------------------------------------------+
| Use of ADC               | 0        | 1             | 0                   
| Use of APM               | 4        | 30            | 13                  
| Use of BKCL              | 3        | 6             | 50                  
| Use of CLMA              | 1605     | 3274          | 49                  
|   FF                     | 2141     | 19644         | 11                  
|   LUT                    | 3644     | 13096         | 28                  
|   LUT-FF pairs           | 958      | 13096         | 7                   
| Use of CLMS              | 539      | 1110          | 49                  
|   FF                     | 754      | 6660          | 11                  
|   LUT                    | 1139     | 4440          | 26                  
|   LUT-FF pairs           | 306      | 4440          | 7                   
|   Distributed RAM        | 32       | 4440          | 1                   
| Use of CRYSTAL           | 0        | 6             | 0                   
| Use of DLL               | 0        | 6             | 0                   
| Use of DQSL              | 0        | 18            | 0                   
| Use of DRM               | 32       | 48            | 67                  
| Use of FLSIF             | 0        | 1             | 0                   
| Use of FUSECODE          | 0        | 1             | 0                   
| Use of HARD0N1           | 0        | 2745          | 0                   
| Use of HMEMC             | 0        | 2             | 0                   
| Use of IO                | 11       | 240           | 5                   
|   IOBD                   | 7        | 120           | 6                   
|   IOBR                   | 1        | 6             | 17                  
|   IOBS                   | 3        | 114           | 3                   
| Use of IOCKDIV           | 0        | 12            | 0                   
| Use of IOCKDLY           | 0        | 24            | 0                   
| Use of IOCKGATE          | 0        | 12            | 0                   
| Use of IOCKGMUX_TEST     | 0        | 12            | 0                   
| Use of IOL               | 11       | 240           | 5                   
| Use of IPAL              | 0        | 1             | 0                   
| Use of MFG_TEST          | 0        | 1             | 0                   
| Use of OSC               | 0        | 1             | 0                   
| Use of PLL               | 0        | 6             | 0                   
| Use of PREGMUX_TEST      | 0        | 6             | 0                   
| Use of RCKB              | 4        | 24            | 17                  
| Use of RCKBMUX_TEST      | 0        | 12            | 0                   
| Use of RESCAL            | 0        | 6             | 0                   
| Use of SCANCHAIN         | 0        | 4             | 0                   
| Use of START             | 1        | 1             | 100                 
| Use of UDID              | 0        | 1             | 0                   
| Use of USCM              | 3        | 20            | 15                  
| Use of USCMMUX_TEST      | 0        | 20            | 0                   
| Use of VCKBMUX_TEST      | 0        | 12            | 0                   
+----------------------------------------------------------------------------+

Finished routing. (CPU time elapsed 0h:01m:35s)
Design 'tinyriscv_soc_top' has been placed and routed successfully.
Saving design to DB.
Action pnr: Real time elapsed is 219.000 sec
Action pnr: CPU time elapsed is 99.859 sec
Current time: Sun Oct 30 21:35:56 2022
Action pnr: Peak memory pool usage is 687,046,656 bytes
Finished placement and routing. (CPU time elapsed 0h:01m:35s)
