#Build: Fabric Compiler 2020.3-Lite, Build 71107, Mar 15 18:01 2021
#Install: D:\PDS_2020.3-Lite\bin
#Application name: pds_shell.exe
#OS: Windows 10 10.0.22621
#Hostname: odincomputer
Generated by Fabric Compiler (version 2020.3-Lite build 71107) at Sun Nov  6 16:47:33 2022
Compiling verification operator library.
Compiling common defs.
Compiling prim grid devices.
Compiling gate devices.
Compiling gate operators.
Building architecture model.
Loading device packaging model 'MBG324'.
I: Parameter configuration file D:/panguprj/tinydram/testparam.txt cannot open.
Starting placement and routing flow. (CPU time elapsed 0h:00m:00s)
Reading design from devmap DB.
Building architecture floorplan logic view.
Executing : apply_constraint -f D:/panguprj/tinydram/device_map/tinyriscv_soc_top.pcf
Executing : def_port {gpio[0]} -LOC U11 -IOSTANDARD LVCMOS33 -VCCIO 3.3 -DRIVE 4 -SLEW SLOW
Executing : def_port {gpio[0]} -LOC U11 -IOSTANDARD LVCMOS33 -VCCIO 3.3 -DRIVE 4 -SLEW SLOW successfully.
Executing : def_port {gpio[1]} -LOC V11 -IOSTANDARD LVCMOS33 -VCCIO 3.3 -DRIVE 4 -SLEW SLOW
Executing : def_port {gpio[1]} -LOC V11 -IOSTANDARD LVCMOS33 -VCCIO 3.3 -DRIVE 4 -SLEW SLOW successfully.
Executing : def_port halted_ind -LOC U10 -IOSTANDARD LVCMOS33 -VCCIO 3.3 -DRIVE 4 -SLEW SLOW
Executing : def_port halted_ind -LOC U10 -IOSTANDARD LVCMOS33 -VCCIO 3.3 -DRIVE 4 -SLEW SLOW successfully.
Executing : def_port jtag_TDO -LOC V16 -IOSTANDARD LVCMOS33 -VCCIO 3.3 -DRIVE 4 -SLEW SLOW
Executing : def_port jtag_TDO -LOC V16 -IOSTANDARD LVCMOS33 -VCCIO 3.3 -DRIVE 4 -SLEW SLOW successfully.
Executing : def_port uart_tx_pin -LOC R18 -IOSTANDARD LVCMOS33 -VCCIO 3.3 -DRIVE 4 -SLEW SLOW
Executing : def_port uart_tx_pin -LOC R18 -IOSTANDARD LVCMOS33 -VCCIO 3.3 -DRIVE 4 -SLEW SLOW successfully.
Executing : def_port clk -LOC B5 -IOSTANDARD LVTTL33 -VCCIO 3.3
Executing : def_port clk -LOC B5 -IOSTANDARD LVTTL33 -VCCIO 3.3 successfully.
Executing : def_port jtag_TCK -LOC V17 -IOSTANDARD LVTTL33 -VCCIO 3.3
Executing : def_port jtag_TCK -LOC V17 -IOSTANDARD LVTTL33 -VCCIO 3.3 successfully.
Executing : def_port jtag_TDI -LOC V18 -IOSTANDARD LVTTL33 -VCCIO 3.3
Executing : def_port jtag_TDI -LOC V18 -IOSTANDARD LVTTL33 -VCCIO 3.3 successfully.
Executing : def_port jtag_TMS -LOC T18 -IOSTANDARD LVTTL33 -VCCIO 3.3
Executing : def_port jtag_TMS -LOC T18 -IOSTANDARD LVTTL33 -VCCIO 3.3 successfully.
Executing : def_port rst_ext_i -LOC U12 -IOSTANDARD LVTTL33 -VCCIO 3.3
Executing : def_port rst_ext_i -LOC U12 -IOSTANDARD LVTTL33 -VCCIO 3.3 successfully.
Executing : def_port uart_rx_pin -LOC N14 -IOSTANDARD LVTTL33 -VCCIO 3.3
Executing : def_port uart_rx_pin -LOC N14 -IOSTANDARD LVTTL33 -VCCIO 3.3 successfully.
Executing : apply_constraint -f D:/panguprj/tinydram/device_map/tinyriscv_soc_top.pcf successfully.

Placement started.
Mapping instance pll1/u_pll_e1/goppll to PLL_82_319.
Mapping instance clkbufg_1/gopclkbufg to USCM_74_104.
C: Place-2028: GLOBAL_CLOCK: the driver jtag_TCK_ibuf/opit_1 fixed at IOL_151_81 is unreasonable. Sub-optimal placement for a clock source and a clock buffer.
Mapping instance clkbufg_0/gopclkbufg to USCM_74_133.
Pre global placement takes 21.06 sec.
Run super clustering :
	Initial slack -28454.
	14 iterations finished.
	Final slack -18318.
Super clustering done.
Design Utilization : 29%.
Global placement takes 16.25 sec.
Wirelength after global placement is 80974.
Placed fixed group with base inst clk_ibuf/opit_1 on IOL_7_298.
Placed fixed instance clkbufg_0/gopclkbufg on USCM_74_133.
Placed fixed instance clkbufg_1/gopclkbufg on USCM_74_104.
Placed fixed group with base inst halted_ind_obuf/opit_1 on IOL_151_114.
Placed fixed group with base inst jtag_TCK_ibuf/opit_1 on IOL_151_81.
Placed fixed group with base inst jtag_TDI_ibuf/opit_1 on IOL_151_82.
Placed fixed group with base inst jtag_TDO_obuf/opit_1 on IOL_151_22.
Placed fixed group with base inst jtag_TMS_ibuf/opit_1 on IOL_151_74.
Placed fixed group with base inst l1.gpio_tri[0]/opit_1 on IOL_151_102.
Placed fixed group with base inst l1.gpio_tri[1]/opit_1 on IOL_151_101.
Placed fixed instance pll1/u_pll_e1/goppll on PLL_82_319.
Placed fixed group with base inst rst_ext_i_ibuf/opit_1 on IOL_151_106.
Placed fixed group with base inst uart_rx_pin_ibuf/opit_1 on IOL_151_5.
Placed fixed group with base inst uart_tx_pin_obuf/opit_1 on IOL_151_49.
Placed fixed instance BKCL_auto_0 on BKCL_2_268.
Placed fixed instance BKCL_auto_1 on BKCL_154_20.
Wirelength after Macro cell placement is 89078.
Macro cell placement takes 0.28 sec.
Run super clustering :
	Initial slack -28454.
	14 iterations finished.
	Final slack -18318.
Super clustering done.
Design Utilization : 29%.
Wirelength after post global placement is 87878.
Post global placement takes 11.59 sec.
Wirelength after legalization is 93654.
Legalization takes 1.06 sec.
Worst slack before Replication Place is -15231.
Wirelength after replication placement is 93654.
Legalized cost -15231.000000.
The detailed placement ends at 18th iteration.
Wirelength after detailed placement is 99957.
Timing-driven detailed placement takes 26.31 sec.
Placement done.
Total placement takes 78.25 sec.
Finished placement. (CPU time elapsed 0h:01m:20s)

Routing started.
Building routing graph takes 1.80 sec.
Worst slack is -12231.
Processing design graph takes 0.67 sec.
Total memory for routing:
	51.096661 M.
Total nets for routing : 7684.
Rcf routing step 1 processed 0 nets, it takes 0.00 sec.
Rcf routing step 2 processed 0 nets, it takes 0.00 sec.
Rcf routing step 3 processed 0 nets, it takes 0.00 sec.
Unrouted nets 0 at the end of iteration 0.
Global Routing step 1 processed 148 nets, it takes 0.00 sec.
Unrouted nets 62 at the end of iteration 0.
Unrouted nets 56 at the end of iteration 1.
Unrouted nets 51 at the end of iteration 2.
Unrouted nets 48 at the end of iteration 3.
Unrouted nets 46 at the end of iteration 4.
Unrouted nets 28 at the end of iteration 5.
Unrouted nets 27 at the end of iteration 6.
Unrouted nets 22 at the end of iteration 7.
Unrouted nets 21 at the end of iteration 8.
Unrouted nets 20 at the end of iteration 9.
Unrouted nets 17 at the end of iteration 10.
Unrouted nets 14 at the end of iteration 11.
Unrouted nets 13 at the end of iteration 12.
Unrouted nets 11 at the end of iteration 13.
Unrouted nets 11 at the end of iteration 14.
Unrouted nets 9 at the end of iteration 15.
Unrouted nets 7 at the end of iteration 16.
Unrouted nets 7 at the end of iteration 17.
Unrouted nets 7 at the end of iteration 18.
Unrouted nets 7 at the end of iteration 19.
Unrouted nets 6 at the end of iteration 20.
Unrouted nets 6 at the end of iteration 21.
Unrouted nets 6 at the end of iteration 22.
Unrouted nets 5 at the end of iteration 23.
Unrouted nets 4 at the end of iteration 24.
Unrouted nets 4 at the end of iteration 25.
Unrouted nets 4 at the end of iteration 26.
Unrouted nets 4 at the end of iteration 27.
Unrouted nets 4 at the end of iteration 28.
Unrouted nets 4 at the end of iteration 29.
Unrouted nets 4 at the end of iteration 30.
Unrouted nets 4 at the end of iteration 31.
Unrouted nets 4 at the end of iteration 32.
Unrouted nets 4 at the end of iteration 33.
Unrouted nets 4 at the end of iteration 34.
Unrouted nets 4 at the end of iteration 35.
Unrouted nets 4 at the end of iteration 36.
Unrouted nets 3 at the end of iteration 37.
Unrouted nets 3 at the end of iteration 38.
Unrouted nets 3 at the end of iteration 39.
Unrouted nets 3 at the end of iteration 40.
Unrouted nets 3 at the end of iteration 41.
Unrouted nets 3 at the end of iteration 42.
Unrouted nets 3 at the end of iteration 43.
Unrouted nets 3 at the end of iteration 44.
Unrouted nets 3 at the end of iteration 45.
Unrouted nets 3 at the end of iteration 46.
Unrouted nets 2 at the end of iteration 47.
Unrouted nets 2 at the end of iteration 48.
Unrouted nets 2 at the end of iteration 49.
Unrouted nets 2 at the end of iteration 50.
Unrouted nets 1 at the end of iteration 51.
Unrouted nets 1 at the end of iteration 52.
Unrouted nets 1 at the end of iteration 53.
Unrouted nets 1 at the end of iteration 54.
Unrouted nets 1 at the end of iteration 55.
Unrouted nets 1 at the end of iteration 56.
Unrouted nets 1 at the end of iteration 57.
Unrouted nets 1 at the end of iteration 58.
Unrouted nets 1 at the end of iteration 59.
Unrouted nets 1 at the end of iteration 60.
Unrouted nets 0 at the end of iteration 61.
Global Routing step 2 processed 319 nets, it takes 1.30 sec.
Unrouted nets 285 at the end of iteration 0.
Unrouted nets 237 at the end of iteration 1.
Unrouted nets 191 at the end of iteration 2.
Unrouted nets 164 at the end of iteration 3.
Unrouted nets 148 at the end of iteration 4.
Unrouted nets 115 at the end of iteration 5.
Unrouted nets 86 at the end of iteration 6.
Unrouted nets 51 at the end of iteration 7.
Unrouted nets 48 at the end of iteration 8.
Unrouted nets 25 at the end of iteration 9.
Unrouted nets 23 at the end of iteration 10.
Unrouted nets 15 at the end of iteration 11.
Unrouted nets 7 at the end of iteration 12.
Unrouted nets 7 at the end of iteration 13.
Unrouted nets 11 at the end of iteration 14.
Unrouted nets 5 at the end of iteration 15.
Unrouted nets 2 at the end of iteration 16.
Unrouted nets 0 at the end of iteration 17.
Global Routing step 3 processed 373 nets, it takes 7.06 sec.
Global routing takes 8.36 sec.
Total 10699 subnets.
    forward max bucket size 23317 , backward 676.
        Unrouted nets 8521 at the end of iteration 0.
    route iteration 0, CPU time elapsed 3.359375 sec.
    forward max bucket size 24360 , backward 751.
        Unrouted nets 7645 at the end of iteration 1.
    route iteration 1, CPU time elapsed 2.062500 sec.
    forward max bucket size 775 , backward 894.
        Unrouted nets 6869 at the end of iteration 2.
    route iteration 2, CPU time elapsed 1.578125 sec.
    forward max bucket size 848 , backward 826.
        Unrouted nets 6240 at the end of iteration 3.
    route iteration 3, CPU time elapsed 2.984375 sec.
    forward max bucket size 28435 , backward 822.
        Unrouted nets 5700 at the end of iteration 4.
    route iteration 4, CPU time elapsed 5.000000 sec.
    forward max bucket size 947 , backward 608.
        Unrouted nets 5298 at the end of iteration 5.
    route iteration 5, CPU time elapsed 3.796875 sec.
    forward max bucket size 31291 , backward 869.
        Unrouted nets 5167 at the end of iteration 6.
    route iteration 6, CPU time elapsed 4.468750 sec.
    forward max bucket size 32384 , backward 862.
        Unrouted nets 4727 at the end of iteration 7.
    route iteration 7, CPU time elapsed 4.953125 sec.
    forward max bucket size 971 , backward 722.
        Unrouted nets 4225 at the end of iteration 8.
    route iteration 8, CPU time elapsed 4.281250 sec.
    forward max bucket size 1199 , backward 747.
        Unrouted nets 3764 at the end of iteration 9.
    route iteration 9, CPU time elapsed 4.109375 sec.
    forward max bucket size 1144 , backward 1457.
        Unrouted nets 3339 at the end of iteration 10.
    route iteration 10, CPU time elapsed 2.937500 sec.
    forward max bucket size 1246 , backward 614.
        Unrouted nets 3024 at the end of iteration 11.
    route iteration 11, CPU time elapsed 2.359375 sec.
    forward max bucket size 942 , backward 838.
        Unrouted nets 2744 at the end of iteration 12.
    route iteration 12, CPU time elapsed 2.796875 sec.
    forward max bucket size 757 , backward 593.
        Unrouted nets 2429 at the end of iteration 13.
    route iteration 13, CPU time elapsed 1.859375 sec.
    forward max bucket size 590 , backward 514.
        Unrouted nets 2262 at the end of iteration 14.
    route iteration 14, CPU time elapsed 1.859375 sec.
    forward max bucket size 733 , backward 508.
        Unrouted nets 2022 at the end of iteration 15.
    route iteration 15, CPU time elapsed 2.328125 sec.
    forward max bucket size 819 , backward 499.
        Unrouted nets 1909 at the end of iteration 16.
    route iteration 16, CPU time elapsed 2.000000 sec.
    forward max bucket size 489 , backward 451.
        Unrouted nets 1758 at the end of iteration 17.
    route iteration 17, CPU time elapsed 1.937500 sec.
    forward max bucket size 1054 , backward 930.
        Unrouted nets 1593 at the end of iteration 18.
    route iteration 18, CPU time elapsed 1.687500 sec.
    forward max bucket size 661 , backward 472.
        Unrouted nets 1496 at the end of iteration 19.
    route iteration 19, CPU time elapsed 1.765625 sec.
    forward max bucket size 651 , backward 574.
        Unrouted nets 1452 at the end of iteration 20.
    route iteration 20, CPU time elapsed 1.312500 sec.
    forward max bucket size 954 , backward 611.
        Unrouted nets 1332 at the end of iteration 21.
    route iteration 21, CPU time elapsed 1.046875 sec.
    forward max bucket size 741 , backward 630.
        Unrouted nets 1259 at the end of iteration 22.
    route iteration 22, CPU time elapsed 1.484375 sec.
    forward max bucket size 695 , backward 1370.
        Unrouted nets 1160 at the end of iteration 23.
    route iteration 23, CPU time elapsed 1.453125 sec.
    forward max bucket size 901 , backward 600.
        Unrouted nets 1045 at the end of iteration 24.
    route iteration 24, CPU time elapsed 1.343750 sec.
    forward max bucket size 1469 , backward 718.
        Unrouted nets 919 at the end of iteration 25.
    route iteration 25, CPU time elapsed 1.171875 sec.
    forward max bucket size 37727 , backward 624.
        Unrouted nets 891 at the end of iteration 26.
    route iteration 26, CPU time elapsed 2.484375 sec.
    forward max bucket size 796 , backward 810.
        Unrouted nets 835 at the end of iteration 27.
    route iteration 27, CPU time elapsed 1.015625 sec.
    forward max bucket size 941 , backward 580.
        Unrouted nets 769 at the end of iteration 28.
    route iteration 28, CPU time elapsed 0.812500 sec.
    forward max bucket size 719 , backward 708.
        Unrouted nets 742 at the end of iteration 29.
    route iteration 29, CPU time elapsed 0.687500 sec.
    forward max bucket size 990 , backward 647.
        Unrouted nets 677 at the end of iteration 30.
    route iteration 30, CPU time elapsed 0.593750 sec.
    forward max bucket size 819 , backward 515.
        Unrouted nets 632 at the end of iteration 31.
    route iteration 31, CPU time elapsed 0.406250 sec.
    forward max bucket size 686 , backward 515.
        Unrouted nets 617 at the end of iteration 32.
    route iteration 32, CPU time elapsed 0.718750 sec.
    forward max bucket size 37974 , backward 561.
        Unrouted nets 583 at the end of iteration 33.
    route iteration 33, CPU time elapsed 1.921875 sec.
    forward max bucket size 609 , backward 471.
        Unrouted nets 550 at the end of iteration 34.
    route iteration 34, CPU time elapsed 0.359375 sec.
    forward max bucket size 877 , backward 720.
        Unrouted nets 517 at the end of iteration 35.
    route iteration 35, CPU time elapsed 0.609375 sec.
    forward max bucket size 1398 , backward 694.
        Unrouted nets 468 at the end of iteration 36.
    route iteration 36, CPU time elapsed 0.375000 sec.
    forward max bucket size 780 , backward 549.
        Unrouted nets 471 at the end of iteration 37.
    route iteration 37, CPU time elapsed 0.390625 sec.
    forward max bucket size 849 , backward 566.
        Unrouted nets 429 at the end of iteration 38.
    route iteration 38, CPU time elapsed 0.125000 sec.
    forward max bucket size 263 , backward 626.
        Unrouted nets 391 at the end of iteration 39.
    route iteration 39, CPU time elapsed 0.453125 sec.
    forward max bucket size 303 , backward 673.
        Unrouted nets 380 at the end of iteration 40.
    route iteration 40, CPU time elapsed 0.203125 sec.
    forward max bucket size 391 , backward 416.
        Unrouted nets 348 at the end of iteration 41.
    route iteration 41, CPU time elapsed 0.312500 sec.
    forward max bucket size 449 , backward 243.
        Unrouted nets 319 at the end of iteration 42.
    route iteration 42, CPU time elapsed 0.187500 sec.
    forward max bucket size 339 , backward 271.
        Unrouted nets 304 at the end of iteration 43.
    route iteration 43, CPU time elapsed 0.203125 sec.
    forward max bucket size 448 , backward 560.
        Unrouted nets 282 at the end of iteration 44.
    route iteration 44, CPU time elapsed 0.234375 sec.
    forward max bucket size 251 , backward 614.
        Unrouted nets 270 at the end of iteration 45.
    route iteration 45, CPU time elapsed 0.265625 sec.
    forward max bucket size 305 , backward 512.
        Unrouted nets 253 at the end of iteration 46.
    route iteration 46, CPU time elapsed 0.234375 sec.
    forward max bucket size 292 , backward 331.
        Unrouted nets 256 at the end of iteration 47.
    route iteration 47, CPU time elapsed 0.265625 sec.
    forward max bucket size 386 , backward 549.
        Unrouted nets 232 at the end of iteration 48.
    route iteration 48, CPU time elapsed 0.234375 sec.
    forward max bucket size 275 , backward 504.
        Unrouted nets 237 at the end of iteration 49.
    route iteration 49, CPU time elapsed 0.281250 sec.
    forward max bucket size 226 , backward 592.
        Unrouted nets 243 at the end of iteration 50.
    route iteration 50, CPU time elapsed 0.296875 sec.
    forward max bucket size 577 , backward 502.
        Unrouted nets 239 at the end of iteration 51.
    route iteration 51, CPU time elapsed 0.125000 sec.
    forward max bucket size 306 , backward 404.
        Unrouted nets 255 at the end of iteration 52.
    route iteration 52, CPU time elapsed 0.109375 sec.
    forward max bucket size 300 , backward 573.
        Unrouted nets 237 at the end of iteration 53.
    route iteration 53, CPU time elapsed 0.109375 sec.
    forward max bucket size 318 , backward 451.
        Unrouted nets 229 at the end of iteration 54.
    route iteration 54, CPU time elapsed 0.109375 sec.
    forward max bucket size 304 , backward 304.
        Unrouted nets 202 at the end of iteration 55.
    route iteration 55, CPU time elapsed 0.187500 sec.
    forward max bucket size 1242 , backward 724.
        Unrouted nets 177 at the end of iteration 56.
    route iteration 56, CPU time elapsed 0.140625 sec.
    forward max bucket size 554 , backward 706.
        Unrouted nets 156 at the end of iteration 57.
    route iteration 57, CPU time elapsed 0.234375 sec.
    forward max bucket size 430 , backward 446.
        Unrouted nets 157 at the end of iteration 58.
    route iteration 58, CPU time elapsed 0.187500 sec.
    forward max bucket size 567 , backward 549.
        Unrouted nets 171 at the end of iteration 59.
    route iteration 59, CPU time elapsed 0.156250 sec.
    forward max bucket size 1732 , backward 538.
        Unrouted nets 165 at the end of iteration 60.
    route iteration 60, CPU time elapsed 0.156250 sec.
    forward max bucket size 599 , backward 545.
        Unrouted nets 156 at the end of iteration 61.
    route iteration 61, CPU time elapsed 0.187500 sec.
    forward max bucket size 507 , backward 403.
        Unrouted nets 120 at the end of iteration 62.
    route iteration 62, CPU time elapsed 0.125000 sec.
    forward max bucket size 327 , backward 245.
        Unrouted nets 100 at the end of iteration 63.
    route iteration 63, CPU time elapsed 0.187500 sec.
    forward max bucket size 278 , backward 251.
        Unrouted nets 91 at the end of iteration 64.
    route iteration 64, CPU time elapsed 0.203125 sec.
    forward max bucket size 246 , backward 84.
        Unrouted nets 81 at the end of iteration 65.
    route iteration 65, CPU time elapsed 0.171875 sec.
    forward max bucket size 174 , backward 87.
        Unrouted nets 56 at the end of iteration 66.
    route iteration 66, CPU time elapsed 0.125000 sec.
    forward max bucket size 78 , backward 166.
        Unrouted nets 50 at the end of iteration 67.
    route iteration 67, CPU time elapsed 0.156250 sec.
    forward max bucket size 126 , backward 106.
        Unrouted nets 42 at the end of iteration 68.
    route iteration 68, CPU time elapsed 0.125000 sec.
    forward max bucket size 76 , backward 96.
        Unrouted nets 38 at the end of iteration 69.
    route iteration 69, CPU time elapsed 0.078125 sec.
    forward max bucket size 339 , backward 352.
        Unrouted nets 32 at the end of iteration 70.
    route iteration 70, CPU time elapsed 0.078125 sec.
    forward max bucket size 106 , backward 103.
        Unrouted nets 28 at the end of iteration 71.
    route iteration 71, CPU time elapsed 0.031250 sec.
    forward max bucket size 41 , backward 103.
        Unrouted nets 18 at the end of iteration 72.
    route iteration 72, CPU time elapsed 0.093750 sec.
    forward max bucket size 203 , backward 242.
        Unrouted nets 19 at the end of iteration 73.
    route iteration 73, CPU time elapsed 0.046875 sec.
    forward max bucket size 135 , backward 271.
        Unrouted nets 22 at the end of iteration 74.
    route iteration 74, CPU time elapsed 0.062500 sec.
    forward max bucket size 63 , backward 68.
        Unrouted nets 11 at the end of iteration 75.
    route iteration 75, CPU time elapsed 0.078125 sec.
    forward max bucket size 96 , backward 37.
        Unrouted nets 4 at the end of iteration 76.
    route iteration 76, CPU time elapsed 0.046875 sec.
    forward max bucket size 27 , backward 25.
        Unrouted nets 4 at the end of iteration 77.
    route iteration 77, CPU time elapsed 0.015625 sec.
    forward max bucket size 32 , backward 24.
        Unrouted nets 2 at the end of iteration 78.
    route iteration 78, CPU time elapsed 0.062500 sec.
    forward max bucket size 21 , backward 26.
        Unrouted nets 2 at the end of iteration 79.
    route iteration 79, CPU time elapsed 0.000000 sec.
    forward max bucket size 42 , backward 27.
        Unrouted nets 6 at the end of iteration 80.
    route iteration 80, CPU time elapsed 0.062500 sec.
    forward max bucket size 105 , backward 97.
        Unrouted nets 5 at the end of iteration 81.
    route iteration 81, CPU time elapsed 0.046875 sec.
    forward max bucket size 132 , backward 121.
        Unrouted nets 4 at the end of iteration 82.
    route iteration 82, CPU time elapsed 0.031250 sec.
    forward max bucket size 13 , backward 8.
        Unrouted nets 2 at the end of iteration 83.
    route iteration 83, CPU time elapsed 0.062500 sec.
    forward max bucket size 33 , backward 47.
        Unrouted nets 0 at the end of iteration 84.
    route iteration 84, CPU time elapsed 0.046875 sec.
C: Route-2036: The clock path from jtag_TCK_ibuf/opit_1:OUT to clkbufg_0/gopclkbufg:CLK is routed by SRB.
Detailed routing takes 84.36 sec.

Dispose routing result:
    Collect routing result.
    Delete unused device instances.
    Annotate routing result.
    Change LUT configuration.
    Dispose misc instances.
I: Route-6001: Insert route through in CLMA_130_228.
I: Route-6001: Insert route through in CLMA_94_216.
I: Route-6001: Insert route through in CLMA_94_176.
I: Route-6001: Insert route through in CLMS_38_153.
I: Route-6001: Insert route through in CLMA_98_144.
I: Route-6001: Insert route through in CLMS_94_141.
I: Route-6001: Insert route through in CLMS_86_117.
I: Route-6001: Insert route through in CLMA_50_172.
I: Route-6001: Insert route through in CLMS_114_213.
I: Route-6001: Insert route through in CLMA_90_196.
I: Route-6001: Insert route through in CLMA_78_196.
I: Route-6001: Insert route through in CLMA_106_168.
I: Route-6001: Insert route through in CLMA_86_172.
I: Route-6001: Insert route through in CLMA_98_212.
I: Route-6001: Insert route through in CLMA_82_224.
I: Route-6001: Insert route through in CLMA_82_228.
I: Route-6001: Insert route through in CLMS_66_193.
I: Route-6001: Insert route through in CLMA_98_172.
I: Route-6001: Insert route through in CLMS_66_193.
I: Route-6001: Insert route through in CLMS_102_153.
I: Route-6001: Insert route through in CLMS_38_209.
I: Route-6001: Insert route through in CLMS_94_169.
I: Route-6001: Insert route through in CLMA_106_272.
I: Route-6001: Insert route through in CLMS_102_229.
I: Route-6001: Insert route through in CLMS_94_293.
I: Route-6001: Insert route through in CLMA_82_209.
I: Route-6001: Insert route through in CLMS_94_197.
I: Route-6001: Insert route through in CLMA_98_217.
I: Route-6001: Insert route through in CLMA_98_217.
I: Route-6001: Insert route through in CLMS_86_129.
I: Route-6001: Insert route through in CLMA_98_208.
I: Route-6001: Insert route through in CLMS_86_129.
I: Route-6001: Insert route through in CLMA_90_116.
I: Route-6001: Insert route through in CLMA_98_172.
I: Route-6001: Insert route through in RCKB_151_184.
I: Route-6001: Insert route through in RCKB_7_184.
I: Route-6001: Insert route through in RCKB_7_185.
I: Route-6001: Insert route through in RCKB_7_186.
I: Route-6001: Insert route through in RCKB_7_187.
I: Route-6001: Insert route through in RCKB_151_187.
    Annotate routing result again.
Finish routing takes 3.56 sec.
Used srb routing arc is 116572.
Cleanup routing takes 0.11 sec.
Routing done.
Total routing takes 102.27 sec.


Device Utilization Summary :
+----------------------------------------------------------------------------+
| Logic Utilization        | Used     | Available     | Utilization(%)     
+----------------------------------------------------------------------------+
| Use of ADC               | 0        | 1             | 0                   
| Use of APM               | 4        | 30            | 13                  
| Use of BKCL              | 2        | 6             | 33                  
| Use of CLMA              | 1708     | 3274          | 52                  
|   FF                     | 2099     | 19644         | 11                  
|   LUT                    | 3847     | 13096         | 29                  
|   LUT-FF pairs           | 944      | 13096         | 7                   
| Use of CLMS              | 569      | 1110          | 51                  
|   FF                     | 801      | 6660          | 12                  
|   LUT                    | 1292     | 4440          | 29                  
|   LUT-FF pairs           | 310      | 4440          | 7                   
|   Distributed RAM        | 0        | 4440          | 0                   
| Use of CRYSTAL           | 0        | 6             | 0                   
| Use of DLL               | 0        | 6             | 0                   
| Use of DQSL              | 0        | 18            | 0                   
| Use of DRM               | 48       | 48            | 100                 
| Use of FLSIF             | 0        | 1             | 0                   
| Use of FUSECODE          | 0        | 1             | 0                   
| Use of HARD0N1           | 0        | 2745          | 0                   
| Use of HMEMC             | 0        | 2             | 0                   
| Use of IO                | 11       | 240           | 5                   
|   IOBD                   | 7        | 120           | 6                   
|   IOBR                   | 0        | 6             | 0                   
|   IOBS                   | 4        | 114           | 4                   
| Use of IOCKDIV           | 0        | 12            | 0                   
| Use of IOCKDLY           | 0        | 24            | 0                   
| Use of IOCKGATE          | 0        | 12            | 0                   
| Use of IOCKGMUX_TEST     | 0        | 12            | 0                   
| Use of IOL               | 11       | 240           | 5                   
| Use of IPAL              | 0        | 1             | 0                   
| Use of MFG_TEST          | 0        | 1             | 0                   
| Use of OSC               | 0        | 1             | 0                   
| Use of PLL               | 1        | 6             | 17                  
| Use of PREGMUX_TEST      | 0        | 6             | 0                   
| Use of RCKB              | 6        | 24            | 25                  
| Use of RCKBMUX_TEST      | 0        | 12            | 0                   
| Use of RESCAL            | 0        | 6             | 0                   
| Use of SCANCHAIN         | 0        | 4             | 0                   
| Use of START             | 1        | 1             | 100                 
| Use of UDID              | 0        | 1             | 0                   
| Use of USCM              | 2        | 20            | 10                  
| Use of USCMMUX_TEST      | 0        | 20            | 0                   
| Use of VCKBMUX_TEST      | 0        | 12            | 0                   
+----------------------------------------------------------------------------+

Finished routing. (CPU time elapsed 0h:03m:04s)
Design 'top' has been placed and routed successfully.
Saving design to DB.
Action pnr: Real time elapsed is 305.000 sec
Action pnr: CPU time elapsed is 190.250 sec
Current time: Sun Nov  6 16:52:35 2022
Action pnr: Peak memory pool usage is 739,606,528 bytes
Finished placement and routing. (CPU time elapsed 0h:03m:04s)
