#Build: Fabric Compiler 2020.3-Lite, Build 71107, Mar 15 18:01 2021
#Install: D:\PDS_2020.3-Lite\bin
#Application name: pds_shell.exe
#OS: Windows 10 10.0.22621
#Hostname: odincomputer
Generated by Fabric Compiler (version 2020.3-Lite build 71107) at Wed Nov  2 19:46:35 2022
Compiling verification operator library.
Compiling common defs.
Loading technology operator library.
Compiling technology operator library.
Compiling technology operator (valence) library.
Compiling operator packing rules.
Compiling prim grid devices.
Compiling gate devices.
Compiling gate operators.
Compiling tech operator impls.
Building architecture model.
Loading device packaging model 'MBG324'.
I: Parameter configuration file D:/panguprj/tinydram/testparam.txt cannot open.
Reading design from translate DB.
Flattening design 'tinyriscv_soc_top'
Device mapping started.
Optimizing circuit logic.
Checking design netlist.
Processing tech operator.
I: The instance clkbufg_0(GTP_CLKBUFG) has been inserted on the net nt_jtag_TCK in design, driver pin O(instance jtag_TCK_ibuf) -> load pin I(instance u_jtag_top/u_jtag_driver/N260).
I: The instance clkbufg_1(GTP_CLKBUFG) has been inserted on the net nt_clk in design, driver pin O(instance clk_ibuf) -> load pin CLK(instance gpio_0/data_r[0]).
Converting tech operator to gate operator.
Processing gate operator.
Device mapping done.
Total device mapping takes 2.375000 sec.

C: DeviceMap-2003: The total resource of LUTM is 4440, but there are 8192.00 in the design.
E: DRC-0018: The resource of LUTM is not enough.
Program Error Out.
