#Build: Fabric Compiler 2020.3-Lite, Build 71107, Mar 15 18:01 2021
#Install: D:\PDS_2020.3-Lite\bin
#Application name: pds_shell.exe
#OS: Windows 10 10.0.22621
#Hostname: odincomputer
Generated by Fabric Compiler (version 2020.3-Lite build 71107) at Wed Nov  9 22:23:28 2022
Compiling verification operator library.
Compiling common defs.
Loading technology operator library.
Compiling technology operator library.
Compiling technology operator (valence) library.
Compiling operator packing rules.
Compiling prim grid devices.
Compiling gate devices.
Compiling gate operators.
Compiling tech operator impls.
Building architecture model.
Loading device packaging model 'MBG324'.
I: Parameter configuration file D:/panguprj/tinydram/testparam.txt cannot open.
Reading design from translate DB.
Flattening design 'top'
Device mapping started.
Optimizing circuit logic.
Checking design netlist.
Processing tech operator.
I: The instance clkbufg_0(GTP_CLKBUFG) has been inserted on the net nt_jtag_TCK in design, driver pin O(instance jtag_TCK_ibuf) -> load pin I(instance l1/u_jtag_top/u_jtag_driver/N260).
I: The instance clkbufg_1(GTP_CLKBUFG) has been inserted on the net clkin1 in design, driver pin CLKOUT0(instance pll1/u_pll_e1) -> load pin CLK(instance l1/gpio_0/data_r[0]).
Converting tech operator to gate operator.
Processing gate operator.
Device mapping done.
Total device mapping takes 2.640625 sec.

Device Utilization Summary:
+-------------------------------------------------------------------------+
| Logic Utilization     | Used     | Available     | Utilization(%)     
+-------------------------------------------------------------------------+
| APM                   | 4        | 30            | 14                  
| IOCKDLY               | 0        | 24            | 0                   
| FF                    | 2900     | 26304         | 12                  
| LUT                   | 5001     | 17536         | 29                  
| Distributed RAM       | 0        | 4440          | 0                   
| DLL                   | 0        | 6             | 0                   
| DQSL                  | 0        | 18            | 0                   
| DRM                   | 48       | 48            | 100                 
| FUSECODE              | 0        | 1             | 0                   
| IO                    | 11       | 240           | 5                   
| IOCKDIV               | 0        | 12            | 0                   
| IOCKGATE              | 0        | 12            | 0                   
| IPAL                  | 0        | 1             | 0                   
| PLL                   | 1        | 6             | 17                  
| RCKB                  | 0        | 24            | 0                   
| SCANCHAIN             | 0        | 4             | 0                   
| START                 | 0        | 1             | 0                   
| USCM                  | 2        | 20            | 10                  
| HMEMC                 | 0        | 2             | 0                   
| OSC                   | 0        | 1             | 0                   
| ADC                   | 0        | 1             | 0                   
| CRYSTAL               | 0        | 6             | 0                   
| FLSIF                 | 0        | 1             | 0                   
| RESCAL                | 0        | 6             | 0                   
| UDID                  | 0        | 1             | 0                   
+-------------------------------------------------------------------------+

Design 'top' has been successfully mapped to architecture-specific objects.
Saving design to DB.
W: Public-4010: Pcf file D:/panguprj/tinydram/device_map/tinyriscv_soc_top.pcf has been covered.
Action dev_map: Real time elapsed is 16.000 sec
Action dev_map: CPU time elapsed is 8.188 sec
Current time: Wed Nov  9 22:23:41 2022
Action dev_map: Peak memory pool usage is 284,065,792 bytes
