#Build: Fabric Compiler 2020.3-Lite, Build 71107, Mar 15 18:01 2021
#Install: D:\PDS_2020.3-Lite\bin
#Application name: pds_shell.exe
#OS: Windows 10 10.0.22621
#Hostname: odincomputer
Generated by Fabric Compiler (version 2020.3-Lite build 71107) at Sun Nov  6 16:42:31 2022
Compiling verification operator library.
Compiling common defs.
Loading technology operator library.
Compiling technology operator library.
Compiling technology operator (valence) library.
Reading design from compile DB
Reading design from compile DB successfully.
Constraint check start.
Compiling prim grid devices.
Building architecture model.
Loading device packaging model 'MBG324'.
Building architecture floorplan logic view.
Executing : get_ports clk
Executing : get_ports clk successfully.
Executing : create_clock -name sys_clk [get_ports clk] -period 20.000 -waveform {0.000 10.000} -add
Executing : create_clock -name sys_clk [get_ports clk] -period 20.000 -waveform {0.000 10.000} -add successfully.
Executing : define_attribute n:jtag_TCK PAP_CLOCK_DEDICATED_ROUTE FALSE
Executing : define_attribute n:jtag_TCK PAP_CLOCK_DEDICATED_ROUTE FALSE successfully.
Constraint check end.
Executing : get_ports clk
Executing : get_ports clk successfully.
Executing : get_pins pll1/u_pll_e1:CLKOUT0
Executing : get_pins pll1/u_pll_e1:CLKOUT0 successfully.
Executing : create_generated_clock -name sys_clk|pll1/u_pll_e1/CLKOUT0_Inferred -source [get_ports clk] [get_pins pll1/u_pll_e1:CLKOUT0] -master_clock sys_clk -edges {1 2 3} -edge_shift {0.000000 -5.000000 -10.000000} -add
Executing : create_generated_clock -name sys_clk|pll1/u_pll_e1/CLKOUT0_Inferred -source [get_ports clk] [get_pins pll1/u_pll_e1:CLKOUT0] -master_clock sys_clk -edges {1 2 3} -edge_shift {0.000000 -5.000000 -10.000000} -add successfully.
Executing : get_ports jtag_TCK
Executing : get_ports jtag_TCK successfully.
Executing : create_clock -name jtag_TCK_Inferred [get_ports jtag_TCK] -period 1000.000 -waveform {0.000 500.000} -add
Executing : create_clock -name jtag_TCK_Inferred [get_ports jtag_TCK] -period 1000.000 -waveform {0.000 500.000} -add successfully.
Executing : set_clock_groups -name Inferred_clock_group -asynchronous -group jtag_TCK_Inferred
Executing : set_clock_groups -name Inferred_clock_group -asynchronous -group jtag_TCK_Inferred successfully.
Executing : set_clock_groups -name Inferred_clock_group -asynchronous -group jtag_TCK_Inferred
Executing : set_clock_groups -name Inferred_clock_group -asynchronous -group jtag_TCK_Inferred successfully.
Start pre-mapping.
I: Encoding type of FSM 'csr_state[4:0]_fsm[4:0]' is: onehot.
I: Encoding table of FSM 'csr_state[4:0]_fsm[4:0]':
I: from  l1/u_tinyriscv_core/u_clint/csr_state[4] l1/u_tinyriscv_core/u_clint/csr_state[3] l1/u_tinyriscv_core/u_clint/csr_state[2] l1/u_tinyriscv_core/u_clint/csr_state[1] l1/u_tinyriscv_core/u_clint/csr_state[0]
I: to  l1/u_tinyriscv_core/u_clint/csr_state_4 l1/u_tinyriscv_core/u_clint/csr_state_3 l1/u_tinyriscv_core/u_clint/csr_state_2 l1/u_tinyriscv_core/u_clint/csr_state_1 l1/u_tinyriscv_core/u_clint/csr_state_0
I: 00001 => 00001
I: 00010 => 00010
I: 00100 => 00100
I: 01000 => 01000
I: 10000 => 10000
I: Encoding type of FSM 'state[3:0]_fsm[3:0]' is: onehot.
I: Encoding table of FSM 'state[3:0]_fsm[3:0]':
I: from  l1/u_tinyriscv_core/u_exu/u_exu_muldiv/u_divider/state[3] l1/u_tinyriscv_core/u_exu/u_exu_muldiv/u_divider/state[2] l1/u_tinyriscv_core/u_exu/u_exu_muldiv/u_divider/state[1] l1/u_tinyriscv_core/u_exu/u_exu_muldiv/u_divider/state[0]
I: to  l1/u_tinyriscv_core/u_exu/u_exu_muldiv/u_divider/state_3 l1/u_tinyriscv_core/u_exu/u_exu_muldiv/u_divider/state_2 l1/u_tinyriscv_core/u_exu/u_exu_muldiv/u_divider/state_1 l1/u_tinyriscv_core/u_exu/u_exu_muldiv/u_divider/state_0
I: 0001 => 0001
I: 0010 => 0010
I: 0100 => 0100
I: 1000 => 1000
I: Encoding type of FSM 'state[3:0]_fsm[3:0]' is: onehot.
I: Encoding table of FSM 'state[3:0]_fsm[3:0]':
I: from  l1/uart_0/state[3] l1/uart_0/state[2] l1/uart_0/state[1] l1/uart_0/state[0]
I: to  l1/uart_0/state_3 l1/uart_0/state_2 l1/uart_0/state_1 l1/uart_0/state_0
I: 0001 => 0001
I: 0010 => 0010
I: 0100 => 0100
I: 1000 => 1000
I: Encoding type of FSM 'state[2:0]_fsm[2:0]' is: onehot.
I: Encoding table of FSM 'state[2:0]_fsm[2:0]':
I: from  l1/u_jtag_top/u_jtag_dm/state[2] l1/u_jtag_top/u_jtag_dm/state[1] l1/u_jtag_top/u_jtag_dm/state[0]
I: to  l1/u_jtag_top/u_jtag_dm/state_2 l1/u_jtag_top/u_jtag_dm/state_1 l1/u_jtag_top/u_jtag_dm/state_0
I: 001 => 001
I: 010 => 010
I: 100 => 100
I: Encoding type of FSM 'state[2:0]_fsm[2:0]' is: onehot.
I: Encoding table of FSM 'state[2:0]_fsm[2:0]':
I: from  l1/u_jtag_top/u_jtag_dm/tx/state[2] l1/u_jtag_top/u_jtag_dm/tx/state[1] l1/u_jtag_top/u_jtag_dm/tx/state[0]
I: to  l1/u_jtag_top/u_jtag_dm/tx/state_2 l1/u_jtag_top/u_jtag_dm/tx/state_1 l1/u_jtag_top/u_jtag_dm/tx/state_0
I: 001 => 001
I: 010 => 010
I: 100 => 100
I: Encoding type of FSM 'state[1:0]_fsm[1:0]' is: onehot.
I: Encoding table of FSM 'state[1:0]_fsm[1:0]':
I: from  l1/u_jtag_top/u_jtag_dm/rx/state[1] l1/u_jtag_top/u_jtag_dm/rx/state[0]
I: to  l1/u_jtag_top/u_jtag_dm/rx/state_1 l1/u_jtag_top/u_jtag_dm/rx/state_0
I: 01 => 01
I: 10 => 10
W: Public-4008: Instance 'state_1' of 'bmsWIDEDFFCPE' unit is dangling and will be cleaned.
I: Encoding type of FSM 'jtag_state[3:0]_fsm[3:0]' is: onehot.
I: Encoding table of FSM 'jtag_state[3:0]_fsm[3:0]':
I: from  l1/u_jtag_top/u_jtag_driver/jtag_state[3] l1/u_jtag_top/u_jtag_driver/jtag_state[2] l1/u_jtag_top/u_jtag_driver/jtag_state[1] l1/u_jtag_top/u_jtag_driver/jtag_state[0]
I: to  l1/u_jtag_top/u_jtag_driver/jtag_state_15 l1/u_jtag_top/u_jtag_driver/jtag_state_14 l1/u_jtag_top/u_jtag_driver/jtag_state_13 l1/u_jtag_top/u_jtag_driver/jtag_state_12 l1/u_jtag_top/u_jtag_driver/jtag_state_11 l1/u_jtag_top/u_jtag_driver/jtag_state_10 l1/u_jtag_top/u_jtag_driver/jtag_state_9 l1/u_jtag_top/u_jtag_driver/jtag_state_8 l1/u_jtag_top/u_jtag_driver/jtag_state_7 l1/u_jtag_top/u_jtag_driver/jtag_state_6 l1/u_jtag_top/u_jtag_driver/jtag_state_5 l1/u_jtag_top/u_jtag_driver/jtag_state_4 l1/u_jtag_top/u_jtag_driver/jtag_state_3 l1/u_jtag_top/u_jtag_driver/jtag_state_2 l1/u_jtag_top/u_jtag_driver/jtag_state_1 l1/u_jtag_top/u_jtag_driver/jtag_state_0
I: 0000 => 0000000000000001
I: 0001 => 0000000000000010
I: 0010 => 0000000000000100
I: 0011 => 0000000000001000
I: 0100 => 0000000000010000
I: 0101 => 0000000000100000
I: 0110 => 0000000001000000
I: 0111 => 0000000010000000
I: 1000 => 0000000100000000
I: 1001 => 0000001000000000
I: 1010 => 0000010000000000
I: 1011 => 0000100000000000
I: 1100 => 0001000000000000
I: 1101 => 0010000000000000
I: 1110 => 0100000000000000
I: 1111 => 1000000000000000
I: Encoding type of FSM 'state[1:0]_fsm[1:0]' is: onehot.
I: Encoding table of FSM 'state[1:0]_fsm[1:0]':
I: from  l1/u_jtag_top/u_jtag_driver/rx/state[1] l1/u_jtag_top/u_jtag_driver/rx/state[0]
I: to  l1/u_jtag_top/u_jtag_driver/rx/state_1 l1/u_jtag_top/u_jtag_driver/rx/state_0
I: 01 => 01
I: 10 => 10
W: Public-4008: Instance 'state_1' of 'bmsWIDEDFFCPE' unit is dangling and will be cleaned.
I: Encoding type of FSM 'state[2:0]_fsm[2:0]' is: onehot.
I: Encoding table of FSM 'state[2:0]_fsm[2:0]':
I: from  l1/u_jtag_top/u_jtag_driver/tx/state[2] l1/u_jtag_top/u_jtag_driver/tx/state[1] l1/u_jtag_top/u_jtag_driver/tx/state[0]
I: to  l1/u_jtag_top/u_jtag_driver/tx/state_2 l1/u_jtag_top/u_jtag_driver/tx/state_1 l1/u_jtag_top/u_jtag_driver/tx/state_0
I: 001 => 001
I: 010 => 010
I: 100 => 100
I: Constant propagation done on l1/u_rom/rom111/U_ipml_spram_ram1/ADDR_LOOP[0].DATA_LOOP[0].U_GTP_DRM18K (GTP_DRM18K).
I: Constant propagation done on l1/u_rom/rom111/U_ipml_spram_ram1/ADDR_LOOP[0].DATA_LOOP[1].U_GTP_DRM18K (GTP_DRM18K).
I: Constant propagation done on l1/u_rom/rom111/U_ipml_spram_ram1/ADDR_LOOP[1].DATA_LOOP[0].U_GTP_DRM18K (GTP_DRM18K).
I: Constant propagation done on l1/u_rom/rom111/U_ipml_spram_ram1/ADDR_LOOP[1].DATA_LOOP[1].U_GTP_DRM18K (GTP_DRM18K).
I: Constant propagation done on l1/u_rom/rom111/U_ipml_spram_ram1/ADDR_LOOP[2].DATA_LOOP[0].U_GTP_DRM18K (GTP_DRM18K).
I: Constant propagation done on l1/u_rom/rom111/U_ipml_spram_ram1/ADDR_LOOP[2].DATA_LOOP[1].U_GTP_DRM18K (GTP_DRM18K).
I: Constant propagation done on l1/u_rom/rom111/U_ipml_spram_ram1/ADDR_LOOP[3].DATA_LOOP[0].U_GTP_DRM18K (GTP_DRM18K).
I: Constant propagation done on l1/u_rom/rom111/U_ipml_spram_ram1/ADDR_LOOP[3].DATA_LOOP[1].U_GTP_DRM18K (GTP_DRM18K).
I: Constant propagation done on l1/u_rom/rom111/U_ipml_spram_ram1/ADDR_LOOP[4].DATA_LOOP[0].U_GTP_DRM18K (GTP_DRM18K).
I: Constant propagation done on l1/u_rom/rom111/U_ipml_spram_ram1/ADDR_LOOP[4].DATA_LOOP[1].U_GTP_DRM18K (GTP_DRM18K).
Executing : pre-mapping successfully.
Start mod-gen.
W: Public-4008: Instance 'u_idu_exu/inst_ff/qout_r[31:0]' of 'bmsWIDEDFFCPE' unit is dangling and will be cleaned.
W: Public-4008: Instance 'tx/idle' of 'bmsWIDEDFFCPE' unit is dangling and will be cleaned.
W: Public-4008: Instance 'u_jtag_top/u_jtag_dm/dm_reg_addr[4:0]' of 'bmsWIDEDFFCPE' unit is dangling and will be cleaned.
W: Public-4008: Instance 'u_jtag_top/u_jtag_dm/dm_reg_wdata[31:0]' of 'bmsWIDEDFFCPE' unit is dangling and will be cleaned.
W: Public-4008: Instance 'u_jtag_top/u_jtag_dm/dm_reg_we' of 'bmsWIDEDFFCPE' unit is dangling and will be cleaned.
W: Public-4008: Instance 'l1/u_ram/ram222/U_ipml_spram_ram2/cs_bit0_ff' of 'bmsWIDEDFFCPE' unit is dangling and will be cleaned.
W: Public-4008: Instance 'l1/u_ram/ram222/U_ipml_spram_ram2/cs_bit1_bus_ff[7:0]' of 'bmsWIDEDFFCPE' unit is dangling and will be cleaned.
W: Public-4008: Instance 'l1/u_ram/ram222/U_ipml_spram_ram2/cs_bit2_bus_ff[7:0]' of 'bmsWIDEDFFCPE' unit is dangling and will be cleaned.
W: Public-4008: Instance 'l1/u_rom/rom111/U_ipml_spram_ram1/cs_bit0_ff' of 'bmsWIDEDFFCPE' unit is dangling and will be cleaned.
W: Public-4008: Instance 'l1/u_rom/rom111/U_ipml_spram_ram1/cs_bit1_bus_ff[15:0]' of 'bmsWIDEDFFCPE' unit is dangling and will be cleaned.
W: Public-4008: Instance 'l1/u_rom/rom111/U_ipml_spram_ram1/cs_bit2_bus_ff[15:0]' of 'bmsWIDEDFFCPE' unit is dangling and will be cleaned.
W: Register l1/u_jtag_top/u_jtag_dm/dcsr[0] is reduced to constant 0.
W: Register l1/u_jtag_top/u_jtag_dm/dcsr[1] is reduced to constant 0.
W: Register l1/u_jtag_top/u_jtag_dm/dcsr[2] is reduced to constant 0.
W: Register l1/u_jtag_top/u_jtag_dm/dcsr[3] is reduced to constant 0.
W: Register l1/u_jtag_top/u_jtag_dm/dcsr[4] is reduced to constant 0.
W: Register l1/u_jtag_top/u_jtag_dm/dcsr[5] is reduced to constant 0.
W: Register l1/u_jtag_top/u_jtag_dm/dcsr[8] is reduced to constant 0.
W: Register l1/u_jtag_top/u_jtag_dm/dcsr[9] is reduced to constant 0.
W: Register l1/u_jtag_top/u_jtag_dm/dcsr[10] is reduced to constant 0.
W: Register l1/u_jtag_top/u_jtag_dm/dcsr[11] is reduced to constant 0.
W: Register l1/u_jtag_top/u_jtag_dm/dcsr[12] is reduced to constant 0.
W: Register l1/u_jtag_top/u_jtag_dm/dcsr[13] is reduced to constant 0.
W: Register l1/u_jtag_top/u_jtag_dm/dcsr[14] is reduced to constant 0.
W: Register l1/u_jtag_top/u_jtag_dm/dcsr[15] is reduced to constant 0.
W: Register l1/u_jtag_top/u_jtag_dm/dcsr[16] is reduced to constant 0.
W: Register l1/u_jtag_top/u_jtag_dm/dcsr[17] is reduced to constant 0.
W: Register l1/u_jtag_top/u_jtag_dm/dcsr[18] is reduced to constant 0.
W: Register l1/u_jtag_top/u_jtag_dm/dcsr[19] is reduced to constant 0.
W: Register l1/u_jtag_top/u_jtag_dm/dcsr[20] is reduced to constant 0.
W: Register l1/u_jtag_top/u_jtag_dm/dcsr[21] is reduced to constant 0.
W: Register l1/u_jtag_top/u_jtag_dm/dcsr[22] is reduced to constant 0.
W: Register l1/u_jtag_top/u_jtag_dm/dcsr[23] is reduced to constant 0.
W: Register l1/u_jtag_top/u_jtag_dm/dcsr[24] is reduced to constant 0.
W: Register l1/u_jtag_top/u_jtag_dm/dcsr[25] is reduced to constant 0.
W: Register l1/u_jtag_top/u_jtag_dm/dcsr[26] is reduced to constant 0.
W: Register l1/u_jtag_top/u_jtag_dm/dcsr[27] is reduced to constant 0.
W: Register l1/u_jtag_top/u_jtag_dm/dcsr[28] is reduced to constant 0.
W: Register l1/u_jtag_top/u_jtag_dm/dcsr[29] is reduced to constant 0.
W: Register l1/u_jtag_top/u_jtag_dm/dcsr[30] is reduced to constant 0.
W: Register l1/u_jtag_top/u_jtag_dm/dcsr[31] is reduced to constant 0.
I: Removed bmsWIDEDFFCPE inst l1/u_jtag_top/u_jtag_dm/dcsr[7] that is redundant to l1/u_jtag_top/u_jtag_dm/dcsr[6]
Executing : mod-gen successfully.
Start logic-optimization.
W: Removed bmsWIDEDFFCPE inst l1/timer_0/timer_ctrl[2] that is stuck at constant 0.
Executing : logic-optimization successfully.
Start tech-mapping phase 1.
W: Public-4008: Instance 'l1/u_jtag_top/u_jtag_dm/dm_mem_addr[16]' of 'GTP_DFF_CE' unit is dangling and will be cleaned.
W: Public-4008: Instance 'l1/u_jtag_top/u_jtag_dm/dm_mem_addr[17]' of 'GTP_DFF_CE' unit is dangling and will be cleaned.
W: Public-4008: Instance 'l1/u_jtag_top/u_jtag_dm/dm_mem_addr[18]' of 'GTP_DFF_CE' unit is dangling and will be cleaned.
W: Public-4008: Instance 'l1/u_jtag_top/u_jtag_dm/dm_mem_addr[19]' of 'GTP_DFF_CE' unit is dangling and will be cleaned.
W: Public-4008: Instance 'l1/u_jtag_top/u_jtag_dm/dm_mem_addr[20]' of 'GTP_DFF_CE' unit is dangling and will be cleaned.
W: Public-4008: Instance 'l1/u_jtag_top/u_jtag_dm/dm_mem_addr[21]' of 'GTP_DFF_CE' unit is dangling and will be cleaned.
W: Public-4008: Instance 'l1/u_jtag_top/u_jtag_dm/dm_mem_addr[22]' of 'GTP_DFF_CE' unit is dangling and will be cleaned.
W: Public-4008: Instance 'l1/u_jtag_top/u_jtag_dm/dm_mem_addr[23]' of 'GTP_DFF_CE' unit is dangling and will be cleaned.
W: Public-4008: Instance 'l1/u_jtag_top/u_jtag_dm/dm_mem_addr[24]' of 'GTP_DFF_CE' unit is dangling and will be cleaned.
W: Public-4008: Instance 'l1/u_jtag_top/u_jtag_dm/dm_mem_addr[25]' of 'GTP_DFF_CE' unit is dangling and will be cleaned.
W: Public-4008: Instance 'l1/u_jtag_top/u_jtag_dm/dm_mem_addr[26]' of 'GTP_DFF_CE' unit is dangling and will be cleaned.
W: Public-4008: Instance 'l1/u_jtag_top/u_jtag_dm/dm_mem_addr[27]' of 'GTP_DFF_CE' unit is dangling and will be cleaned.
W: Public-4008: Instance 'l1/u_tinyriscv_core/u_clint/csr_waddr_o[12]' of 'GTP_DFF_C' unit is dangling and will be cleaned.
W: Public-4008: Instance 'l1/u_tinyriscv_core/u_clint/csr_waddr_o[13]' of 'GTP_DFF_C' unit is dangling and will be cleaned.
W: Public-4008: Instance 'l1/u_tinyriscv_core/u_clint/csr_waddr_o[14]' of 'GTP_DFF_C' unit is dangling and will be cleaned.
W: Public-4008: Instance 'l1/u_tinyriscv_core/u_clint/csr_waddr_o[15]' of 'GTP_DFF_C' unit is dangling and will be cleaned.
W: Public-4008: Instance 'l1/u_tinyriscv_core/u_clint/csr_waddr_o[16]' of 'GTP_DFF_C' unit is dangling and will be cleaned.
W: Public-4008: Instance 'l1/u_tinyriscv_core/u_clint/csr_waddr_o[17]' of 'GTP_DFF_C' unit is dangling and will be cleaned.
W: Public-4008: Instance 'l1/u_tinyriscv_core/u_clint/csr_waddr_o[18]' of 'GTP_DFF_C' unit is dangling and will be cleaned.
W: Public-4008: Instance 'l1/u_tinyriscv_core/u_clint/csr_waddr_o[19]' of 'GTP_DFF_C' unit is dangling and will be cleaned.
W: Public-4008: Instance 'l1/u_tinyriscv_core/u_clint/csr_waddr_o[20]' of 'GTP_DFF_C' unit is dangling and will be cleaned.
W: Public-4008: Instance 'l1/u_tinyriscv_core/u_clint/csr_waddr_o[21]' of 'GTP_DFF_C' unit is dangling and will be cleaned.
W: Public-4008: Instance 'l1/u_tinyriscv_core/u_clint/csr_waddr_o[22]' of 'GTP_DFF_C' unit is dangling and will be cleaned.
W: Public-4008: Instance 'l1/u_tinyriscv_core/u_clint/csr_waddr_o[23]' of 'GTP_DFF_C' unit is dangling and will be cleaned.
W: Public-4008: Instance 'l1/u_tinyriscv_core/u_clint/csr_waddr_o[24]' of 'GTP_DFF_C' unit is dangling and will be cleaned.
W: Public-4008: Instance 'l1/u_tinyriscv_core/u_clint/csr_waddr_o[25]' of 'GTP_DFF_C' unit is dangling and will be cleaned.
W: Public-4008: Instance 'l1/u_tinyriscv_core/u_clint/csr_waddr_o[26]' of 'GTP_DFF_C' unit is dangling and will be cleaned.
W: Public-4008: Instance 'l1/u_tinyriscv_core/u_clint/csr_waddr_o[27]' of 'GTP_DFF_C' unit is dangling and will be cleaned.
W: Public-4008: Instance 'l1/u_tinyriscv_core/u_clint/csr_waddr_o[28]' of 'GTP_DFF_C' unit is dangling and will be cleaned.
W: Public-4008: Instance 'l1/u_tinyriscv_core/u_clint/csr_waddr_o[29]' of 'GTP_DFF_C' unit is dangling and will be cleaned.
W: Public-4008: Instance 'l1/u_tinyriscv_core/u_clint/csr_waddr_o[30]' of 'GTP_DFF_C' unit is dangling and will be cleaned.
W: Public-4008: Instance 'l1/u_tinyriscv_core/u_clint/csr_waddr_o[31]' of 'GTP_DFF_C' unit is dangling and will be cleaned.
W: Public-4008: Instance 'l1/u_tinyriscv_core/u_exu/u_exu_muldiv/u_divider/op_r[0]' of 'GTP_DFF_CE' unit is dangling and will be cleaned.
I: Removed GTP_DFF_C inst l1/uart_0/data_r[17] that is redundant to l1/uart_0/data_r[16]
I: Removed GTP_DFF_C inst l1/uart_0/data_r[18] that is redundant to l1/uart_0/data_r[16]
I: Removed GTP_DFF_C inst l1/uart_0/data_r[19] that is redundant to l1/uart_0/data_r[16]
I: Removed GTP_DFF_C inst l1/uart_0/data_r[20] that is redundant to l1/uart_0/data_r[16]
I: Removed GTP_DFF_C inst l1/uart_0/data_r[21] that is redundant to l1/uart_0/data_r[16]
I: Removed GTP_DFF_C inst l1/uart_0/data_r[22] that is redundant to l1/uart_0/data_r[16]
I: Removed GTP_DFF_C inst l1/uart_0/data_r[23] that is redundant to l1/uart_0/data_r[16]
I: Removed GTP_DFF_C inst l1/uart_0/data_r[24] that is redundant to l1/uart_0/data_r[16]
I: Removed GTP_DFF_C inst l1/uart_0/data_r[25] that is redundant to l1/uart_0/data_r[16]
I: Removed GTP_DFF_C inst l1/uart_0/data_r[26] that is redundant to l1/uart_0/data_r[16]
I: Removed GTP_DFF_C inst l1/uart_0/data_r[27] that is redundant to l1/uart_0/data_r[16]
I: Removed GTP_DFF_C inst l1/uart_0/data_r[28] that is redundant to l1/uart_0/data_r[16]
I: Removed GTP_DFF_C inst l1/uart_0/data_r[29] that is redundant to l1/uart_0/data_r[16]
I: Removed GTP_DFF_C inst l1/uart_0/data_r[30] that is redundant to l1/uart_0/data_r[16]
I: Removed GTP_DFF_C inst l1/uart_0/data_r[31] that is redundant to l1/uart_0/data_r[16]
I: Removed GTP_DFF_C inst l1/uart_0/data_r[16] that is redundant to l1/u_tinyriscv_core/u_clint/csr_waddr_o[2]
I: Removed GTP_DFF_C inst l1/u_tinyriscv_core/u_clint/csr_waddr_o[3] that is redundant to l1/u_tinyriscv_core/u_clint/csr_waddr_o[2]
I: Removed GTP_DFF_C inst l1/u_tinyriscv_core/u_clint/csr_waddr_o[4] that is redundant to l1/u_tinyriscv_core/u_clint/csr_waddr_o[2]
I: Removed GTP_DFF_C inst l1/u_tinyriscv_core/u_clint/csr_waddr_o[5] that is redundant to l1/u_tinyriscv_core/u_clint/csr_waddr_o[2]
I: Removed GTP_DFF_C inst l1/u_tinyriscv_core/u_clint/csr_waddr_o[7] that is redundant to l1/u_tinyriscv_core/u_clint/csr_waddr_o[2]
I: Removed GTP_DFF_C inst l1/u_tinyriscv_core/u_clint/csr_waddr_o[10] that is redundant to l1/u_tinyriscv_core/u_clint/csr_waddr_o[2]
I: Removed GTP_DFF_C inst l1/u_tinyriscv_core/u_clint/csr_waddr_o[11] that is redundant to l1/u_tinyriscv_core/u_clint/csr_waddr_o[2]
I: Removed GTP_DFF_CE inst l1/u_jtag_top/u_jtag_dm/dmstatus[8] that is redundant to l1/u_jtag_top/u_jtag_dm/dm_halt_req
I: Removed GTP_DFF_CE inst l1/u_jtag_top/u_jtag_dm/dmstatus[9] that is redundant to l1/u_jtag_top/u_jtag_dm/dm_halt_req
I: Removed GTP_DFF_PE inst l1/u_jtag_top/u_jtag_dm/dmstatus[11] that is redundant to l1/u_jtag_top/u_jtag_dm/dmstatus[10]
I: Removed GTP_DFF_CE inst l1/u_jtag_top/u_jtag_dm/tx/req_data[1] that is redundant to l1/u_jtag_top/u_jtag_dm/tx/req_data[0]
I: Removed GTP_DFF_CE inst l1/u_tinyriscv_core/u_clint/cause[5] that is redundant to l1/u_tinyriscv_core/u_clint/cause[4]
I: Removed GTP_DFF_CE inst l1/u_tinyriscv_core/u_clint/cause[6] that is redundant to l1/u_tinyriscv_core/u_clint/cause[4]
I: Removed GTP_DFF_CE inst l1/u_tinyriscv_core/u_clint/cause[7] that is redundant to l1/u_tinyriscv_core/u_clint/cause[4]
I: Removed GTP_DFF_CE inst l1/u_tinyriscv_core/u_clint/cause[8] that is redundant to l1/u_tinyriscv_core/u_clint/cause[4]
I: Removed GTP_DFF_CE inst l1/u_tinyriscv_core/u_clint/cause[9] that is redundant to l1/u_tinyriscv_core/u_clint/cause[4]
I: Removed GTP_DFF_CE inst l1/u_tinyriscv_core/u_clint/cause[10] that is redundant to l1/u_tinyriscv_core/u_clint/cause[4]
I: Removed GTP_DFF_CE inst l1/u_tinyriscv_core/u_clint/cause[11] that is redundant to l1/u_tinyriscv_core/u_clint/cause[4]
I: Removed GTP_DFF_CE inst l1/u_tinyriscv_core/u_clint/cause[12] that is redundant to l1/u_tinyriscv_core/u_clint/cause[4]
I: Removed GTP_DFF_CE inst l1/u_tinyriscv_core/u_clint/cause[13] that is redundant to l1/u_tinyriscv_core/u_clint/cause[4]
I: Removed GTP_DFF_CE inst l1/u_tinyriscv_core/u_clint/cause[14] that is redundant to l1/u_tinyriscv_core/u_clint/cause[4]
I: Removed GTP_DFF_CE inst l1/u_tinyriscv_core/u_clint/cause[15] that is redundant to l1/u_tinyriscv_core/u_clint/cause[4]
I: Removed GTP_DFF_CE inst l1/u_tinyriscv_core/u_clint/cause[16] that is redundant to l1/u_tinyriscv_core/u_clint/cause[4]
I: Removed GTP_DFF_CE inst l1/u_tinyriscv_core/u_clint/cause[17] that is redundant to l1/u_tinyriscv_core/u_clint/cause[4]
I: Removed GTP_DFF_CE inst l1/u_tinyriscv_core/u_clint/cause[18] that is redundant to l1/u_tinyriscv_core/u_clint/cause[4]
I: Removed GTP_DFF_CE inst l1/u_tinyriscv_core/u_clint/cause[19] that is redundant to l1/u_tinyriscv_core/u_clint/cause[4]
I: Removed GTP_DFF_CE inst l1/u_tinyriscv_core/u_clint/cause[20] that is redundant to l1/u_tinyriscv_core/u_clint/cause[4]
I: Removed GTP_DFF_CE inst l1/u_tinyriscv_core/u_clint/cause[21] that is redundant to l1/u_tinyriscv_core/u_clint/cause[4]
I: Removed GTP_DFF_CE inst l1/u_tinyriscv_core/u_clint/cause[22] that is redundant to l1/u_tinyriscv_core/u_clint/cause[4]
I: Removed GTP_DFF_CE inst l1/u_tinyriscv_core/u_clint/cause[23] that is redundant to l1/u_tinyriscv_core/u_clint/cause[4]
I: Removed GTP_DFF_CE inst l1/u_tinyriscv_core/u_clint/cause[24] that is redundant to l1/u_tinyriscv_core/u_clint/cause[4]
I: Removed GTP_DFF_CE inst l1/u_tinyriscv_core/u_clint/cause[25] that is redundant to l1/u_tinyriscv_core/u_clint/cause[4]
I: Removed GTP_DFF_CE inst l1/u_tinyriscv_core/u_clint/cause[26] that is redundant to l1/u_tinyriscv_core/u_clint/cause[4]
I: Removed GTP_DFF_CE inst l1/u_tinyriscv_core/u_clint/cause[27] that is redundant to l1/u_tinyriscv_core/u_clint/cause[4]
I: Removed GTP_DFF_CE inst l1/u_tinyriscv_core/u_clint/cause[28] that is redundant to l1/u_tinyriscv_core/u_clint/cause[4]
I: Removed GTP_DFF_CE inst l1/u_tinyriscv_core/u_clint/cause[29] that is redundant to l1/u_tinyriscv_core/u_clint/cause[4]
I: Removed GTP_DFF_CE inst l1/u_tinyriscv_core/u_clint/cause[30] that is redundant to l1/u_tinyriscv_core/u_clint/cause[4]
I: Removed GTP_DFF_C inst l1/u_tinyriscv_core/u_clint/csr_waddr_o[9] that is redundant to l1/u_tinyriscv_core/u_clint/csr_waddr_o[8]
I: Removed GTP_DFF_C inst l1/u_tinyriscv_core/u_clint/csr_we_o that is redundant to l1/u_tinyriscv_core/u_clint/csr_waddr_o[8]
I: Removed GTP_DFF_CE inst l1/u_jtag_top/u_jtag_driver/rx/recv_data[1] that is redundant to l1/u_jtag_top/u_jtag_driver/rx/recv_data[0]
I: Removed GTP_DFF_CE inst l1/u_jtag_top/u_jtag_driver/dm_resp_data[1] that is redundant to l1/u_jtag_top/u_jtag_driver/dm_resp_data[0]
W: Removed GTP_DFF_PE inst l1/u_jtag_top/u_jtag_dm/abstractcs[0] that is stuck at constant 1.
W: Removed GTP_DFF_PE inst l1/u_jtag_top/u_jtag_dm/abstractcs[1] that is stuck at constant 1.
W: Removed GTP_DFF_CE inst l1/u_jtag_top/u_jtag_dm/abstractcs[2] that is stuck at constant 0.
W: Removed GTP_DFF_CE inst l1/u_jtag_top/u_jtag_dm/abstractcs[3] that is stuck at constant 0.
W: Removed GTP_DFF_CE inst l1/u_jtag_top/u_jtag_dm/abstractcs[4] that is stuck at constant 0.
W: Removed GTP_DFF_CE inst l1/u_jtag_top/u_jtag_dm/abstractcs[5] that is stuck at constant 0.
W: Removed GTP_DFF_CE inst l1/u_jtag_top/u_jtag_dm/abstractcs[6] that is stuck at constant 0.
W: Removed GTP_DFF_CE inst l1/u_jtag_top/u_jtag_dm/abstractcs[7] that is stuck at constant 0.
W: Removed GTP_DFF_CE inst l1/u_jtag_top/u_jtag_dm/abstractcs[8] that is stuck at constant 0.
W: Removed GTP_DFF_CE inst l1/u_jtag_top/u_jtag_dm/abstractcs[10] that is stuck at constant 0.
W: Removed GTP_DFF_CE inst l1/u_jtag_top/u_jtag_dm/abstractcs[11] that is stuck at constant 0.
W: Removed GTP_DFF_CE inst l1/u_jtag_top/u_jtag_dm/abstractcs[12] that is stuck at constant 0.
W: Removed GTP_DFF_CE inst l1/u_jtag_top/u_jtag_dm/abstractcs[13] that is stuck at constant 0.
W: Removed GTP_DFF_CE inst l1/u_jtag_top/u_jtag_dm/abstractcs[14] that is stuck at constant 0.
W: Removed GTP_DFF_CE inst l1/u_jtag_top/u_jtag_dm/abstractcs[15] that is stuck at constant 0.
W: Removed GTP_DFF_CE inst l1/u_jtag_top/u_jtag_dm/abstractcs[16] that is stuck at constant 0.
W: Removed GTP_DFF_CE inst l1/u_jtag_top/u_jtag_dm/abstractcs[17] that is stuck at constant 0.
W: Removed GTP_DFF_CE inst l1/u_jtag_top/u_jtag_dm/abstractcs[18] that is stuck at constant 0.
W: Removed GTP_DFF_CE inst l1/u_jtag_top/u_jtag_dm/abstractcs[19] that is stuck at constant 0.
W: Removed GTP_DFF_CE inst l1/u_jtag_top/u_jtag_dm/abstractcs[20] that is stuck at constant 0.
W: Removed GTP_DFF_CE inst l1/u_jtag_top/u_jtag_dm/abstractcs[21] that is stuck at constant 0.
W: Removed GTP_DFF_CE inst l1/u_jtag_top/u_jtag_dm/abstractcs[22] that is stuck at constant 0.
W: Removed GTP_DFF_CE inst l1/u_jtag_top/u_jtag_dm/abstractcs[23] that is stuck at constant 0.
W: Removed GTP_DFF_PE inst l1/u_jtag_top/u_jtag_dm/abstractcs[24] that is stuck at constant 1.
W: Removed GTP_DFF_CE inst l1/u_jtag_top/u_jtag_dm/abstractcs[25] that is stuck at constant 0.
W: Removed GTP_DFF_CE inst l1/u_jtag_top/u_jtag_dm/abstractcs[26] that is stuck at constant 0.
W: Removed GTP_DFF_CE inst l1/u_jtag_top/u_jtag_dm/abstractcs[27] that is stuck at constant 0.
W: Removed GTP_DFF_CE inst l1/u_jtag_top/u_jtag_dm/abstractcs[28] that is stuck at constant 0.
W: Removed GTP_DFF_CE inst l1/u_jtag_top/u_jtag_dm/abstractcs[29] that is stuck at constant 0.
W: Removed GTP_DFF_CE inst l1/u_jtag_top/u_jtag_dm/abstractcs[30] that is stuck at constant 0.
W: Removed GTP_DFF_CE inst l1/u_jtag_top/u_jtag_dm/abstractcs[31] that is stuck at constant 0.
W: Removed GTP_DFF_CE inst l1/u_jtag_top/u_jtag_dm/dmstatus[0] that is stuck at constant 0.
W: Removed GTP_DFF_PE inst l1/u_jtag_top/u_jtag_dm/dmstatus[1] that is stuck at constant 1.
W: Removed GTP_DFF_CE inst l1/u_jtag_top/u_jtag_dm/dmstatus[2] that is stuck at constant 0.
W: Removed GTP_DFF_CE inst l1/u_jtag_top/u_jtag_dm/dmstatus[3] that is stuck at constant 0.
W: Removed GTP_DFF_CE inst l1/u_jtag_top/u_jtag_dm/dmstatus[4] that is stuck at constant 0.
W: Removed GTP_DFF_CE inst l1/u_jtag_top/u_jtag_dm/dmstatus[5] that is stuck at constant 0.
W: Removed GTP_DFF_CE inst l1/u_jtag_top/u_jtag_dm/dmstatus[6] that is stuck at constant 0.
W: Removed GTP_DFF_PE inst l1/u_jtag_top/u_jtag_dm/dmstatus[7] that is stuck at constant 1.
W: Removed GTP_DFF_CE inst l1/u_jtag_top/u_jtag_dm/dmstatus[12] that is stuck at constant 0.
W: Removed GTP_DFF_CE inst l1/u_jtag_top/u_jtag_dm/dmstatus[13] that is stuck at constant 0.
W: Removed GTP_DFF_CE inst l1/u_jtag_top/u_jtag_dm/dmstatus[14] that is stuck at constant 0.
W: Removed GTP_DFF_CE inst l1/u_jtag_top/u_jtag_dm/dmstatus[15] that is stuck at constant 0.
W: Removed GTP_DFF_PE inst l1/u_jtag_top/u_jtag_dm/dmstatus[16] that is stuck at constant 1.
W: Removed GTP_DFF_PE inst l1/u_jtag_top/u_jtag_dm/dmstatus[17] that is stuck at constant 1.
W: Removed GTP_DFF_CE inst l1/u_jtag_top/u_jtag_dm/dmstatus[18] that is stuck at constant 0.
W: Removed GTP_DFF_CE inst l1/u_jtag_top/u_jtag_dm/dmstatus[19] that is stuck at constant 0.
W: Removed GTP_DFF_CE inst l1/u_jtag_top/u_jtag_dm/dmstatus[20] that is stuck at constant 0.
W: Removed GTP_DFF_CE inst l1/u_jtag_top/u_jtag_dm/dmstatus[21] that is stuck at constant 0.
W: Removed GTP_DFF_PE inst l1/u_jtag_top/u_jtag_dm/dmstatus[22] that is stuck at constant 1.
W: Removed GTP_DFF_CE inst l1/u_jtag_top/u_jtag_dm/dmstatus[23] that is stuck at constant 0.
W: Removed GTP_DFF_CE inst l1/u_jtag_top/u_jtag_dm/dmstatus[24] that is stuck at constant 0.
W: Removed GTP_DFF_CE inst l1/u_jtag_top/u_jtag_dm/dmstatus[25] that is stuck at constant 0.
W: Removed GTP_DFF_CE inst l1/u_jtag_top/u_jtag_dm/dmstatus[26] that is stuck at constant 0.
W: Removed GTP_DFF_CE inst l1/u_jtag_top/u_jtag_dm/dmstatus[27] that is stuck at constant 0.
W: Removed GTP_DFF_CE inst l1/u_jtag_top/u_jtag_dm/dmstatus[28] that is stuck at constant 0.
W: Removed GTP_DFF_CE inst l1/u_jtag_top/u_jtag_dm/dmstatus[29] that is stuck at constant 0.
W: Removed GTP_DFF_CE inst l1/u_jtag_top/u_jtag_dm/dmstatus[30] that is stuck at constant 0.
W: Removed GTP_DFF_CE inst l1/u_jtag_top/u_jtag_dm/dmstatus[31] that is stuck at constant 0.
W: Removed GTP_DFF_CE inst l1/u_tinyriscv_core/u_exu/u_exu_muldiv/u_divider/count[31] that is stuck at constant 0.
W: Removed GTP_DFF_CE inst l1/u_tinyriscv_core/u_clint/cause[4] that is stuck at constant 0.
W: Removed GTP_DFF_C inst l1/u_tinyriscv_core/u_clint/csr_waddr_o[2] that is stuck at constant 0.
W: Removed GTP_DFF_CE inst l1/u_jtag_top/u_jtag_dm/tx/req_data[0] that is stuck at constant 0.
W: Removed GTP_DFF_CE inst l1/u_jtag_top/u_jtag_driver/rx/recv_data[0] that is stuck at constant 0.
W: Removed GTP_DFF_CE inst l1/u_jtag_top/u_jtag_driver/dm_resp_data[0] that is stuck at constant 0.
Executing : tech-mapping phase 1 successfully.
Start tech-mapping phase 2.
