#Build: Fabric Compiler 2020.3-Lite, Build 71107, Mar 15 18:01 2021
#Install: D:\PDS_2020.3-Lite\bin
#Application name: pds_shell.exe
#OS: Windows 10 10.0.22621
#Hostname: odincomputer
Generated by Fabric Compiler (version 2020.3-Lite build 71107) at Wed Nov  9 22:46:04 2022
Compiling verification operator library.
Compiling common defs.
Compiling prim grid devices.
Compiling gate devices.
Compiling gate operators.
Building architecture model.
Loading device packaging model 'MBG324'.
I: Parameter configuration file D:/panguprj/tinydram/testparam.txt cannot open.
Starting placement and routing flow. (CPU time elapsed 0h:00m:00s)
Reading design from devmap DB.
Building architecture floorplan logic view.
Executing : apply_constraint -f D:/panguprj/tinydram/device_map/tinyriscv_soc_top.pcf
Executing : def_port {gpio[0]} -LOC U11 -IOSTANDARD LVCMOS33 -VCCIO 3.3 -DRIVE 4 -SLEW SLOW
Executing : def_port {gpio[0]} -LOC U11 -IOSTANDARD LVCMOS33 -VCCIO 3.3 -DRIVE 4 -SLEW SLOW successfully.
Executing : def_port {gpio[1]} -LOC P17 -IOSTANDARD LVCMOS33 -VCCIO 3.3 -DRIVE 4 -SLEW SLOW
Executing : def_port {gpio[1]} -LOC P17 -IOSTANDARD LVCMOS33 -VCCIO 3.3 -DRIVE 4 -SLEW SLOW successfully.
Executing : def_port halted_ind -LOC U10 -IOSTANDARD LVCMOS33 -VCCIO 3.3 -DRIVE 4 -SLEW SLOW
Executing : def_port halted_ind -LOC U10 -IOSTANDARD LVCMOS33 -VCCIO 3.3 -DRIVE 4 -SLEW SLOW successfully.
Executing : def_port jtag_TDO -LOC V16 -IOSTANDARD LVCMOS33 -VCCIO 3.3 -DRIVE 4 -SLEW SLOW
Executing : def_port jtag_TDO -LOC V16 -IOSTANDARD LVCMOS33 -VCCIO 3.3 -DRIVE 4 -SLEW SLOW successfully.
Executing : def_port uart_tx_pin -LOC R18 -IOSTANDARD LVCMOS33 -VCCIO 3.3 -DRIVE 4 -SLEW SLOW
Executing : def_port uart_tx_pin -LOC R18 -IOSTANDARD LVCMOS33 -VCCIO 3.3 -DRIVE 4 -SLEW SLOW successfully.
Executing : def_port clk -LOC B5 -IOSTANDARD LVTTL33 -VCCIO 3.3
Executing : def_port clk -LOC B5 -IOSTANDARD LVTTL33 -VCCIO 3.3 successfully.
Executing : def_port jtag_TCK -LOC V17 -IOSTANDARD LVTTL33 -VCCIO 3.3
Executing : def_port jtag_TCK -LOC V17 -IOSTANDARD LVTTL33 -VCCIO 3.3 successfully.
Executing : def_port jtag_TDI -LOC V18 -IOSTANDARD LVTTL33 -VCCIO 3.3
Executing : def_port jtag_TDI -LOC V18 -IOSTANDARD LVTTL33 -VCCIO 3.3 successfully.
Executing : def_port jtag_TMS -LOC T18 -IOSTANDARD LVTTL33 -VCCIO 3.3
Executing : def_port jtag_TMS -LOC T18 -IOSTANDARD LVTTL33 -VCCIO 3.3 successfully.
Executing : def_port rst_ext_i -LOC U12 -IOSTANDARD LVTTL33 -VCCIO 3.3
Executing : def_port rst_ext_i -LOC U12 -IOSTANDARD LVTTL33 -VCCIO 3.3 successfully.
Executing : def_port uart_rx_pin -LOC N14 -IOSTANDARD LVTTL33 -VCCIO 3.3
Executing : def_port uart_rx_pin -LOC N14 -IOSTANDARD LVTTL33 -VCCIO 3.3 successfully.
Executing : apply_constraint -f D:/panguprj/tinydram/device_map/tinyriscv_soc_top.pcf successfully.

Placement started.
Mapping instance clkbufg_1/gopclkbufg to USCM_74_104.
C: Place-2028: GLOBAL_CLOCK: the driver jtag_TCK_ibuf/opit_1 fixed at IOL_151_81 is unreasonable. Sub-optimal placement for a clock source and a clock buffer.
Mapping instance clkbufg_0/gopclkbufg to USCM_74_133.
Pre global placement takes 11.23 sec.
Run super clustering :
	Initial slack -16959.
	8 iterations finished.
	Final slack -7809.
Super clustering done.
Design Utilization : 28%.
Global placement takes 8.88 sec.
Wirelength after global placement is 77979.
Placed fixed group with base inst clk_ibuf/opit_1 on IOL_7_298.
Placed fixed instance clkbufg_0/gopclkbufg on USCM_74_133.
Placed fixed instance clkbufg_1/gopclkbufg on USCM_74_104.
Placed fixed group with base inst gpio_tri[0]/opit_1 on IOL_151_102.
Placed fixed group with base inst gpio_tri[1]/opit_1 on IOL_151_46.
Placed fixed group with base inst halted_ind_obuf/opit_1 on IOL_151_114.
Placed fixed group with base inst jtag_TCK_ibuf/opit_1 on IOL_151_81.
Placed fixed group with base inst jtag_TDI_ibuf/opit_1 on IOL_151_82.
Placed fixed group with base inst jtag_TDO_obuf/opit_1 on IOL_151_22.
Placed fixed group with base inst jtag_TMS_ibuf/opit_1 on IOL_151_74.
Placed fixed group with base inst rst_ext_i_ibuf/opit_1 on IOL_151_106.
Placed fixed group with base inst uart_rx_pin_ibuf/opit_1 on IOL_151_5.
Placed fixed group with base inst uart_tx_pin_obuf/opit_1 on IOL_151_49.
Placed fixed instance BKCL_auto_0 on BKCL_2_268.
Placed fixed instance BKCL_auto_1 on BKCL_154_20.
Wirelength after Macro cell placement is 91805.
Macro cell placement takes 0.20 sec.
Run super clustering :
	Initial slack -16959.
	8 iterations finished.
	Final slack -7809.
Super clustering done.
Design Utilization : 28%.
Wirelength after post global placement is 79048.
Post global placement takes 9.06 sec.
Wirelength after legalization is 83885.
Legalization takes 0.84 sec.
Worst slack before Replication Place is -1024.
Wirelength after replication placement is 83885.
Legalized cost -1024.000000.
The detailed placement ends at 14th iteration.
Wirelength after detailed placement is 86476.
Timing-driven detailed placement takes 17.70 sec.
Placement done.
Total placement takes 49.77 sec.
Finished placement. (CPU time elapsed 0h:00m:51s)

Routing started.
Building routing graph takes 1.70 sec.
Worst slack is 3538.
Processing design graph takes 0.70 sec.
Total memory for routing:
	50.947323 M.
Total nets for routing : 7632.
Rcf routing step 1 processed 0 nets, it takes 0.00 sec.
Rcf routing step 2 processed 0 nets, it takes 0.00 sec.
Rcf routing step 3 processed 0 nets, it takes 0.00 sec.
Unrouted nets 0 at the end of iteration 0.
Global Routing step 1 processed 173 nets, it takes 0.06 sec.
Unrouted nets 199 at the end of iteration 0.
Unrouted nets 182 at the end of iteration 1.
Unrouted nets 173 at the end of iteration 2.
Unrouted nets 159 at the end of iteration 3.
Unrouted nets 142 at the end of iteration 4.
Unrouted nets 108 at the end of iteration 5.
Unrouted nets 79 at the end of iteration 6.
Unrouted nets 75 at the end of iteration 7.
Unrouted nets 67 at the end of iteration 8.
Unrouted nets 67 at the end of iteration 9.
Unrouted nets 50 at the end of iteration 10.
Unrouted nets 40 at the end of iteration 11.
Unrouted nets 34 at the end of iteration 12.
Unrouted nets 28 at the end of iteration 13.
Unrouted nets 22 at the end of iteration 14.
Unrouted nets 24 at the end of iteration 15.
Unrouted nets 16 at the end of iteration 16.
Unrouted nets 14 at the end of iteration 17.
Unrouted nets 11 at the end of iteration 18.
Unrouted nets 7 at the end of iteration 19.
Unrouted nets 5 at the end of iteration 20.
Unrouted nets 5 at the end of iteration 21.
Unrouted nets 6 at the end of iteration 22.
Unrouted nets 5 at the end of iteration 23.
Unrouted nets 3 at the end of iteration 24.
Unrouted nets 3 at the end of iteration 25.
Unrouted nets 3 at the end of iteration 26.
Unrouted nets 3 at the end of iteration 27.
Unrouted nets 3 at the end of iteration 28.
Unrouted nets 3 at the end of iteration 29.
Unrouted nets 3 at the end of iteration 30.
Unrouted nets 3 at the end of iteration 31.
Unrouted nets 3 at the end of iteration 32.
Unrouted nets 3 at the end of iteration 33.
Unrouted nets 3 at the end of iteration 34.
Unrouted nets 4 at the end of iteration 35.
Unrouted nets 2 at the end of iteration 36.
Unrouted nets 2 at the end of iteration 37.
Unrouted nets 2 at the end of iteration 38.
Unrouted nets 2 at the end of iteration 39.
Unrouted nets 1 at the end of iteration 40.
Unrouted nets 1 at the end of iteration 41.
Unrouted nets 1 at the end of iteration 42.
Unrouted nets 1 at the end of iteration 43.
Unrouted nets 1 at the end of iteration 44.
Unrouted nets 1 at the end of iteration 45.
Unrouted nets 1 at the end of iteration 46.
Unrouted nets 1 at the end of iteration 47.
Unrouted nets 2 at the end of iteration 48.
Unrouted nets 1 at the end of iteration 49.
Unrouted nets 1 at the end of iteration 50.
Unrouted nets 1 at the end of iteration 51.
Unrouted nets 1 at the end of iteration 52.
Unrouted nets 1 at the end of iteration 53.
Unrouted nets 1 at the end of iteration 54.
Unrouted nets 1 at the end of iteration 55.
Unrouted nets 1 at the end of iteration 56.
Unrouted nets 1 at the end of iteration 57.
Unrouted nets 1 at the end of iteration 58.
Unrouted nets 2 at the end of iteration 59.
Unrouted nets 1 at the end of iteration 60.
Unrouted nets 1 at the end of iteration 61.
Unrouted nets 2 at the end of iteration 62.
Unrouted nets 2 at the end of iteration 63.
Unrouted nets 0 at the end of iteration 64.
Global Routing step 2 processed 353 nets, it takes 3.30 sec.
Unrouted nets 197 at the end of iteration 0.
Unrouted nets 141 at the end of iteration 1.
Unrouted nets 109 at the end of iteration 2.
Unrouted nets 90 at the end of iteration 3.
Unrouted nets 59 at the end of iteration 4.
Unrouted nets 48 at the end of iteration 5.
Unrouted nets 39 at the end of iteration 6.
Unrouted nets 31 at the end of iteration 7.
Unrouted nets 34 at the end of iteration 8.
Unrouted nets 31 at the end of iteration 9.
Unrouted nets 25 at the end of iteration 10.
Unrouted nets 15 at the end of iteration 11.
Unrouted nets 12 at the end of iteration 12.
Unrouted nets 11 at the end of iteration 13.
Unrouted nets 9 at the end of iteration 14.
Unrouted nets 6 at the end of iteration 15.
Unrouted nets 4 at the end of iteration 16.
Unrouted nets 4 at the end of iteration 17.
Unrouted nets 4 at the end of iteration 18.
Unrouted nets 6 at the end of iteration 19.
Unrouted nets 3 at the end of iteration 20.
Unrouted nets 2 at the end of iteration 21.
Unrouted nets 2 at the end of iteration 22.
Unrouted nets 1 at the end of iteration 23.
Unrouted nets 1 at the end of iteration 24.
Unrouted nets 1 at the end of iteration 25.
Unrouted nets 1 at the end of iteration 26.
Unrouted nets 1 at the end of iteration 27.
Unrouted nets 1 at the end of iteration 28.
Unrouted nets 1 at the end of iteration 29.
Unrouted nets 2 at the end of iteration 30.
Unrouted nets 4 at the end of iteration 31.
Unrouted nets 4 at the end of iteration 32.
Unrouted nets 1 at the end of iteration 33.
Unrouted nets 1 at the end of iteration 34.
Unrouted nets 1 at the end of iteration 35.
Unrouted nets 1 at the end of iteration 36.
Unrouted nets 4 at the end of iteration 37.
Unrouted nets 3 at the end of iteration 38.
Unrouted nets 3 at the end of iteration 39.
Unrouted nets 2 at the end of iteration 40.
Unrouted nets 0 at the end of iteration 41.
Global Routing step 3 processed 302 nets, it takes 7.16 sec.
Global routing takes 10.53 sec.
Total 10016 subnets.
    forward max bucket size 23375 , backward 390.
        Unrouted nets 7723 at the end of iteration 0.
    route iteration 0, CPU time elapsed 3.187500 sec.
    forward max bucket size 24637 , backward 599.
        Unrouted nets 6929 at the end of iteration 1.
    route iteration 1, CPU time elapsed 3.125000 sec.
    forward max bucket size 1172 , backward 642.
        Unrouted nets 6163 at the end of iteration 2.
    route iteration 2, CPU time elapsed 1.656250 sec.
    forward max bucket size 1935 , backward 927.
        Unrouted nets 5579 at the end of iteration 3.
    route iteration 3, CPU time elapsed 2.531250 sec.
    forward max bucket size 1287 , backward 733.
        Unrouted nets 5139 at the end of iteration 4.
    route iteration 4, CPU time elapsed 2.687500 sec.
    forward max bucket size 1054 , backward 915.
        Unrouted nets 4809 at the end of iteration 5.
    route iteration 5, CPU time elapsed 3.765625 sec.
    forward max bucket size 1497 , backward 1182.
        Unrouted nets 4530 at the end of iteration 6.
    route iteration 6, CPU time elapsed 2.718750 sec.
    forward max bucket size 1300 , backward 765.
        Unrouted nets 4048 at the end of iteration 7.
    route iteration 7, CPU time elapsed 3.312500 sec.
    forward max bucket size 1313 , backward 673.
        Unrouted nets 3583 at the end of iteration 8.
    route iteration 8, CPU time elapsed 3.218750 sec.
    forward max bucket size 1233 , backward 988.
        Unrouted nets 3238 at the end of iteration 9.
    route iteration 9, CPU time elapsed 2.703125 sec.
    forward max bucket size 30491 , backward 779.
        Unrouted nets 2926 at the end of iteration 10.
    route iteration 10, CPU time elapsed 3.593750 sec.
    forward max bucket size 30440 , backward 720.
        Unrouted nets 2653 at the end of iteration 11.
    route iteration 11, CPU time elapsed 3.062500 sec.
    forward max bucket size 31036 , backward 682.
        Unrouted nets 2348 at the end of iteration 12.
    route iteration 12, CPU time elapsed 3.125000 sec.
    forward max bucket size 1439 , backward 665.
        Unrouted nets 2175 at the end of iteration 13.
    route iteration 13, CPU time elapsed 2.109375 sec.
    forward max bucket size 936 , backward 809.
        Unrouted nets 2037 at the end of iteration 14.
    route iteration 14, CPU time elapsed 1.671875 sec.
    forward max bucket size 1164 , backward 778.
        Unrouted nets 1853 at the end of iteration 15.
    route iteration 15, CPU time elapsed 1.609375 sec.
    forward max bucket size 1038 , backward 714.
        Unrouted nets 1681 at the end of iteration 16.
    route iteration 16, CPU time elapsed 1.468750 sec.
    forward max bucket size 886 , backward 710.
        Unrouted nets 1501 at the end of iteration 17.
    route iteration 17, CPU time elapsed 1.468750 sec.
    forward max bucket size 986 , backward 512.
        Unrouted nets 1411 at the end of iteration 18.
    route iteration 18, CPU time elapsed 1.250000 sec.
    forward max bucket size 616 , backward 739.
        Unrouted nets 1271 at the end of iteration 19.
    route iteration 19, CPU time elapsed 1.250000 sec.
    forward max bucket size 1245 , backward 616.
        Unrouted nets 1203 at the end of iteration 20.
    route iteration 20, CPU time elapsed 1.062500 sec.
    forward max bucket size 802 , backward 809.
        Unrouted nets 1081 at the end of iteration 21.
    route iteration 21, CPU time elapsed 0.890625 sec.
    forward max bucket size 942 , backward 549.
        Unrouted nets 934 at the end of iteration 22.
    route iteration 22, CPU time elapsed 0.734375 sec.
    forward max bucket size 32785 , backward 607.
        Unrouted nets 862 at the end of iteration 23.
    route iteration 23, CPU time elapsed 1.687500 sec.
    forward max bucket size 850 , backward 314.
        Unrouted nets 878 at the end of iteration 24.
    route iteration 24, CPU time elapsed 0.796875 sec.
    forward max bucket size 653 , backward 680.
        Unrouted nets 846 at the end of iteration 25.
    route iteration 25, CPU time elapsed 0.656250 sec.
    forward max bucket size 1086 , backward 429.
        Unrouted nets 749 at the end of iteration 26.
    route iteration 26, CPU time elapsed 0.468750 sec.
    forward max bucket size 832 , backward 410.
        Unrouted nets 717 at the end of iteration 27.
    route iteration 27, CPU time elapsed 0.406250 sec.
    forward max bucket size 941 , backward 486.
        Unrouted nets 715 at the end of iteration 28.
    route iteration 28, CPU time elapsed 0.625000 sec.
    forward max bucket size 433 , backward 434.
        Unrouted nets 643 at the end of iteration 29.
    route iteration 29, CPU time elapsed 0.640625 sec.
    forward max bucket size 551 , backward 403.
        Unrouted nets 603 at the end of iteration 30.
    route iteration 30, CPU time elapsed 0.468750 sec.
    forward max bucket size 587 , backward 381.
        Unrouted nets 568 at the end of iteration 31.
    route iteration 31, CPU time elapsed 0.437500 sec.
    forward max bucket size 518 , backward 456.
        Unrouted nets 532 at the end of iteration 32.
    route iteration 32, CPU time elapsed 0.453125 sec.
    forward max bucket size 808 , backward 626.
        Unrouted nets 508 at the end of iteration 33.
    route iteration 33, CPU time elapsed 0.625000 sec.
    forward max bucket size 681 , backward 486.
        Unrouted nets 489 at the end of iteration 34.
    route iteration 34, CPU time elapsed 0.453125 sec.
    forward max bucket size 377 , backward 236.
        Unrouted nets 461 at the end of iteration 35.
    route iteration 35, CPU time elapsed 0.359375 sec.
    forward max bucket size 1096 , backward 755.
        Unrouted nets 415 at the end of iteration 36.
    route iteration 36, CPU time elapsed 0.375000 sec.
    forward max bucket size 434 , backward 683.
        Unrouted nets 392 at the end of iteration 37.
    route iteration 37, CPU time elapsed 0.328125 sec.
    forward max bucket size 676 , backward 565.
        Unrouted nets 389 at the end of iteration 38.
    route iteration 38, CPU time elapsed 0.375000 sec.
    forward max bucket size 455 , backward 385.
        Unrouted nets 314 at the end of iteration 39.
    route iteration 39, CPU time elapsed 0.328125 sec.
    forward max bucket size 735 , backward 572.
        Unrouted nets 281 at the end of iteration 40.
    route iteration 40, CPU time elapsed 0.281250 sec.
    forward max bucket size 695 , backward 468.
        Unrouted nets 259 at the end of iteration 41.
    route iteration 41, CPU time elapsed 0.234375 sec.
    forward max bucket size 500 , backward 424.
        Unrouted nets 230 at the end of iteration 42.
    route iteration 42, CPU time elapsed 0.265625 sec.
    forward max bucket size 1233 , backward 617.
        Unrouted nets 225 at the end of iteration 43.
    route iteration 43, CPU time elapsed 0.171875 sec.
    forward max bucket size 505 , backward 335.
        Unrouted nets 199 at the end of iteration 44.
    route iteration 44, CPU time elapsed 0.187500 sec.
    forward max bucket size 396 , backward 253.
        Unrouted nets 191 at the end of iteration 45.
    route iteration 45, CPU time elapsed 0.140625 sec.
    forward max bucket size 295 , backward 311.
        Unrouted nets 202 at the end of iteration 46.
    route iteration 46, CPU time elapsed 0.187500 sec.
    forward max bucket size 625 , backward 759.
        Unrouted nets 163 at the end of iteration 47.
    route iteration 47, CPU time elapsed 0.171875 sec.
    forward max bucket size 641 , backward 738.
        Unrouted nets 132 at the end of iteration 48.
    route iteration 48, CPU time elapsed 0.171875 sec.
    forward max bucket size 602 , backward 731.
        Unrouted nets 125 at the end of iteration 49.
    route iteration 49, CPU time elapsed 0.171875 sec.
    forward max bucket size 469 , backward 240.
        Unrouted nets 102 at the end of iteration 50.
    route iteration 50, CPU time elapsed 0.031250 sec.
    forward max bucket size 308 , backward 218.
        Unrouted nets 90 at the end of iteration 51.
    route iteration 51, CPU time elapsed 0.093750 sec.
    forward max bucket size 342 , backward 498.
        Unrouted nets 74 at the end of iteration 52.
    route iteration 52, CPU time elapsed 0.125000 sec.
    forward max bucket size 205 , backward 402.
        Unrouted nets 75 at the end of iteration 53.
    route iteration 53, CPU time elapsed 0.109375 sec.
    forward max bucket size 200 , backward 244.
        Unrouted nets 60 at the end of iteration 54.
    route iteration 54, CPU time elapsed 0.093750 sec.
    forward max bucket size 226 , backward 237.
        Unrouted nets 44 at the end of iteration 55.
    route iteration 55, CPU time elapsed 0.093750 sec.
    forward max bucket size 144 , backward 146.
        Unrouted nets 48 at the end of iteration 56.
    route iteration 56, CPU time elapsed 0.046875 sec.
    forward max bucket size 199 , backward 121.
        Unrouted nets 43 at the end of iteration 57.
    route iteration 57, CPU time elapsed 0.031250 sec.
    forward max bucket size 304 , backward 346.
        Unrouted nets 47 at the end of iteration 58.
    route iteration 58, CPU time elapsed 0.062500 sec.
    forward max bucket size 125 , backward 263.
        Unrouted nets 31 at the end of iteration 59.
    route iteration 59, CPU time elapsed 0.031250 sec.
    forward max bucket size 84 , backward 269.
        Unrouted nets 21 at the end of iteration 60.
    route iteration 60, CPU time elapsed 0.078125 sec.
    forward max bucket size 79 , backward 284.
        Unrouted nets 15 at the end of iteration 61.
    route iteration 61, CPU time elapsed 0.031250 sec.
    forward max bucket size 150 , backward 335.
        Unrouted nets 17 at the end of iteration 62.
    route iteration 62, CPU time elapsed 0.093750 sec.
    forward max bucket size 115 , backward 457.
        Unrouted nets 14 at the end of iteration 63.
    route iteration 63, CPU time elapsed 0.062500 sec.
    forward max bucket size 238 , backward 547.
        Unrouted nets 19 at the end of iteration 64.
    route iteration 64, CPU time elapsed 0.046875 sec.
    forward max bucket size 442 , backward 709.
        Unrouted nets 16 at the end of iteration 65.
    route iteration 65, CPU time elapsed 0.062500 sec.
    forward max bucket size 156 , backward 164.
        Unrouted nets 16 at the end of iteration 66.
    route iteration 66, CPU time elapsed 0.046875 sec.
    forward max bucket size 178 , backward 223.
        Unrouted nets 17 at the end of iteration 67.
    route iteration 67, CPU time elapsed 0.015625 sec.
    forward max bucket size 245 , backward 292.
        Unrouted nets 20 at the end of iteration 68.
    route iteration 68, CPU time elapsed 0.046875 sec.
    forward max bucket size 293 , backward 228.
        Unrouted nets 20 at the end of iteration 69.
    route iteration 69, CPU time elapsed 0.046875 sec.
    forward max bucket size 333 , backward 241.
        Unrouted nets 28 at the end of iteration 70.
    route iteration 70, CPU time elapsed 0.078125 sec.
    forward max bucket size 135 , backward 485.
        Unrouted nets 22 at the end of iteration 71.
    route iteration 71, CPU time elapsed 0.000000 sec.
    forward max bucket size 135 , backward 180.
        Unrouted nets 16 at the end of iteration 72.
    route iteration 72, CPU time elapsed 0.000000 sec.
    forward max bucket size 135 , backward 177.
        Unrouted nets 10 at the end of iteration 73.
    route iteration 73, CPU time elapsed 0.000000 sec.
    forward max bucket size 48 , backward 31.
        Unrouted nets 10 at the end of iteration 74.
    route iteration 74, CPU time elapsed 0.000000 sec.
    forward max bucket size 18 , backward 14.
        Unrouted nets 5 at the end of iteration 75.
    route iteration 75, CPU time elapsed 0.046875 sec.
    forward max bucket size 16 , backward 18.
        Unrouted nets 4 at the end of iteration 76.
    route iteration 76, CPU time elapsed 0.046875 sec.
    forward max bucket size 29 , backward 22.
        Unrouted nets 4 at the end of iteration 77.
    route iteration 77, CPU time elapsed 0.031250 sec.
    forward max bucket size 20 , backward 27.
        Unrouted nets 4 at the end of iteration 78.
    route iteration 78, CPU time elapsed 0.062500 sec.
    forward max bucket size 18 , backward 11.
        Unrouted nets 2 at the end of iteration 79.
    route iteration 79, CPU time elapsed 0.046875 sec.
    forward max bucket size 11 , backward 20.
        Unrouted nets 3 at the end of iteration 80.
    route iteration 80, CPU time elapsed 0.046875 sec.
    forward max bucket size 11 , backward 18.
        Unrouted nets 2 at the end of iteration 81.
    route iteration 81, CPU time elapsed 0.046875 sec.
    forward max bucket size 13 , backward 18.
        Unrouted nets 4 at the end of iteration 82.
    route iteration 82, CPU time elapsed 0.031250 sec.
    forward max bucket size 12 , backward 15.
        Unrouted nets 2 at the end of iteration 83.
    route iteration 83, CPU time elapsed 0.031250 sec.
    forward max bucket size 18 , backward 12.
        Unrouted nets 3 at the end of iteration 84.
    route iteration 84, CPU time elapsed 0.078125 sec.
    forward max bucket size 11 , backward 9.
        Unrouted nets 4 at the end of iteration 85.
    route iteration 85, CPU time elapsed 0.046875 sec.
    forward max bucket size 18 , backward 13.
        Unrouted nets 3 at the end of iteration 86.
    route iteration 86, CPU time elapsed 0.031250 sec.
    forward max bucket size 11 , backward 20.
        Unrouted nets 6 at the end of iteration 87.
    route iteration 87, CPU time elapsed 0.031250 sec.
    forward max bucket size 31 , backward 19.
        Unrouted nets 7 at the end of iteration 88.
    route iteration 88, CPU time elapsed 0.031250 sec.
    forward max bucket size 40 , backward 24.
        Unrouted nets 12 at the end of iteration 89.
    route iteration 89, CPU time elapsed 0.046875 sec.
    forward max bucket size 85 , backward 48.
        Unrouted nets 10 at the end of iteration 90.
    route iteration 90, CPU time elapsed 0.062500 sec.
    forward max bucket size 49 , backward 27.
        Unrouted nets 17 at the end of iteration 91.
    route iteration 91, CPU time elapsed 0.015625 sec.
    forward max bucket size 49 , backward 30.
        Unrouted nets 14 at the end of iteration 92.
    route iteration 92, CPU time elapsed 0.031250 sec.
    forward max bucket size 170 , backward 48.
        Unrouted nets 14 at the end of iteration 93.
    route iteration 93, CPU time elapsed 0.015625 sec.
    forward max bucket size 51 , backward 45.
        Unrouted nets 14 at the end of iteration 94.
    route iteration 94, CPU time elapsed 0.015625 sec.
    forward max bucket size 36 , backward 47.
        Unrouted nets 8 at the end of iteration 95.
    route iteration 95, CPU time elapsed 0.031250 sec.
    forward max bucket size 656 , backward 125.
        Unrouted nets 9 at the end of iteration 96.
    route iteration 96, CPU time elapsed 0.046875 sec.
    forward max bucket size 37 , backward 67.
        Unrouted nets 8 at the end of iteration 97.
    route iteration 97, CPU time elapsed 0.031250 sec.
    forward max bucket size 726 , backward 178.
        Unrouted nets 8 at the end of iteration 98.
    route iteration 98, CPU time elapsed 0.031250 sec.
    forward max bucket size 903 , backward 497.
        Unrouted nets 12 at the end of iteration 99.
    route iteration 99, CPU time elapsed 0.093750 sec.
    forward max bucket size 993 , backward 748.
        Unrouted nets 7 at the end of iteration 100.
    route iteration 100, CPU time elapsed 0.062500 sec.
    forward max bucket size 998 , backward 768.
        Unrouted nets 9 at the end of iteration 101.
    route iteration 101, CPU time elapsed 0.078125 sec.
    forward max bucket size 45 , backward 85.
        Unrouted nets 9 at the end of iteration 102.
    route iteration 102, CPU time elapsed 0.015625 sec.
    forward max bucket size 48 , backward 89.
        Unrouted nets 7 at the end of iteration 103.
    route iteration 103, CPU time elapsed 0.078125 sec.
    forward max bucket size 47 , backward 156.
        Unrouted nets 5 at the end of iteration 104.
    route iteration 104, CPU time elapsed 0.000000 sec.
    forward max bucket size 68 , backward 97.
        Unrouted nets 2 at the end of iteration 105.
    route iteration 105, CPU time elapsed 0.000000 sec.
    forward max bucket size 7 , backward 3.
        Unrouted nets 0 at the end of iteration 106.
    route iteration 106, CPU time elapsed 0.000000 sec.
C: Route-2036: The clock path from jtag_TCK_ibuf/opit_1:OUT to clkbufg_0/gopclkbufg:CLK is routed by SRB.
Detailed routing takes 67.70 sec.

Dispose routing result:
    Collect routing result.
    Delete unused device instances.
    Annotate routing result.
    Change LUT configuration.
    Dispose misc instances.
I: Route-6001: Insert route through in CLMA_70_85.
I: Route-6001: Insert route through in CLMA_106_217.
I: Route-6001: Insert route through in CLMA_70_181.
I: Route-6001: Insert route through in CLMA_70_85.
I: Route-6001: Insert route through in CLMS_102_89.
I: Route-6001: Insert route through in CLMS_78_105.
I: Route-6001: Insert route through in CLMS_78_205.
I: Route-6001: Insert route through in CLMA_50_129.
I: Route-6001: Insert route through in CLMA_98_137.
I: Route-6001: Insert route through in CLMA_94_160.
I: Route-6001: Insert route through in CLMA_86_148.
I: Route-6001: Insert route through in CLMA_90_137.
I: Route-6001: Insert route through in CLMA_78_124.
I: Route-6001: Insert route through in CLMA_70_188.
I: Route-6001: Insert route through in CLMS_54_213.
I: Route-6001: Insert route through in CLMS_66_181.
I: Route-6001: Insert route through in CLMA_82_209.
I: Route-6001: Insert route through in CLMA_98_157.
I: Route-6001: Insert route through in CLMA_78_276.
I: Route-6001: Insert route through in CLMA_82_141.
I: Route-6001: Insert route through in CLMA_70_153.
I: Route-6001: Insert route through in CLMS_66_177.
I: Route-6001: Insert route through in CLMA_82_141.
I: Route-6001: Insert route through in CLMA_98_197.
I: Route-6001: Insert route through in CLMS_78_189.
I: Route-6001: Insert route through in USCM_74_132.
I: Route-6001: Insert route through in RCKB_7_186.
I: Route-6001: Insert route through in RCKB_7_184.
I: Route-6001: Insert route through in RCKB_7_185.
    Annotate routing result again.
Finish routing takes 2.50 sec.
Used srb routing arc is 108725.
Cleanup routing takes 0.08 sec.
Routing done.
Total routing takes 85.83 sec.


Device Utilization Summary :
+----------------------------------------------------------------------------+
| Logic Utilization        | Used     | Available     | Utilization(%)     
+----------------------------------------------------------------------------+
| Use of ADC               | 0        | 1             | 0                   
| Use of APM               | 4        | 30            | 13                  
| Use of BKCL              | 2        | 6             | 33                  
| Use of CLMA              | 1672     | 3274          | 51                  
|   FF                     | 2185     | 19644         | 11                  
|   LUT                    | 3769     | 13096         | 29                  
|   LUT-FF pairs           | 968      | 13096         | 7                   
| Use of CLMS              | 549      | 1110          | 49                  
|   FF                     | 715      | 6660          | 11                  
|   LUT                    | 1127     | 4440          | 25                  
|   LUT-FF pairs           | 280      | 4440          | 6                   
|   Distributed RAM        | 0        | 4440          | 0                   
| Use of CRYSTAL           | 0        | 6             | 0                   
| Use of DLL               | 0        | 6             | 0                   
| Use of DQSL              | 0        | 18            | 0                   
| Use of DRM               | 48       | 48            | 100                 
| Use of FLSIF             | 0        | 1             | 0                   
| Use of FUSECODE          | 0        | 1             | 0                   
| Use of HARD0N1           | 0        | 2745          | 0                   
| Use of HMEMC             | 0        | 2             | 0                   
| Use of IO                | 11       | 240           | 5                   
|   IOBD                   | 8        | 120           | 7                   
|   IOBR                   | 0        | 6             | 0                   
|   IOBS                   | 3        | 114           | 3                   
| Use of IOCKDIV           | 0        | 12            | 0                   
| Use of IOCKDLY           | 0        | 24            | 0                   
| Use of IOCKGATE          | 0        | 12            | 0                   
| Use of IOCKGMUX_TEST     | 0        | 12            | 0                   
| Use of IOL               | 11       | 240           | 5                   
| Use of IPAL              | 0        | 1             | 0                   
| Use of MFG_TEST          | 0        | 1             | 0                   
| Use of OSC               | 0        | 1             | 0                   
| Use of PLL               | 0        | 6             | 0                   
| Use of PREGMUX_TEST      | 0        | 6             | 0                   
| Use of RCKB              | 3        | 24            | 13                  
| Use of RCKBMUX_TEST      | 0        | 12            | 0                   
| Use of RESCAL            | 0        | 6             | 0                   
| Use of SCANCHAIN         | 0        | 4             | 0                   
| Use of START             | 1        | 1             | 100                 
| Use of UDID              | 0        | 1             | 0                   
| Use of USCM              | 3        | 20            | 15                  
| Use of USCMMUX_TEST      | 0        | 20            | 0                   
| Use of VCKBMUX_TEST      | 0        | 12            | 0                   
+----------------------------------------------------------------------------+

Finished routing. (CPU time elapsed 0h:02m:17s)
Design 'tinyriscv_soc_top' has been placed and routed successfully.
Saving design to DB.
Action pnr: Real time elapsed is 269.000 sec
Action pnr: CPU time elapsed is 141.156 sec
Current time: Wed Nov  9 22:50:30 2022
Action pnr: Peak memory pool usage is 710,713,344 bytes
Finished placement and routing. (CPU time elapsed 0h:02m:18s)
