IP Generator (Version 2020.3-Lite build 71107)
Start generating at 2022-10-30 19:55
Instance: ram1 (D:\panguprj\tinydram\ipcore\ram1\ram1.idf)
Model: Logos DRM Based Single Port RAM (1.4)
Part: Logos-PGL22G-MBG324--6
Create directory 'rtl' ...
Copy 'rtl\ipml_spram_v1_4.v.xml' to 'rtl' ...
Compile file 'rtl\ipml_spram_v1_4.v.xml' to 'rtl\ipml_spram_v1_4_ram1.v' ...
Copy 'ipml_spram_wrapper_v1_4.v.xml' ...
Compile file 'ipml_spram_wrapper_v1_4.v.xml' to 'ram1.v' ...
Found top module 'ram1' in file 'ram1.v'.
Copy 'ipml_spram_wrapper_v1_3_tb.v.xml' ...
Compile file 'ipml_spram_wrapper_v1_3_tb.v.xml' to 'ram1_tb.v' ...
Copy 'init_param_bin_exmp.dat' ...
Copy 'init_param_hex_exmp.dat' ...
Run file 'createParam.tcl' ...
Create template file 'ram1_tmpl.v' ...
Create template file 'ram1_tmpl.vhdl' ...
There are 2 source files to synthesize.
Synthesis is disabled.
Done: 0 error(s), 0 warning(s)
